#
# A fatal error has been detected by the Java Runtime Environment:
#
#  SIGSEGV (0xb) at pc=0x000134ee, pid=23398, tid=2320358208
#
# JRE version: 7.0_03-b04
# Java VM: Java HotSpot(TM) Server VM (22.1-b02 mixed mode linux-x86 )
# Problematic frame:
# C  0x000134ee
#
# Failed to write core dump. Core dumps have been disabled. To enable core dumping, try "ulimit -c unlimited" before starting Java again
#
# If you would like to submit a bug report, please visit:
#   http://bugreport.sun.com/bugreport/crash.jsp
# The crash happened outside the Java Virtual Machine in native code.
# See problematic frame for where to report the bug.
#

---------------  T H R E A D  ---------------

Current thread (0x8f951800):  JavaThread "LWJGL Application" [_thread_in_native, id=23420, stack(0x8a48d000,0x8a4de000)]

siginfo:si_signo=SIGSEGV: si_errno=0, si_code=1 (SEGV_MAPERR), si_addr=0x000134ee

Registers:
EAX=0xa9b3732c, EBX=0x8fefeff4, ECX=0x00000040, EDX=0x0a1c65d8
ESP=0x8a4dcd6c, EBP=0x8a4dcda8, ESI=0x8f951920, EDI=0xa9b3732c
EIP=0x000134ee, EFLAGS=0x00010212, CR2=0x000134ee

Top of Stack: (sp=0x8a4dcd6c)
0x8a4dcd6c:   8fed815f 0a1c65d8 a9b3732c 00000040
0x8a4dcd7c:   89535f20 00000003 00000003 a9453720
0x8a4dcd8c:   0a1c65d8 ffffffff 8a4dcddc 8f951800
0x8a4dcd9c:   00000000 8a4dcdd0 8f951800 8a4dcde8
0x8a4dcdac:   b376a6da 8f951920 8a4dcdd0 8a4dcdc8
0x8a4dcdbc:   8a4dcdcc 00000010 00000000 a9b37320
0x8a4dcdcc:   a9b35cc0 a9b36490 eda123ff 3ca3d70a
0x8a4dcddc:   a9b34ff0 a9441960 8f951800 a9b370f0 

Instructions: (pc=0x000134ee)
0x000134ce:   
[error occurred during error reporting (printing registers, top of stack, instructions near pc), id 0xb]

Register to memory mapping:

EAX=0xa9b3732c is an unknown value
EBX=
[error occurred during error reporting (printing register info), id 0xb]

Stack: [0x8a48d000,0x8a4de000],  sp=0x8a4dcd6c,  free space=319k
Native frames: (J=compiled Java code, j=interpreted, Vv=VM code, C=native code)
C  0x000134ee
J  com.badlogic.gdx.utils.BufferUtils.copyJni([FLjava/nio/Buffer;II)V

Java frames: (J=compiled Java code, j=interpreted, Vv=VM code)
J  com.badlogic.gdx.utils.BufferUtils.copyJni([FLjava/nio/Buffer;II)V
J  com.badlogic.gdx.graphics.g2d.SpriteBatch.setupMatrices()V
J  com.tooflya.bubblefun.entity.Entity.onManagedDraw(F)V
J  com.tooflya.bubblefun.entity.Entity.onManagedDraw(F)V
j  com.tooflya.bubblefun.screens.Screen.onManagedDraw(F)V+2
j  com.planetbattle.managers.ScreensManager.onManagedDraw(F)V+5
j  com.tooflya.bubblefun.Game.render()V+42
j  com.badlogic.gdx.backends.lwjgl.LwjglApplication.mainLoop()V+461
j  com.badlogic.gdx.backends.lwjgl.LwjglApplication$1.run()V+27
v  ~StubRoutines::call_stub

---------------  P R O C E S S  ---------------

Java Threads: ( => current thread )
  0x0a026000 JavaThread "process reaper" daemon [_thread_blocked, id=23422, stack(0x8a47e000,0x8a48d000)]
  0xb6705400 JavaThread "DestroyJavaVM" [_thread_blocked, id=23403, stack(0xb68f1000,0xb6942000)]
=>0x8f951800 JavaThread "LWJGL Application" [_thread_in_native, id=23420, stack(0x8a48d000,0x8a4de000)]
  0x8f913400 JavaThread "AWT-XAWT" daemon [_thread_in_native, id=23415, stack(0x8fa5d000,0x8faae000)]
  0x8ffedc00 JavaThread "Java2D Disposer" daemon [_thread_blocked, id=23414, stack(0x8faae000,0x8faff000)]
  0xb67edc00 JavaThread "Service Thread" daemon [_thread_blocked, id=23412, stack(0x9009d000,0x900ee000)]
  0xb67ec000 JavaThread "C2 CompilerThread1" daemon [_thread_blocked, id=23411, stack(0x900ee000,0x9016f000)]
  0xb67ea000 JavaThread "C2 CompilerThread0" daemon [_thread_blocked, id=23410, stack(0x9016f000,0x901f0000)]
  0xb67e8800 JavaThread "Signal Dispatcher" daemon [_thread_blocked, id=23409, stack(0x901f0000,0x90241000)]
  0xb67b0c00 JavaThread "Finalizer" daemon [_thread_blocked, id=23408, stack(0x9072e000,0x9077f000)]
  0xb67af000 JavaThread "Reference Handler" daemon [_thread_blocked, id=23407, stack(0x90913000,0x90964000)]

Other Threads:
  0xb67a9800 VMThread [stack: 0x9077f000,0x90800000] [id=23406]
  0xb67ef800 WatcherThread [stack: 0x9001c000,0x9009d000] [id=23413]

VM state:not at safepoint (normal execution)

VM Mutex/Monitor currently owned by a thread: None

Heap
 PSYoungGen      total 9152K, used 6560K [0xa92f0000, 0xa9d20000, 0xb3640000)
  eden space 7872K, 67% used [0xa92f0000,0xa981baf0,0xa9aa0000)
  from space 1280K, 98% used [0xa9aa0000,0xa9bdc680,0xa9be0000)
  to   space 1280K, 0% used [0xa9be0000,0xa9be0000,0xa9d20000)
 PSOldGen        total 20864K, used 1187K [0x94c40000, 0x960a0000, 0xa92f0000)
  object space 20864K, 5% used [0x94c40000,0x94d68dc0,0x960a0000)
 PSPermGen       total 16384K, used 4808K [0x90c40000, 0x91c40000, 0x94c40000)
  object space 16384K, 29% used [0x90c40000,0x910f20f8,0x91c40000)

Code Cache  [0xb3700000, 0xb3940000, 0xb6700000)
 total_blobs=411 nmethods=156 adapters=208 free_code_cache=48638Kb largest_free_block=49781184

Dynamic libraries:
08048000-08049000 r-xp 00000000 08:06 794087     /usr/local/java/jre1.7.0_03/bin/java
08049000-0804a000 rw-p 00000000 08:06 794087     /usr/local/java/jre1.7.0_03/bin/java
09fa6000-0a418000 rw-p 00000000 00:00 0          [heap]
87200000-87276000 rw-p 00000000 00:00 0 
87276000-87300000 ---p 00000000 00:00 0 
873d5000-87444000 rw-p 00000000 00:00 0 
874b3000-876d0000 rw-p 00000000 00:00 0 
876d0000-878d0000 rw-s 168af000 00:05 9380       /dev/nvidia0
878d0000-87b19000 rw-p 00000000 00:00 0 
87b19000-87b1b000 rw-s 00000000 08:06 4325442    /tmp/gl5OPd8S (deleted)
87b1b000-87b1d000 r-xs 00000000 08:06 4325442    /tmp/gl5OPd8S (deleted)
87b1d000-87b5d000 rw-s c3b38000 00:05 9380       /dev/nvidia0
87b5d000-87c5d000 rw-s 3469a000 00:05 9380       /dev/nvidia0
87c5d000-87d5d000 rw-s 30154000 00:05 9380       /dev/nvidia0
87d5d000-87e4f000 rw-p 00000000 00:00 0 
87e4f000-87e50000 rw-s 34235000 00:05 9380       /dev/nvidia0
87e51000-8857f000 rw-s c0000000 00:05 9380       /dev/nvidia0
8857f000-8859c000 rw-s 2f647000 00:05 9380       /dev/nvidia0
8859c000-885f3000 rw-p 00000000 00:00 0 
88607000-88688000 rw-p 00000000 00:00 0 
88688000-8a315000 r-xp 00000000 08:06 525050     /usr/lib/nvidia-current-updates/libnvidia-glcore.so.304.51
8a315000-8a37a000 rwxp 01c8d000 08:06 525050     /usr/lib/nvidia-current-updates/libnvidia-glcore.so.304.51
8a37a000-8a38d000 rwxp 00000000 00:00 0 
8a38d000-8a43a000 r-xp 00000000 08:06 525058     /usr/lib/nvidia-current-updates/libGL.so.304.51
8a43a000-8a45a000 rwxp 000ac000 08:06 525058     /usr/lib/nvidia-current-updates/libGL.so.304.51
8a45a000-8a469000 rwxp 00000000 00:00 0 
8a47e000-8a481000 ---p 00000000 00:00 0 
8a481000-8a48d000 rw-p 00000000 00:00 0          [stack:23422]
8a48d000-8a490000 ---p 00000000 00:00 0 
8a490000-8a4de000 rw-p 00000000 00:00 0          [stack:23420]
8a4de000-8a4df000 ---p 00000000 00:00 0 
8a4df000-8acdf000 rw-p 00000000 00:00 0          [stack:23419]
8acdf000-8ece0000 rw-s 00000000 00:12 648415     /run/shm/pulse-shm-904637330
8ece0000-8ed09000 rw-p 00000000 00:00 0 
8ed09000-8ed0a000 ---p 00000000 00:00 0 
8ed0a000-8f50a000 rw-p 00000000 00:00 0          [stack:23418]
8f50a000-8f51d000 r-xp 00000000 08:06 6164528    /lib/i386-linux-gnu/libresolv-2.15.so
8f51d000-8f51e000 r--p 00013000 08:06 6164528    /lib/i386-linux-gnu/libresolv-2.15.so
8f51e000-8f51f000 rw-p 00014000 08:06 6164528    /lib/i386-linux-gnu/libresolv-2.15.so
8f51f000-8f521000 rw-p 00000000 00:00 0 
8f521000-8f54a000 r-xp 00000000 08:06 270260     /usr/lib/i386-linux-gnu/libvorbis.so.0.4.5
8f54a000-8f54b000 ---p 00029000 08:06 270260     /usr/lib/i386-linux-gnu/libvorbis.so.0.4.5
8f54b000-8f54c000 r--p 00029000 08:06 270260     /usr/lib/i386-linux-gnu/libvorbis.so.0.4.5
8f54c000-8f54d000 rw-p 0002a000 08:06 270260     /usr/lib/i386-linux-gnu/libvorbis.so.0.4.5
8f54d000-8f6b3000 r-xp 00000000 08:06 270255     /usr/lib/i386-linux-gnu/libvorbisenc.so.2.0.8
8f6b3000-8f6c4000 r--p 00165000 08:06 270255     /usr/lib/i386-linux-gnu/libvorbisenc.so.2.0.8
8f6c4000-8f6c5000 rw-p 00176000 08:06 270255     /usr/lib/i386-linux-gnu/libvorbisenc.so.2.0.8
8f6c5000-8f713000 r-xp 00000000 08:06 267579     /usr/lib/i386-linux-gnu/libFLAC.so.8.2.0
8f713000-8f714000 r--p 0004e000 08:06 267579     /usr/lib/i386-linux-gnu/libFLAC.so.8.2.0
8f714000-8f715000 rw-p 0004f000 08:06 267579     /usr/lib/i386-linux-gnu/libFLAC.so.8.2.0
8f715000-8f782000 r-xp 00000000 08:06 270262     /usr/lib/i386-linux-gnu/libsndfile.so.1.0.25
8f782000-8f784000 r--p 0006c000 08:06 270262     /usr/lib/i386-linux-gnu/libsndfile.so.1.0.25
8f784000-8f785000 rw-p 0006e000 08:06 270262     /usr/lib/i386-linux-gnu/libsndfile.so.1.0.25
8f785000-8f789000 rw-p 00000000 00:00 0 
8f789000-8f791000 r-xp 00000000 08:06 6161354    /lib/i386-linux-gnu/libwrap.so.0.7.6
8f791000-8f792000 r--p 00007000 08:06 6161354    /lib/i386-linux-gnu/libwrap.so.0.7.6
8f792000-8f793000 rw-p 00008000 08:06 6161354    /lib/i386-linux-gnu/libwrap.so.0.7.6
8f793000-8f7db000 r-xp 00000000 08:06 6161464    /lib/i386-linux-gnu/libdbus-1.so.3.7.2
8f7db000-8f7dc000 r--p 00047000 08:06 6161464    /lib/i386-linux-gnu/libdbus-1.so.3.7.2
8f7dc000-8f7dd000 rw-p 00048000 08:06 6161464    /lib/i386-linux-gnu/libdbus-1.so.3.7.2
8f7dd000-8f83f000 r-xp 00000000 08:06 659995     /usr/lib/i386-linux-gnu/pulseaudio/libpulsecommon-2.1.so
8f83f000-8f840000 r--p 00061000 08:06 659995     /usr/lib/i386-linux-gnu/pulseaudio/libpulsecommon-2.1.so
8f840000-8f841000 rw-p 00062000 08:06 659995     /usr/lib/i386-linux-gnu/pulseaudio/libpulsecommon-2.1.so
8f841000-8f849000 r-xp 00000000 08:06 264916     /usr/lib/i386-linux-gnu/libjson.so.0.1.0
8f849000-8f84a000 r--p 00007000 08:06 264916     /usr/lib/i386-linux-gnu/libjson.so.0.1.0
8f84a000-8f84b000 rw-p 00008000 08:06 264916     /usr/lib/i386-linux-gnu/libjson.so.0.1.0
8f84b000-8f897000 r-xp 00000000 08:06 270264     /usr/lib/i386-linux-gnu/libpulse.so.0.14.3
8f897000-8f898000 r--p 0004c000 08:06 270264     /usr/lib/i386-linux-gnu/libpulse.so.0.14.3
8f898000-8f899000 rw-p 0004d000 08:06 270264     /usr/lib/i386-linux-gnu/libpulse.so.0.14.3
8f899000-8f8de000 r-xp 00000000 08:06 4325414    /tmp/libgdxigor/3593929314/libopenal.so
8f8de000-8f8df000 r--p 00045000 08:06 4325414    /tmp/libgdxigor/3593929314/libopenal.so
8f8df000-8f8e0000 rw-p 00046000 08:06 4325414    /tmp/libgdxigor/3593929314/libopenal.so
8f8e0000-8f8e9000 r-xp 00000000 08:06 268016     /usr/lib/i386-linux-gnu/libXrandr.so.2.2.0
8f8e9000-8f8ea000 r--p 00008000 08:06 268016     /usr/lib/i386-linux-gnu/libXrandr.so.2.2.0
8f8ea000-8f8eb000 rw-p 00009000 08:06 268016     /usr/lib/i386-linux-gnu/libXrandr.so.2.2.0
8f8f8000-8f8fe000 r-xp 00000000 08:06 267413     /usr/lib/i386-linux-gnu/libogg.so.0.8.0
8f8fe000-8f8ff000 r--p 00005000 08:06 267413     /usr/lib/i386-linux-gnu/libogg.so.0.8.0
8f8ff000-8f900000 rw-p 00006000 08:06 267413     /usr/lib/i386-linux-gnu/libogg.so.0.8.0
8f900000-8f95d000 rw-p 00000000 00:00 0 
8f95d000-8fa00000 ---p 00000000 00:00 0 
8fa00000-8fa5a000 r-xp 00000000 08:06 4325415    /tmp/libgdxigor/3593929314/liblwjgl.so
8fa5a000-8fa5b000 ---p 0005a000 08:06 4325415    /tmp/libgdxigor/3593929314/liblwjgl.so
8fa5b000-8fa5c000 r--p 0005a000 08:06 4325415    /tmp/libgdxigor/3593929314/liblwjgl.so
8fa5c000-8fa5d000 rw-p 0005b000 08:06 4325415    /tmp/libgdxigor/3593929314/liblwjgl.so
8fa5d000-8fa60000 ---p 00000000 00:00 0 
8fa60000-8faae000 rw-p 00000000 00:00 0          [stack:23415]
8faae000-8fab1000 ---p 00000000 00:00 0 
8fab1000-8faff000 rw-p 00000000 00:00 0          [stack:23414]
8faff000-8fb1f000 r-xp 00000000 08:06 262995     /usr/lib/i386-linux-gnu/libxcb.so.1.1.0
8fb1f000-8fb20000 r--p 0001f000 08:06 262995     /usr/lib/i386-linux-gnu/libxcb.so.1.1.0
8fb20000-8fb21000 rw-p 00020000 08:06 262995     /usr/lib/i386-linux-gnu/libxcb.so.1.1.0
8fb21000-8fc53000 r-xp 00000000 08:06 263028     /usr/lib/i386-linux-gnu/libX11.so.6.3.0
8fc53000-8fc54000 r--p 00132000 08:06 263028     /usr/lib/i386-linux-gnu/libX11.so.6.3.0
8fc54000-8fc57000 rw-p 00133000 08:06 263028     /usr/lib/i386-linux-gnu/libX11.so.6.3.0
8fc57000-8fc67000 r-xp 00000000 08:06 267517     /usr/lib/i386-linux-gnu/libXext.so.6.4.0
8fc67000-8fc68000 r--p 0000f000 08:06 267517     /usr/lib/i386-linux-gnu/libXext.so.6.4.0
8fc68000-8fc69000 rw-p 00010000 08:06 267517     /usr/lib/i386-linux-gnu/libXext.so.6.4.0
8fc6c000-8fc71000 r-xp 00000000 08:06 265136     /usr/lib/i386-linux-gnu/libXfixes.so.3.1.0
8fc71000-8fc72000 r--p 00004000 08:06 265136     /usr/lib/i386-linux-gnu/libXfixes.so.3.1.0
8fc72000-8fc73000 rw-p 00005000 08:06 265136     /usr/lib/i386-linux-gnu/libXfixes.so.3.1.0
8fc73000-8fc7c000 r-xp 00000000 08:06 263157     /usr/lib/i386-linux-gnu/libXcursor.so.1.0.2
8fc7c000-8fc7d000 r--p 00008000 08:06 263157     /usr/lib/i386-linux-gnu/libXcursor.so.1.0.2
8fc7d000-8fc7e000 rw-p 00009000 08:06 263157     /usr/lib/i386-linux-gnu/libXcursor.so.1.0.2
8fc7e000-8fcc7000 r-xp 00000000 08:06 2495609    /usr/local/java/jre1.7.0_03/lib/i386/xawt/libmawt.so
8fcc7000-8fcc9000 rw-p 00048000 08:06 2495609    /usr/local/java/jre1.7.0_03/lib/i386/xawt/libmawt.so
8fcc9000-8fcca000 rw-p 00000000 00:00 0 
8fcca000-8fd50000 r-xp 00000000 08:06 2495583    /usr/local/java/jre1.7.0_03/lib/i386/libawt.so
8fd50000-8fd57000 rw-p 00086000 08:06 2495583    /usr/local/java/jre1.7.0_03/lib/i386/libawt.so
8fd57000-8fd7b000 rw-p 00000000 00:00 0 
8fd7b000-8fd97000 r-xp 00000000 08:06 6161353    /lib/i386-linux-gnu/libgcc_s.so.1
8fd97000-8fd98000 r--p 0001b000 08:06 6161353    /lib/i386-linux-gnu/libgcc_s.so.1
8fd98000-8fd99000 rw-p 0001c000 08:06 6161353    /lib/i386-linux-gnu/libgcc_s.so.1
8fd99000-8fe75000 r-xp 00000000 08:06 263288     /usr/lib/i386-linux-gnu/libstdc++.so.6.0.17
8fe75000-8fe76000 ---p 000dc000 08:06 263288     /usr/lib/i386-linux-gnu/libstdc++.so.6.0.17
8fe76000-8fe7a000 r--p 000dc000 08:06 263288     /usr/lib/i386-linux-gnu/libstdc++.so.6.0.17
8fe7a000-8fe7b000 rw-p 000e0000 08:06 263288     /usr/lib/i386-linux-gnu/libstdc++.so.6.0.17
8fe7b000-8fe82000 rw-p 00000000 00:00 0 
8fe8c000-8fe90000 rw-s 17e2c000 00:05 9380       /dev/nvidia0
8fe90000-8fe97000 r--s 00000000 08:06 270934     /usr/lib/i386-linux-gnu/gconv/gconv-modules.cache
8fe97000-8fefe000 r-xp 00000000 08:06 4325413    /tmp/libgdxigor/3593929314/libgdx.so
8fefe000-8feff000 r--p 00066000 08:06 4325413    /tmp/libgdxigor/3593929314/libgdx.so
8feff000-8ff00000 rw-p 00067000 08:06 4325413    /tmp/libgdxigor/3593929314/libgdx.so
8ff00000-90000000 rw-p 00000000 00:00 0 
90001000-90004000 r-xp 00000000 08:06 525046     /usr/lib/nvidia-current-updates/tls/libnvidia-tls.so.304.51
90004000-90005000 rw-p 00002000 08:06 525046     /usr/lib/nvidia-current-updates/tls/libnvidia-tls.so.304.51
90005000-9000a000 r-xp 00000000 08:06 265062     /usr/lib/i386-linux-gnu/libasyncns.so.0.3.1
9000a000-9000b000 r--p 00004000 08:06 265062     /usr/lib/i386-linux-gnu/libasyncns.so.0.3.1
9000b000-9000c000 rw-p 00005000 08:06 265062     /usr/lib/i386-linux-gnu/libasyncns.so.0.3.1
9000c000-9001a000 r-xp 00000000 08:06 267627     /usr/lib/i386-linux-gnu/libXi.so.6.1.0
9001a000-9001b000 r--p 0000d000 08:06 267627     /usr/lib/i386-linux-gnu/libXi.so.6.1.0
9001b000-9001c000 rw-p 0000e000 08:06 267627     /usr/lib/i386-linux-gnu/libXi.so.6.1.0
9001c000-9001d000 ---p 00000000 00:00 0 
9001d000-9009d000 rw-p 00000000 00:00 0          [stack:23413]
9009d000-900a0000 ---p 00000000 00:00 0 
900a0000-900ee000 rw-p 00000000 00:00 0          [stack:23412]
900ee000-900f1000 ---p 00000000 00:00 0 
900f1000-9016f000 rw-p 00000000 00:00 0          [stack:23411]
9016f000-90172000 ---p 00000000 00:00 0 
90172000-901f0000 rw-p 00000000 00:00 0          [stack:23410]
901f0000-901f3000 ---p 00000000 00:00 0 
901f3000-90241000 rw-p 00000000 00:00 0          [stack:23409]
90241000-90441000 r--p 00000000 08:06 262271     /usr/lib/locale/locale-archive
90441000-90600000 r--s 031da000 08:06 922413     /usr/local/java/jre1.7.0_03/lib/rt.jar
90600000-90700000 rw-p 00000000 00:00 0 
90700000-90701000 rw-s c3efc000 00:05 9380       /dev/nvidia0
90701000-90706000 r-xp 00000000 08:06 262972     /usr/lib/i386-linux-gnu/libXdmcp.so.6.0.0
90706000-90707000 r--p 00004000 08:06 262972     /usr/lib/i386-linux-gnu/libXdmcp.so.6.0.0
90707000-90708000 rw-p 00005000 08:06 262972     /usr/lib/i386-linux-gnu/libXdmcp.so.6.0.0
90708000-9070a000 r-xp 00000000 08:06 262257     /usr/lib/i386-linux-gnu/libXau.so.6.0.0
9070a000-9070b000 r--p 00001000 08:06 262257     /usr/lib/i386-linux-gnu/libXau.so.6.0.0
9070b000-9070c000 rw-p 00002000 08:06 262257     /usr/lib/i386-linux-gnu/libXau.so.6.0.0
9070c000-90711000 r-xp 00000000 08:06 263795     /usr/lib/i386-linux-gnu/libXtst.so.6.1.0
90711000-90712000 r--p 00004000 08:06 263795     /usr/lib/i386-linux-gnu/libXtst.so.6.1.0
90712000-90713000 rw-p 00005000 08:06 263795     /usr/lib/i386-linux-gnu/libXtst.so.6.1.0
90713000-9072e000 r--s 00218000 08:06 6425508    /home/igor/git/bubble-fun/libs/gdx-backend-jogl.jar
9072e000-90731000 ---p 00000000 00:00 0 
90731000-9077f000 rw-p 00000000 00:00 0          [stack:23408]
9077f000-90780000 ---p 00000000 00:00 0 
90780000-90800000 rw-p 00000000 00:00 0          [stack:23406]
90800000-90821000 rw-p 00000000 00:00 0 
90821000-90900000 ---p 00000000 00:00 0 
90900000-90913000 r--s 00137000 08:06 6425510    /home/igor/git/bubble-fun/libs/gdx-backend-lwjgl.jar
90913000-90916000 ---p 00000000 00:00 0 
90916000-90964000 rw-p 00000000 00:00 0          [stack:23407]
90964000-90965000 ---p 00000000 00:00 0 
90965000-909e5000 rw-p 00000000 00:00 0          [stack:23405]
909e5000-909e6000 ---p 00000000 00:00 0 
909e6000-90a6e000 rw-p 00000000 00:00 0          [stack:23404]
90a6e000-90a86000 rw-p 00000000 00:00 0 
90a86000-90a91000 rw-p 00000000 00:00 0 
90a91000-90b2a000 rw-p 00000000 00:00 0 
90b2a000-90b32000 rw-p 00000000 00:00 0 
90b32000-90b4a000 rw-p 00000000 00:00 0 
90b4a000-90b55000 rw-p 00000000 00:00 0 
90b55000-90bed000 rw-p 00000000 00:00 0 
90bed000-90bf3000 rw-p 00000000 00:00 0 
90bf3000-90c3f000 rw-p 00000000 00:00 0 
90c3f000-91c40000 rw-p 00000000 00:00 0 
91c40000-94c40000 rw-p 00000000 00:00 0 
94c40000-960a0000 rw-p 00000000 00:00 0 
960a0000-a92f0000 rw-p 00000000 00:00 0 
a92f0000-a9d20000 rw-p 00000000 00:00 0 
a9d20000-b3640000 rw-p 00000000 00:00 0 
b3640000-b3649000 rw-p 00000000 00:00 0 
b3649000-b3700000 rw-p 00000000 00:00 0 
b3700000-b3940000 rwxp 00000000 00:00 0 
b3940000-b6800000 rw-p 00000000 00:00 0 
b6800000-b6801000 rw-s 31cd4000 00:05 9380       /dev/nvidia0
b6801000-b6802000 rw-s 343a8000 00:05 9380       /dev/nvidia0
b6802000-b6810000 r--s 000d8000 08:06 6425512    /home/igor/git/bubble-fun/libs/gdx.jar
b6810000-b685b000 rw-p 00000000 00:00 0 
b685b000-b6872000 r-xp 00000000 08:06 2495606    /usr/local/java/jre1.7.0_03/lib/i386/libzip.so
b6872000-b6873000 rw-p 00017000 08:06 2495606    /usr/local/java/jre1.7.0_03/lib/i386/libzip.so
b6873000-b687e000 r-xp 00000000 08:06 6164527    /lib/i386-linux-gnu/libnss_files-2.15.so
b687e000-b687f000 r--p 0000a000 08:06 6164527    /lib/i386-linux-gnu/libnss_files-2.15.so
b687f000-b6880000 rw-p 0000b000 08:06 6164527    /lib/i386-linux-gnu/libnss_files-2.15.so
b6880000-b688a000 r-xp 00000000 08:06 6165962    /lib/i386-linux-gnu/libnss_nis-2.15.so
b688a000-b688b000 r--p 00009000 08:06 6165962    /lib/i386-linux-gnu/libnss_nis-2.15.so
b688b000-b688c000 rw-p 0000a000 08:06 6165962    /lib/i386-linux-gnu/libnss_nis-2.15.so
b688c000-b68a2000 r-xp 00000000 08:06 6168522    /lib/i386-linux-gnu/libnsl-2.15.so
b68a2000-b68a3000 r--p 00015000 08:06 6168522    /lib/i386-linux-gnu/libnsl-2.15.so
b68a3000-b68a4000 rw-p 00016000 08:06 6168522    /lib/i386-linux-gnu/libnsl-2.15.so
b68a4000-b68a6000 rw-p 00000000 00:00 0 
b68a6000-b68ad000 r-xp 00000000 08:06 6164372    /lib/i386-linux-gnu/libnss_compat-2.15.so
b68ad000-b68ae000 r--p 00006000 08:06 6164372    /lib/i386-linux-gnu/libnss_compat-2.15.so
b68ae000-b68af000 rw-p 00007000 08:06 6164372    /lib/i386-linux-gnu/libnss_compat-2.15.so
b68b0000-b68b1000 r-xp 00000000 08:06 2495598    /usr/local/java/jre1.7.0_03/lib/i386/libjawt.so
b68b1000-b68b2000 rw-p 00000000 08:06 2495598    /usr/local/java/jre1.7.0_03/lib/i386/libjawt.so
b68b2000-b68ba000 r-xp 00000000 08:06 262692     /usr/lib/i386-linux-gnu/libXrender.so.1.3.0
b68ba000-b68bb000 r--p 00007000 08:06 262692     /usr/lib/i386-linux-gnu/libXrender.so.1.3.0
b68bb000-b68bc000 rw-p 00008000 08:06 262692     /usr/lib/i386-linux-gnu/libXrender.so.1.3.0
b68bc000-b68c4000 rw-s 00000000 08:06 4325406    /tmp/hsperfdata_igor/23398
b68c4000-b68e7000 r-xp 00000000 08:06 2495597    /usr/local/java/jre1.7.0_03/lib/i386/libjava.so
b68e7000-b68e8000 rw-p 00023000 08:06 2495597    /usr/local/java/jre1.7.0_03/lib/i386/libjava.so
b68e8000-b68ef000 r-xp 00000000 08:06 6164536    /lib/i386-linux-gnu/librt-2.15.so
b68ef000-b68f0000 r--p 00006000 08:06 6164536    /lib/i386-linux-gnu/librt-2.15.so
b68f0000-b68f1000 rw-p 00007000 08:06 6164536    /lib/i386-linux-gnu/librt-2.15.so
b68f1000-b68f4000 ---p 00000000 00:00 0 
b68f4000-b6942000 rw-p 00000000 00:00 0          [stack:23403]
b6942000-b696c000 r-xp 00000000 08:06 6165970    /lib/i386-linux-gnu/libm-2.15.so
b696c000-b696d000 r--p 00029000 08:06 6165970    /lib/i386-linux-gnu/libm-2.15.so
b696d000-b696e000 rw-p 0002a000 08:06 6165970    /lib/i386-linux-gnu/libm-2.15.so
b696e000-b70dc000 r-xp 00000000 08:06 2495574    /usr/local/java/jre1.7.0_03/lib/i386/server/libjvm.so
b70dc000-b712b000 rw-p 0076d000 08:06 2495574    /usr/local/java/jre1.7.0_03/lib/i386/server/libjvm.so
b712b000-b754b000 rw-p 00000000 00:00 0 
b754b000-b76ee000 r-xp 00000000 08:06 6160498    /lib/i386-linux-gnu/libc-2.15.so
b76ee000-b76ef000 ---p 001a3000 08:06 6160498    /lib/i386-linux-gnu/libc-2.15.so
b76ef000-b76f1000 r--p 001a3000 08:06 6160498    /lib/i386-linux-gnu/libc-2.15.so
b76f1000-b76f2000 rw-p 001a5000 08:06 6160498    /lib/i386-linux-gnu/libc-2.15.so
b76f2000-b76f5000 rw-p 00000000 00:00 0 
b76f5000-b76f8000 r-xp 00000000 08:06 6168517    /lib/i386-linux-gnu/libdl-2.15.so
b76f8000-b76f9000 r--p 00002000 08:06 6168517    /lib/i386-linux-gnu/libdl-2.15.so
b76f9000-b76fa000 rw-p 00003000 08:06 6168517    /lib/i386-linux-gnu/libdl-2.15.so
b76fa000-b770d000 r-xp 00000000 08:06 2495588    /usr/local/java/jre1.7.0_03/lib/i386/jli/libjli.so
b770d000-b770e000 rw-p 00012000 08:06 2495588    /usr/local/java/jre1.7.0_03/lib/i386/jli/libjli.so
b770e000-b770f000 rw-p 00000000 00:00 0 
b770f000-b7726000 r-xp 00000000 08:06 6165964    /lib/i386-linux-gnu/libpthread-2.15.so
b7726000-b7727000 r--p 00016000 08:06 6165964    /lib/i386-linux-gnu/libpthread-2.15.so
b7727000-b7728000 rw-p 00017000 08:06 6165964    /lib/i386-linux-gnu/libpthread-2.15.so
b7728000-b772a000 rw-p 00000000 00:00 0 
b772a000-b772b000 rw-s dec03000 00:05 9380       /dev/nvidia0
b772b000-b772c000 r--s 00127000 08:06 6425511    /home/igor/git/bubble-fun/libs/gdx-natives.jar
b772c000-b772d000 r--s 0014e000 08:06 6425509    /home/igor/git/bubble-fun/libs/gdx-backend-lwjgl-natives.jar
b772d000-b772f000 r--s 0022a000 08:06 6425507    /home/igor/git/bubble-fun/libs/gdx-backend-jogl-natives.jar
b772f000-b7730000 r--p 002c5000 08:06 262271     /usr/lib/locale/locale-archive
b7730000-b7731000 rw-p 00000000 00:00 0 
b7731000-b7732000 r--p 00000000 00:00 0 
b7732000-b773e000 r-xp 00000000 08:06 2495589    /usr/local/java/jre1.7.0_03/lib/i386/libverify.so
b773e000-b773f000 rw-p 0000c000 08:06 2495589    /usr/local/java/jre1.7.0_03/lib/i386/libverify.so
b773f000-b7741000 rw-p 00000000 00:00 0 
b7741000-b7742000 r-xp 00000000 00:00 0          [vdso]
b7742000-b7762000 r-xp 00000000 08:06 6165971    /lib/i386-linux-gnu/ld-2.15.so
b7762000-b7763000 r--p 0001f000 08:06 6165971    /lib/i386-linux-gnu/ld-2.15.so
b7763000-b7764000 rw-p 00020000 08:06 6165971    /lib/i386-linux-gnu/ld-2.15.so
bf850000-bf871000 rw-p 00000000 00:00 0          [stack]

VM Arguments:
jvm_args: -Dfile.encoding=UTF-8 
java_command: com.tooflya.bubblefun.game.Application
Launcher Type: SUN_STANDARD

Environment Variables:
JAVA_HOME=/usr/local/java/jre1.7.0_03
PATH=/usr/lib/lightdm/lightdm:/usr/local/sbin:/usr/local/bin:/usr/sbin:/usr/bin:/sbin:/bin:/usr/games:/usr/local/games:/home/igor/bin:/usr/local/java/jdk1.7.0_03/bin:/home/igor/bin:/usr/local/java/jre1.7.0_03/bin
LD_LIBRARY_PATH=/usr/local/java/jre1.7.0_03/lib/i386/server:/usr/local/java/jre1.7.0_03/lib/i386:/usr/local/java/jre1.7.0_03/../lib/i386:/usr/local/java/jre1.7.0_03/lib/i386/client:/usr/local/java/jre1.7.0_03/lib/i386:
SHELL=/bin/bash
DISPLAY=:0.0

Signal Handlers:
SIGSEGV: [libjvm.so+0x6e2860], sa_mask[0]=0x7ffbfeff, sa_flags=0x10000004
SIGBUS: [libjvm.so+0x6e2860], sa_mask[0]=0x7ffbfeff, sa_flags=0x10000004
SIGFPE: [libjvm.so+0x5a3810], sa_mask[0]=0x7ffbfeff, sa_flags=0x10000004
SIGPIPE: [libjvm.so+0x5a3810], sa_mask[0]=0x7ffbfeff, sa_flags=0x10000004
SIGXFSZ: [libjvm.so+0x5a3810], sa_mask[0]=0x7ffbfeff, sa_flags=0x10000004
SIGILL: [libjvm.so+0x5a3810], sa_mask[0]=0x7ffbfeff, sa_flags=0x10000004
SIGUSR1: SIG_DFL, sa_mask[0]=0x00000000, sa_flags=0x00000000
SIGUSR2: [libjvm.so+0x5a3110], sa_mask[0]=0x00000004, sa_flags=0x10000004
SIGHUP: [libjvm.so+0x5a56e0], sa_mask[0]=0x7ffbfeff, sa_flags=0x10000004
SIGINT: [libjvm.so+0x5a56e0], sa_mask[0]=0x7ffbfeff, sa_flags=0x10000004
SIGTERM: [libjvm.so+0x5a56e0], sa_mask[0]=0x7ffbfeff, sa_flags=0x10000004
SIGQUIT: [libjvm.so+0x5a56e0], sa_mask[0]=0x7ffbfeff, sa_flags=0x10000004


---------------  S Y S T E M  ---------------

OS:wheezy/sid

uname:Linux 3.5.0-17-generic #28-Ubuntu SMP Tue Oct 9 19:32:08 UTC 2012 i686
libc:glibc 2.15 NPTL 2.15 
rlimit: STACK 8192k, CORE 0k, NPROC 15505, NOFILE 4096, AS infinity
load average:0.60 0.42 0.42

/proc/meminfo:
MemTotal:        2000188 kB
MemFree:          130244 kB
Buffers:           92140 kB
Cached:           683792 kB
SwapCached:        10896 kB
Active:           829620 kB
Inactive:         885936 kB
Active(anon):     464500 kB
Inactive(anon):   486756 kB
Active(file):     365120 kB
Inactive(file):   399180 kB
Unevictable:       31240 kB
Mlocked:           31240 kB
HighTotal:       1117896 kB
HighFree:          14172 kB
LowTotal:         882292 kB
LowFree:          116072 kB
SwapTotal:       2029564 kB
SwapFree:        1982360 kB
Dirty:               720 kB
Writeback:             0 kB
AnonPages:        961276 kB
Mapped:           131964 kB
Shmem:              5828 kB
Slab:              58020 kB
SReclaimable:      38968 kB
SUnreclaim:        19052 kB
KernelStack:        3648 kB
PageTables:        10744 kB
NFS_Unstable:          0 kB
Bounce:                0 kB
WritebackTmp:          0 kB
CommitLimit:     3029656 kB
Committed_AS:    3340024 kB
VmallocTotal:     122880 kB
VmallocUsed:       52884 kB
VmallocChunk:      65012 kB
HardwareCorrupted:     0 kB
AnonHugePages:         0 kB
HugePages_Total:       0
HugePages_Free:        0
HugePages_Rsvd:        0
HugePages_Surp:        0
Hugepagesize:       2048 kB
DirectMap4k:      155640 kB
DirectMap2M:      757760 kB


CPU:total 2 (2 cores per cpu, 1 threads per core) family 15 model 107 stepping 2, cmov, cx8, fxsr, mmx, sse, sse2, sse3, mmxext, 3dnowpref

/proc/cpuinfo:
processor	: 0
vendor_id	: AuthenticAMD
cpu family	: 15
model		: 107
model name	: AMD Athlon(tm) 64 X2 Dual Core Processor 4400+
stepping	: 2
cpu MHz		: 2200.254
cache size	: 512 KB
physical id	: 0
siblings	: 2
core id		: 0
cpu cores	: 2
apicid		: 0
initial apicid	: 0
fdiv_bug	: no
hlt_bug		: no
f00f_bug	: no
coma_bug	: no
fpu		: yes
fpu_exception	: yes
cpuid level	: 1
wp		: yes
flags		: fpu vme de pse tsc msr pae mce cx8 apic sep mtrr pge mca cmov pat pse36 clflush mmx fxsr sse sse2 ht syscall nx mmxext fxsr_opt rdtscp lm 3dnowext 3dnow extd_apicid pni cx16 lahf_lm cmp_legacy svm extapic cr8_legacy 3dnowprefetch lbrv
bogomips	: 4400.50
clflush size	: 64
cache_alignment	: 64
address sizes	: 40 bits physical, 48 bits virtual
power management: ts fid vid ttp tm stc 100mhzsteps

processor	: 1
vendor_id	: AuthenticAMD
cpu family	: 15
model		: 107
model name	: AMD Athlon(tm) 64 X2 Dual Core Processor 4400+
stepping	: 2
cpu MHz		: 2200.254
cache size	: 512 KB
physical id	: 0
siblings	: 2
core id		: 1
cpu cores	: 2
apicid		: 1
initial apicid	: 1
fdiv_bug	: no
hlt_bug		: no
f00f_bug	: no
coma_bug	: no
fpu		: yes
fpu_exception	: yes
cpuid level	: 1
wp		: yes
flags		: fpu vme de pse tsc msr pae mce cx8 apic sep mtrr pge mca cmov pat pse36 clflush mmx fxsr sse sse2 ht syscall nx mmxext fxsr_opt rdtscp lm 3dnowext 3dnow extd_apicid pni cx16 lahf_lm cmp_legacy svm extapic cr8_legacy 3dnowprefetch lbrv
bogomips	: 4400.42
clflush size	: 64
cache_alignment	: 64
address sizes	: 40 bits physical, 48 bits virtual
power management: ts fid vid ttp tm stc 100mhzsteps



Memory: 4k page, physical 2000188k(130244k free), swap 2029564k(1982360k free)

vm_info: Java HotSpot(TM) Server VM (22.1-b02) for linux-x86 JRE (1.7.0_03-b04), built on Jan 20 2012 10:08:12 by "java_re" with gcc 4.3.0 20080428 (Red Hat 4.3.0-8)

time: Fri Nov 16 05:31:55 2012
elapsed time: 32 seconds

