#
# A fatal error has been detected by the Java Runtime Environment:
#
#  SIGSEGV (0xb) at pc=0x000134ee, pid=14553, tid=2320325440
#
# JRE version: 7.0_03-b04
# Java VM: Java HotSpot(TM) Server VM (22.1-b02 mixed mode linux-x86 )
# Problematic frame:
# C  0x000134ee
#
# Failed to write core dump. Core dumps have been disabled. To enable core dumping, try "ulimit -c unlimited" before starting Java again
#
# If you would like to submit a bug report, please visit:
#   http://bugreport.sun.com/bugreport/crash.jsp
# The crash happened outside the Java Virtual Machine in native code.
# See problematic frame for where to report the bug.
#

---------------  T H R E A D  ---------------

Current thread (0x8f959800):  JavaThread "LWJGL Application" [_thread_in_native, id=14576, stack(0x8a485000,0x8a4d6000)]

siginfo:si_signo=SIGSEGV: si_errno=0, si_code=1 (SEGV_MAPERR), si_addr=0x000134ee

Registers:
EAX=0xa937550c, EBX=0x8fefeff4, ECX=0x00000040, EDX=0x0865cd88
ESP=0x8a4d4bbc, EBP=0x8a4d4bf8, ESI=0x8f959920, EDI=0xa937550c
EIP=0x000134ee, EFLAGS=0x00010212, CR2=0x000134ee

Top of Stack: (sp=0x8a4d4bbc)
0x8a4d4bbc:   8fed815f 0865cd88 a937550c 00000040
0x8a4d4bcc:   8952d05b 08441d88 00000009 87e0d134
0x8a4d4bdc:   0865cd88 87def000 87e288b0 a94652e8
0x8a4d4bec:   910a84e8 8a4d4c20 8f959800 8a4d4c38
0x8a4d4bfc:   b376db1a 8f959920 8a4d4c20 8a4d4c18
0x8a4d4c0c:   8a4d4c1c 00000010 00000000 a9375500
0x8a4d4c1c:   a93897d8 a9b35d48 00000000 8a4d4c64
0x8a4d4c2c:   b3703a18 8f959920 b370344f a93897d8 

Instructions: (pc=0x000134ee)
0x000134ce:   
[error occurred during error reporting (printing registers, top of stack, instructions near pc), id 0xb]

Register to memory mapping:

EAX=0xa937550c is an unknown value
EBX=
[error occurred during error reporting (printing register info), id 0xb]

Stack: [0x8a485000,0x8a4d6000],  sp=0x8a4d4bbc,  free space=318k
Native frames: (J=compiled Java code, j=interpreted, Vv=VM code, C=native code)
C  0x000134ee
J  com.badlogic.gdx.utils.BufferUtils.copyJni([FLjava/nio/Buffer;II)V

Java frames: (J=compiled Java code, j=interpreted, Vv=VM code)
J  com.badlogic.gdx.utils.BufferUtils.copyJni([FLjava/nio/Buffer;II)V
J  com.badlogic.gdx.utils.BufferUtils.copy([FLjava/nio/Buffer;II)V
j  com.badlogic.gdx.graphics.glutils.ShaderProgram.setUniformMatrix(Ljava/lang/String;Lcom/badlogic/gdx/math/Matrix4;Z)V+43
j  com.badlogic.gdx.graphics.glutils.ShaderProgram.setUniformMatrix(Ljava/lang/String;Lcom/badlogic/gdx/math/Matrix4;)V+4
j  com.badlogic.gdx.graphics.g2d.SpriteBatch.setupMatrices()V+152
j  com.badlogic.gdx.graphics.g2d.SpriteBatch.begin()V+81
j  com.tooflya.bubblefun.screens.Screen.onManagedDraw()V+1
j  com.planetbattle.managers.ScreensManager.draw()V+9
j  com.tooflya.bubblefun.Game.render()V+42
j  com.badlogic.gdx.backends.lwjgl.LwjglApplication.mainLoop()V+461
j  com.badlogic.gdx.backends.lwjgl.LwjglApplication$1.run()V+27
v  ~StubRoutines::call_stub

---------------  P R O C E S S  ---------------

Java Threads: ( => current thread )
  0x08339000 JavaThread "process reaper" daemon [_thread_blocked, id=14578, stack(0x8a476000,0x8a485000)]
  0xb6705400 JavaThread "DestroyJavaVM" [_thread_blocked, id=14555, stack(0xb68eb000,0xb693c000)]
=>0x8f959800 JavaThread "LWJGL Application" [_thread_in_native, id=14576, stack(0x8a485000,0x8a4d6000)]
  0x8f91b400 JavaThread "AWT-XAWT" daemon [_thread_in_native, id=14571, stack(0x8fa5d000,0x8faae000)]
  0x8fff5c00 JavaThread "Java2D Disposer" daemon [_thread_blocked, id=14570, stack(0x8faae000,0x8faff000)]
  0xb67edc00 JavaThread "Service Thread" daemon [_thread_blocked, id=14568, stack(0x9009d000,0x900ee000)]
  0xb67ec000 JavaThread "C2 CompilerThread1" daemon [_thread_blocked, id=14567, stack(0x900ee000,0x9016f000)]
  0xb67ea000 JavaThread "C2 CompilerThread0" daemon [_thread_blocked, id=14566, stack(0x9016f000,0x901f0000)]
  0xb67e8800 JavaThread "Signal Dispatcher" daemon [_thread_blocked, id=14565, stack(0x901f0000,0x90241000)]
  0xb67b0c00 JavaThread "Finalizer" daemon [_thread_blocked, id=14564, stack(0x9072e000,0x9077f000)]
  0xb67af000 JavaThread "Reference Handler" daemon [_thread_blocked, id=14563, stack(0x90913000,0x90964000)]

Other Threads:
  0xb67a9800 VMThread [stack: 0x9077f000,0x90800000] [id=14562]
  0xb67f7c00 WatcherThread [stack: 0x9001c000,0x9009d000] [id=14569]

VM state:not at safepoint (normal execution)

VM Mutex/Monitor currently owned by a thread: None

Heap
 PSYoungGen      total 9152K, used 4627K [0xa92f0000, 0xa9d20000, 0xb3640000)
  eden space 7872K, 42% used [0xa92f0000,0xa9637aa8,0xa9aa0000)
  from space 1280K, 99% used [0xa9aa0000,0xa9bdd4d8,0xa9be0000)
  to   space 1280K, 0% used [0xa9be0000,0xa9be0000,0xa9d20000)
 PSOldGen        total 20864K, used 1092K [0x94c40000, 0x960a0000, 0xa92f0000)
  object space 20864K, 5% used [0x94c40000,0x94d51140,0x960a0000)
 PSPermGen       total 16384K, used 4779K [0x90c40000, 0x91c40000, 0x94c40000)
  object space 16384K, 29% used [0x90c40000,0x910ead70,0x91c40000)

Code Cache  [0xb3700000, 0xb3940000, 0xb6700000)
 total_blobs=361 nmethods=107 adapters=208 free_code_cache=48692Kb largest_free_block=49831872

Dynamic libraries:
08048000-08049000 r-xp 00000000 08:06 794087     /usr/local/java/jre1.7.0_03/bin/java
08049000-0804a000 rw-p 00000000 08:06 794087     /usr/local/java/jre1.7.0_03/bin/java
082c1000-08774000 rw-p 00000000 00:00 0          [heap]
876ab000-87b11000 rw-p 00000000 00:00 0 
87b11000-87b13000 rw-s 00000000 08:06 4325442    /tmp/glzV7xKX (deleted)
87b13000-87b15000 r-xs 00000000 08:06 4325442    /tmp/glzV7xKX (deleted)
87b15000-87b55000 rw-s c3b38000 00:05 9380       /dev/nvidia0
87b55000-87c55000 rw-s 28fae000 00:05 9380       /dev/nvidia0
87c55000-87d55000 rw-s 1a711000 00:05 9380       /dev/nvidia0
87d55000-87e47000 rw-p 00000000 00:00 0 
87e47000-87e48000 rw-s 1a679000 00:05 9380       /dev/nvidia0
87e49000-88577000 rw-s c0000000 00:05 9380       /dev/nvidia0
88577000-88594000 rw-s 2f647000 00:05 9380       /dev/nvidia0
88594000-885eb000 rw-p 00000000 00:00 0 
885ff000-88680000 rw-p 00000000 00:00 0 
88680000-8a30d000 r-xp 00000000 08:06 525050     /usr/lib/nvidia-current-updates/libnvidia-glcore.so.304.51
8a30d000-8a372000 rwxp 01c8d000 08:06 525050     /usr/lib/nvidia-current-updates/libnvidia-glcore.so.304.51
8a372000-8a385000 rwxp 00000000 00:00 0 
8a385000-8a432000 r-xp 00000000 08:06 525058     /usr/lib/nvidia-current-updates/libGL.so.304.51
8a432000-8a452000 rwxp 000ac000 08:06 525058     /usr/lib/nvidia-current-updates/libGL.so.304.51
8a452000-8a461000 rwxp 00000000 00:00 0 
8a476000-8a479000 ---p 00000000 00:00 0 
8a479000-8a485000 rw-p 00000000 00:00 0          [stack:14578]
8a485000-8a488000 ---p 00000000 00:00 0 
8a488000-8a4d6000 rw-p 00000000 00:00 0          [stack:14576]
8a4d6000-8a4d7000 ---p 00000000 00:00 0 
8a4d7000-8acd7000 rw-p 00000000 00:00 0          [stack:14575]
8acd7000-8ecd8000 rw-s 00000000 00:12 388657     /run/shm/pulse-shm-776756850
8ecd8000-8ed01000 rw-p 00000000 00:00 0 
8ed01000-8ed02000 ---p 00000000 00:00 0 
8ed02000-8f502000 rw-p 00000000 00:00 0          [stack:14574]
8f502000-8f515000 r-xp 00000000 08:06 6164528    /lib/i386-linux-gnu/libresolv-2.15.so
8f515000-8f516000 r--p 00013000 08:06 6164528    /lib/i386-linux-gnu/libresolv-2.15.so
8f516000-8f517000 rw-p 00014000 08:06 6164528    /lib/i386-linux-gnu/libresolv-2.15.so
8f517000-8f519000 rw-p 00000000 00:00 0 
8f519000-8f51f000 r-xp 00000000 08:06 267413     /usr/lib/i386-linux-gnu/libogg.so.0.8.0
8f51f000-8f520000 r--p 00005000 08:06 267413     /usr/lib/i386-linux-gnu/libogg.so.0.8.0
8f520000-8f521000 rw-p 00006000 08:06 267413     /usr/lib/i386-linux-gnu/libogg.so.0.8.0
8f521000-8f54a000 r-xp 00000000 08:06 270260     /usr/lib/i386-linux-gnu/libvorbis.so.0.4.5
8f54a000-8f54b000 ---p 00029000 08:06 270260     /usr/lib/i386-linux-gnu/libvorbis.so.0.4.5
8f54b000-8f54c000 r--p 00029000 08:06 270260     /usr/lib/i386-linux-gnu/libvorbis.so.0.4.5
8f54c000-8f54d000 rw-p 0002a000 08:06 270260     /usr/lib/i386-linux-gnu/libvorbis.so.0.4.5
8f54d000-8f6b3000 r-xp 00000000 08:06 270255     /usr/lib/i386-linux-gnu/libvorbisenc.so.2.0.8
8f6b3000-8f6c4000 r--p 00165000 08:06 270255     /usr/lib/i386-linux-gnu/libvorbisenc.so.2.0.8
8f6c4000-8f6c5000 rw-p 00176000 08:06 270255     /usr/lib/i386-linux-gnu/libvorbisenc.so.2.0.8
8f6c5000-8f713000 r-xp 00000000 08:06 267579     /usr/lib/i386-linux-gnu/libFLAC.so.8.2.0
8f713000-8f714000 r--p 0004e000 08:06 267579     /usr/lib/i386-linux-gnu/libFLAC.so.8.2.0
8f714000-8f715000 rw-p 0004f000 08:06 267579     /usr/lib/i386-linux-gnu/libFLAC.so.8.2.0
8f715000-8f782000 r-xp 00000000 08:06 270262     /usr/lib/i386-linux-gnu/libsndfile.so.1.0.25
8f782000-8f784000 r--p 0006c000 08:06 270262     /usr/lib/i386-linux-gnu/libsndfile.so.1.0.25
8f784000-8f785000 rw-p 0006e000 08:06 270262     /usr/lib/i386-linux-gnu/libsndfile.so.1.0.25
8f785000-8f789000 rw-p 00000000 00:00 0 
8f789000-8f791000 r-xp 00000000 08:06 6161354    /lib/i386-linux-gnu/libwrap.so.0.7.6
8f791000-8f792000 r--p 00007000 08:06 6161354    /lib/i386-linux-gnu/libwrap.so.0.7.6
8f792000-8f793000 rw-p 00008000 08:06 6161354    /lib/i386-linux-gnu/libwrap.so.0.7.6
8f793000-8f7db000 r-xp 00000000 08:06 6161464    /lib/i386-linux-gnu/libdbus-1.so.3.7.2
8f7db000-8f7dc000 r--p 00047000 08:06 6161464    /lib/i386-linux-gnu/libdbus-1.so.3.7.2
8f7dc000-8f7dd000 rw-p 00048000 08:06 6161464    /lib/i386-linux-gnu/libdbus-1.so.3.7.2
8f7dd000-8f83f000 r-xp 00000000 08:06 659995     /usr/lib/i386-linux-gnu/pulseaudio/libpulsecommon-2.1.so
8f83f000-8f840000 r--p 00061000 08:06 659995     /usr/lib/i386-linux-gnu/pulseaudio/libpulsecommon-2.1.so
8f840000-8f841000 rw-p 00062000 08:06 659995     /usr/lib/i386-linux-gnu/pulseaudio/libpulsecommon-2.1.so
8f841000-8f849000 r-xp 00000000 08:06 264916     /usr/lib/i386-linux-gnu/libjson.so.0.1.0
8f849000-8f84a000 r--p 00007000 08:06 264916     /usr/lib/i386-linux-gnu/libjson.so.0.1.0
8f84a000-8f84b000 rw-p 00008000 08:06 264916     /usr/lib/i386-linux-gnu/libjson.so.0.1.0
8f84b000-8f897000 r-xp 00000000 08:06 270264     /usr/lib/i386-linux-gnu/libpulse.so.0.14.3
8f897000-8f898000 r--p 0004c000 08:06 270264     /usr/lib/i386-linux-gnu/libpulse.so.0.14.3
8f898000-8f899000 rw-p 0004d000 08:06 270264     /usr/lib/i386-linux-gnu/libpulse.so.0.14.3
8f899000-8f8de000 r-xp 00000000 08:06 4325414    /tmp/libgdxigor/3593929314/libopenal.so
8f8de000-8f8df000 r--p 00045000 08:06 4325414    /tmp/libgdxigor/3593929314/libopenal.so
8f8df000-8f8e0000 rw-p 00046000 08:06 4325414    /tmp/libgdxigor/3593929314/libopenal.so
8f8e0000-8f8e9000 r-xp 00000000 08:06 268016     /usr/lib/i386-linux-gnu/libXrandr.so.2.2.0
8f8e9000-8f8ea000 r--p 00008000 08:06 268016     /usr/lib/i386-linux-gnu/libXrandr.so.2.2.0
8f8ea000-8f8eb000 rw-p 00009000 08:06 268016     /usr/lib/i386-linux-gnu/libXrandr.so.2.2.0
8f8f9000-8f8fe000 r-xp 00000000 08:06 265062     /usr/lib/i386-linux-gnu/libasyncns.so.0.3.1
8f8fe000-8f8ff000 r--p 00004000 08:06 265062     /usr/lib/i386-linux-gnu/libasyncns.so.0.3.1
8f8ff000-8f900000 rw-p 00005000 08:06 265062     /usr/lib/i386-linux-gnu/libasyncns.so.0.3.1
8f900000-8f965000 rw-p 00000000 00:00 0 
8f965000-8fa00000 ---p 00000000 00:00 0 
8fa00000-8fa5a000 r-xp 00000000 08:06 4325415    /tmp/libgdxigor/3593929314/liblwjgl.so
8fa5a000-8fa5b000 ---p 0005a000 08:06 4325415    /tmp/libgdxigor/3593929314/liblwjgl.so
8fa5b000-8fa5c000 r--p 0005a000 08:06 4325415    /tmp/libgdxigor/3593929314/liblwjgl.so
8fa5c000-8fa5d000 rw-p 0005b000 08:06 4325415    /tmp/libgdxigor/3593929314/liblwjgl.so
8fa5d000-8fa60000 ---p 00000000 00:00 0 
8fa60000-8faae000 rw-p 00000000 00:00 0          [stack:14571]
8faae000-8fab1000 ---p 00000000 00:00 0 
8fab1000-8faff000 rw-p 00000000 00:00 0          [stack:14570]
8faff000-8fb1f000 r-xp 00000000 08:06 262995     /usr/lib/i386-linux-gnu/libxcb.so.1.1.0
8fb1f000-8fb20000 r--p 0001f000 08:06 262995     /usr/lib/i386-linux-gnu/libxcb.so.1.1.0
8fb20000-8fb21000 rw-p 00020000 08:06 262995     /usr/lib/i386-linux-gnu/libxcb.so.1.1.0
8fb21000-8fc53000 r-xp 00000000 08:06 263028     /usr/lib/i386-linux-gnu/libX11.so.6.3.0
8fc53000-8fc54000 r--p 00132000 08:06 263028     /usr/lib/i386-linux-gnu/libX11.so.6.3.0
8fc54000-8fc57000 rw-p 00133000 08:06 263028     /usr/lib/i386-linux-gnu/libX11.so.6.3.0
8fc57000-8fc67000 r-xp 00000000 08:06 267517     /usr/lib/i386-linux-gnu/libXext.so.6.4.0
8fc67000-8fc68000 r--p 0000f000 08:06 267517     /usr/lib/i386-linux-gnu/libXext.so.6.4.0
8fc68000-8fc69000 rw-p 00010000 08:06 267517     /usr/lib/i386-linux-gnu/libXext.so.6.4.0
8fc6c000-8fc71000 r-xp 00000000 08:06 265136     /usr/lib/i386-linux-gnu/libXfixes.so.3.1.0
8fc71000-8fc72000 r--p 00004000 08:06 265136     /usr/lib/i386-linux-gnu/libXfixes.so.3.1.0
8fc72000-8fc73000 rw-p 00005000 08:06 265136     /usr/lib/i386-linux-gnu/libXfixes.so.3.1.0
8fc73000-8fc7c000 r-xp 00000000 08:06 263157     /usr/lib/i386-linux-gnu/libXcursor.so.1.0.2
8fc7c000-8fc7d000 r--p 00008000 08:06 263157     /usr/lib/i386-linux-gnu/libXcursor.so.1.0.2
8fc7d000-8fc7e000 rw-p 00009000 08:06 263157     /usr/lib/i386-linux-gnu/libXcursor.so.1.0.2
8fc7e000-8fcc7000 r-xp 00000000 08:06 2495609    /usr/local/java/jre1.7.0_03/lib/i386/xawt/libmawt.so
8fcc7000-8fcc9000 rw-p 00048000 08:06 2495609    /usr/local/java/jre1.7.0_03/lib/i386/xawt/libmawt.so
8fcc9000-8fcca000 rw-p 00000000 00:00 0 
8fcca000-8fd50000 r-xp 00000000 08:06 2495583    /usr/local/java/jre1.7.0_03/lib/i386/libawt.so
8fd50000-8fd57000 rw-p 00086000 08:06 2495583    /usr/local/java/jre1.7.0_03/lib/i386/libawt.so
8fd57000-8fd7b000 rw-p 00000000 00:00 0 
8fd7b000-8fd97000 r-xp 00000000 08:06 6161353    /lib/i386-linux-gnu/libgcc_s.so.1
8fd97000-8fd98000 r--p 0001b000 08:06 6161353    /lib/i386-linux-gnu/libgcc_s.so.1
8fd98000-8fd99000 rw-p 0001c000 08:06 6161353    /lib/i386-linux-gnu/libgcc_s.so.1
8fd99000-8fe75000 r-xp 00000000 08:06 263288     /usr/lib/i386-linux-gnu/libstdc++.so.6.0.17
8fe75000-8fe76000 ---p 000dc000 08:06 263288     /usr/lib/i386-linux-gnu/libstdc++.so.6.0.17
8fe76000-8fe7a000 r--p 000dc000 08:06 263288     /usr/lib/i386-linux-gnu/libstdc++.so.6.0.17
8fe7a000-8fe7b000 rw-p 000e0000 08:06 263288     /usr/lib/i386-linux-gnu/libstdc++.so.6.0.17
8fe7b000-8fe82000 rw-p 00000000 00:00 0 
8fe8c000-8fe90000 rw-s 2f72b000 00:05 9380       /dev/nvidia0
8fe90000-8fe97000 r--s 00000000 08:06 270934     /usr/lib/i386-linux-gnu/gconv/gconv-modules.cache
8fe97000-8fefe000 r-xp 00000000 08:06 4325413    /tmp/libgdxigor/3593929314/libgdx.so
8fefe000-8feff000 r--p 00066000 08:06 4325413    /tmp/libgdxigor/3593929314/libgdx.so
8feff000-8ff00000 rw-p 00067000 08:06 4325413    /tmp/libgdxigor/3593929314/libgdx.so
8ff00000-90000000 rw-p 00000000 00:00 0 
90001000-90004000 r-xp 00000000 08:06 525046     /usr/lib/nvidia-current-updates/tls/libnvidia-tls.so.304.51
90004000-90005000 rw-p 00002000 08:06 525046     /usr/lib/nvidia-current-updates/tls/libnvidia-tls.so.304.51
90005000-9000a000 r-xp 00000000 08:06 262972     /usr/lib/i386-linux-gnu/libXdmcp.so.6.0.0
9000a000-9000b000 r--p 00004000 08:06 262972     /usr/lib/i386-linux-gnu/libXdmcp.so.6.0.0
9000b000-9000c000 rw-p 00005000 08:06 262972     /usr/lib/i386-linux-gnu/libXdmcp.so.6.0.0
9000c000-9001a000 r-xp 00000000 08:06 267627     /usr/lib/i386-linux-gnu/libXi.so.6.1.0
9001a000-9001b000 r--p 0000d000 08:06 267627     /usr/lib/i386-linux-gnu/libXi.so.6.1.0
9001b000-9001c000 rw-p 0000e000 08:06 267627     /usr/lib/i386-linux-gnu/libXi.so.6.1.0
9001c000-9001d000 ---p 00000000 00:00 0 
9001d000-9009d000 rw-p 00000000 00:00 0          [stack:14569]
9009d000-900a0000 ---p 00000000 00:00 0 
900a0000-900ee000 rw-p 00000000 00:00 0          [stack:14568]
900ee000-900f1000 ---p 00000000 00:00 0 
900f1000-9016f000 rw-p 00000000 00:00 0          [stack:14567]
9016f000-90172000 ---p 00000000 00:00 0 
90172000-901f0000 rw-p 00000000 00:00 0          [stack:14566]
901f0000-901f3000 ---p 00000000 00:00 0 
901f3000-90241000 rw-p 00000000 00:00 0          [stack:14565]
90241000-90441000 r--p 00000000 08:06 262271     /usr/lib/locale/locale-archive
90441000-90600000 r--s 031da000 08:06 922413     /usr/local/java/jre1.7.0_03/lib/rt.jar
90600000-906a9000 rw-p 00000000 00:00 0 
906a9000-90700000 ---p 00000000 00:00 0 
90701000-90703000 r-xp 00000000 08:06 262257     /usr/lib/i386-linux-gnu/libXau.so.6.0.0
90703000-90704000 r--p 00001000 08:06 262257     /usr/lib/i386-linux-gnu/libXau.so.6.0.0
90704000-90705000 rw-p 00002000 08:06 262257     /usr/lib/i386-linux-gnu/libXau.so.6.0.0
90705000-90713000 r--s 000d8000 08:06 6425512    /home/igor/git/bubble-fun/libs/gdx.jar
90713000-9072e000 r--s 00218000 08:06 6425508    /home/igor/git/bubble-fun/libs/gdx-backend-jogl.jar
9072e000-90731000 ---p 00000000 00:00 0 
90731000-9077f000 rw-p 00000000 00:00 0          [stack:14564]
9077f000-90780000 ---p 00000000 00:00 0 
90780000-90800000 rw-p 00000000 00:00 0          [stack:14562]
90800000-90821000 rw-p 00000000 00:00 0 
90821000-90900000 ---p 00000000 00:00 0 
90900000-90913000 r--s 00137000 08:06 6425510    /home/igor/git/bubble-fun/libs/gdx-backend-lwjgl.jar
90913000-90916000 ---p 00000000 00:00 0 
90916000-90964000 rw-p 00000000 00:00 0          [stack:14563]
90964000-90965000 ---p 00000000 00:00 0 
90965000-909e5000 rw-p 00000000 00:00 0          [stack:14559]
909e5000-909e6000 ---p 00000000 00:00 0 
909e6000-90a6e000 rw-p 00000000 00:00 0          [stack:14558]
90a6e000-90a86000 rw-p 00000000 00:00 0 
90a86000-90a91000 rw-p 00000000 00:00 0 
90a91000-90b2a000 rw-p 00000000 00:00 0 
90b2a000-90b32000 rw-p 00000000 00:00 0 
90b32000-90b4a000 rw-p 00000000 00:00 0 
90b4a000-90b55000 rw-p 00000000 00:00 0 
90b55000-90bed000 rw-p 00000000 00:00 0 
90bed000-90bf3000 rw-p 00000000 00:00 0 
90bf3000-90c3f000 rw-p 00000000 00:00 0 
90c3f000-91c40000 rw-p 00000000 00:00 0 
91c40000-94c40000 rw-p 00000000 00:00 0 
94c40000-960a0000 rw-p 00000000 00:00 0 
960a0000-a92f0000 rw-p 00000000 00:00 0 
a92f0000-a9d20000 rw-p 00000000 00:00 0 
a9d20000-b3640000 rw-p 00000000 00:00 0 
b3640000-b3649000 rw-p 00000000 00:00 0 
b3649000-b3700000 rw-p 00000000 00:00 0 
b3700000-b3940000 rwxp 00000000 00:00 0 
b3940000-b6800000 rw-p 00000000 00:00 0 
b6800000-b6801000 rw-s c3efc000 00:05 9380       /dev/nvidia0
b6801000-b6802000 rw-s 30456000 00:05 9380       /dev/nvidia0
b6802000-b6803000 rw-s 2fda1000 00:05 9380       /dev/nvidia0
b6803000-b6808000 r-xp 00000000 08:06 263795     /usr/lib/i386-linux-gnu/libXtst.so.6.1.0
b6808000-b6809000 r--p 00004000 08:06 263795     /usr/lib/i386-linux-gnu/libXtst.so.6.1.0
b6809000-b680a000 rw-p 00005000 08:06 263795     /usr/lib/i386-linux-gnu/libXtst.so.6.1.0
b680a000-b6855000 rw-p 00000000 00:00 0 
b6855000-b686c000 r-xp 00000000 08:06 2495606    /usr/local/java/jre1.7.0_03/lib/i386/libzip.so
b686c000-b686d000 rw-p 00017000 08:06 2495606    /usr/local/java/jre1.7.0_03/lib/i386/libzip.so
b686d000-b6878000 r-xp 00000000 08:06 6164527    /lib/i386-linux-gnu/libnss_files-2.15.so
b6878000-b6879000 r--p 0000a000 08:06 6164527    /lib/i386-linux-gnu/libnss_files-2.15.so
b6879000-b687a000 rw-p 0000b000 08:06 6164527    /lib/i386-linux-gnu/libnss_files-2.15.so
b687a000-b6884000 r-xp 00000000 08:06 6165962    /lib/i386-linux-gnu/libnss_nis-2.15.so
b6884000-b6885000 r--p 00009000 08:06 6165962    /lib/i386-linux-gnu/libnss_nis-2.15.so
b6885000-b6886000 rw-p 0000a000 08:06 6165962    /lib/i386-linux-gnu/libnss_nis-2.15.so
b6886000-b689c000 r-xp 00000000 08:06 6168522    /lib/i386-linux-gnu/libnsl-2.15.so
b689c000-b689d000 r--p 00015000 08:06 6168522    /lib/i386-linux-gnu/libnsl-2.15.so
b689d000-b689e000 rw-p 00016000 08:06 6168522    /lib/i386-linux-gnu/libnsl-2.15.so
b689e000-b68a0000 rw-p 00000000 00:00 0 
b68a0000-b68a7000 r-xp 00000000 08:06 6164372    /lib/i386-linux-gnu/libnss_compat-2.15.so
b68a7000-b68a8000 r--p 00006000 08:06 6164372    /lib/i386-linux-gnu/libnss_compat-2.15.so
b68a8000-b68a9000 rw-p 00007000 08:06 6164372    /lib/i386-linux-gnu/libnss_compat-2.15.so
b68aa000-b68ab000 r-xp 00000000 08:06 2495598    /usr/local/java/jre1.7.0_03/lib/i386/libjawt.so
b68ab000-b68ac000 rw-p 00000000 08:06 2495598    /usr/local/java/jre1.7.0_03/lib/i386/libjawt.so
b68ac000-b68b4000 r-xp 00000000 08:06 262692     /usr/lib/i386-linux-gnu/libXrender.so.1.3.0
b68b4000-b68b5000 r--p 00007000 08:06 262692     /usr/lib/i386-linux-gnu/libXrender.so.1.3.0
b68b5000-b68b6000 rw-p 00008000 08:06 262692     /usr/lib/i386-linux-gnu/libXrender.so.1.3.0
b68b6000-b68be000 rw-s 00000000 08:06 4325406    /tmp/hsperfdata_igor/14553
b68be000-b68e1000 r-xp 00000000 08:06 2495597    /usr/local/java/jre1.7.0_03/lib/i386/libjava.so
b68e1000-b68e2000 rw-p 00023000 08:06 2495597    /usr/local/java/jre1.7.0_03/lib/i386/libjava.so
b68e2000-b68e9000 r-xp 00000000 08:06 6164536    /lib/i386-linux-gnu/librt-2.15.so
b68e9000-b68ea000 r--p 00006000 08:06 6164536    /lib/i386-linux-gnu/librt-2.15.so
b68ea000-b68eb000 rw-p 00007000 08:06 6164536    /lib/i386-linux-gnu/librt-2.15.so
b68eb000-b68ee000 ---p 00000000 00:00 0 
b68ee000-b693c000 rw-p 00000000 00:00 0          [stack:14555]
b693c000-b6966000 r-xp 00000000 08:06 6165970    /lib/i386-linux-gnu/libm-2.15.so
b6966000-b6967000 r--p 00029000 08:06 6165970    /lib/i386-linux-gnu/libm-2.15.so
b6967000-b6968000 rw-p 0002a000 08:06 6165970    /lib/i386-linux-gnu/libm-2.15.so
b6968000-b70d6000 r-xp 00000000 08:06 2495574    /usr/local/java/jre1.7.0_03/lib/i386/server/libjvm.so
b70d6000-b7125000 rw-p 0076d000 08:06 2495574    /usr/local/java/jre1.7.0_03/lib/i386/server/libjvm.so
b7125000-b7545000 rw-p 00000000 00:00 0 
b7545000-b76e8000 r-xp 00000000 08:06 6160498    /lib/i386-linux-gnu/libc-2.15.so
b76e8000-b76e9000 ---p 001a3000 08:06 6160498    /lib/i386-linux-gnu/libc-2.15.so
b76e9000-b76eb000 r--p 001a3000 08:06 6160498    /lib/i386-linux-gnu/libc-2.15.so
b76eb000-b76ec000 rw-p 001a5000 08:06 6160498    /lib/i386-linux-gnu/libc-2.15.so
b76ec000-b76ef000 rw-p 00000000 00:00 0 
b76ef000-b76f2000 r-xp 00000000 08:06 6168517    /lib/i386-linux-gnu/libdl-2.15.so
b76f2000-b76f3000 r--p 00002000 08:06 6168517    /lib/i386-linux-gnu/libdl-2.15.so
b76f3000-b76f4000 rw-p 00003000 08:06 6168517    /lib/i386-linux-gnu/libdl-2.15.so
b76f4000-b7707000 r-xp 00000000 08:06 2495588    /usr/local/java/jre1.7.0_03/lib/i386/jli/libjli.so
b7707000-b7708000 rw-p 00012000 08:06 2495588    /usr/local/java/jre1.7.0_03/lib/i386/jli/libjli.so
b7708000-b7709000 rw-p 00000000 00:00 0 
b7709000-b7720000 r-xp 00000000 08:06 6165964    /lib/i386-linux-gnu/libpthread-2.15.so
b7720000-b7721000 r--p 00016000 08:06 6165964    /lib/i386-linux-gnu/libpthread-2.15.so
b7721000-b7722000 rw-p 00017000 08:06 6165964    /lib/i386-linux-gnu/libpthread-2.15.so
b7722000-b7724000 rw-p 00000000 00:00 0 
b7724000-b7725000 rw-s dec03000 00:05 9380       /dev/nvidia0
b7725000-b7726000 r--s 00127000 08:06 6425511    /home/igor/git/bubble-fun/libs/gdx-natives.jar
b7726000-b7727000 r--s 0014e000 08:06 6425509    /home/igor/git/bubble-fun/libs/gdx-backend-lwjgl-natives.jar
b7727000-b7729000 r--s 0022a000 08:06 6425507    /home/igor/git/bubble-fun/libs/gdx-backend-jogl-natives.jar
b7729000-b772a000 r--p 002c5000 08:06 262271     /usr/lib/locale/locale-archive
b772a000-b772b000 rw-p 00000000 00:00 0 
b772b000-b772c000 r--p 00000000 00:00 0 
b772c000-b7738000 r-xp 00000000 08:06 2495589    /usr/local/java/jre1.7.0_03/lib/i386/libverify.so
b7738000-b7739000 rw-p 0000c000 08:06 2495589    /usr/local/java/jre1.7.0_03/lib/i386/libverify.so
b7739000-b773b000 rw-p 00000000 00:00 0 
b773b000-b773c000 r-xp 00000000 00:00 0          [vdso]
b773c000-b775c000 r-xp 00000000 08:06 6165971    /lib/i386-linux-gnu/ld-2.15.so
b775c000-b775d000 r--p 0001f000 08:06 6165971    /lib/i386-linux-gnu/ld-2.15.so
b775d000-b775e000 rw-p 00020000 08:06 6165971    /lib/i386-linux-gnu/ld-2.15.so
bfce3000-bfd04000 rw-p 00000000 00:00 0          [stack]

VM Arguments:
jvm_args: -Dfile.encoding=UTF-8 
java_command: com.tooflya.bubblefun.game.Application
Launcher Type: SUN_STANDARD

Environment Variables:
JAVA_HOME=/usr/local/java/jre1.7.0_03
PATH=/usr/lib/lightdm/lightdm:/usr/local/sbin:/usr/local/bin:/usr/sbin:/usr/bin:/sbin:/bin:/usr/games:/usr/local/games:/home/igor/bin:/usr/local/java/jdk1.7.0_03/bin:/home/igor/bin:/usr/local/java/jre1.7.0_03/bin
LD_LIBRARY_PATH=/usr/local/java/jre1.7.0_03/lib/i386/server:/usr/local/java/jre1.7.0_03/lib/i386:/usr/local/java/jre1.7.0_03/../lib/i386:/usr/local/java/jre1.7.0_03/lib/i386/client:/usr/local/java/jre1.7.0_03/lib/i386:
SHELL=/bin/bash
DISPLAY=:0.0

Signal Handlers:
SIGSEGV: [libjvm.so+0x6e2860], sa_mask[0]=0x7ffbfeff, sa_flags=0x10000004
SIGBUS: [libjvm.so+0x6e2860], sa_mask[0]=0x7ffbfeff, sa_flags=0x10000004
SIGFPE: [libjvm.so+0x5a3810], sa_mask[0]=0x7ffbfeff, sa_flags=0x10000004
SIGPIPE: [libjvm.so+0x5a3810], sa_mask[0]=0x7ffbfeff, sa_flags=0x10000004
SIGXFSZ: [libjvm.so+0x5a3810], sa_mask[0]=0x7ffbfeff, sa_flags=0x10000004
SIGILL: [libjvm.so+0x5a3810], sa_mask[0]=0x7ffbfeff, sa_flags=0x10000004
SIGUSR1: SIG_DFL, sa_mask[0]=0x00000000, sa_flags=0x00000000
SIGUSR2: [libjvm.so+0x5a3110], sa_mask[0]=0x00000004, sa_flags=0x10000004
SIGHUP: [libjvm.so+0x5a56e0], sa_mask[0]=0x7ffbfeff, sa_flags=0x10000004
SIGINT: [libjvm.so+0x5a56e0], sa_mask[0]=0x7ffbfeff, sa_flags=0x10000004
SIGTERM: [libjvm.so+0x5a56e0], sa_mask[0]=0x7ffbfeff, sa_flags=0x10000004
SIGQUIT: [libjvm.so+0x5a56e0], sa_mask[0]=0x7ffbfeff, sa_flags=0x10000004


---------------  S Y S T E M  ---------------

OS:wheezy/sid

uname:Linux 3.5.0-17-generic #28-Ubuntu SMP Tue Oct 9 19:32:08 UTC 2012 i686
libc:glibc 2.15 NPTL 2.15 
rlimit: STACK 8192k, CORE 0k, NPROC 15505, NOFILE 4096, AS infinity
load average:0.66 0.45 0.44

/proc/meminfo:
MemTotal:        2000188 kB
MemFree:          193744 kB
Buffers:          103840 kB
Cached:           677104 kB
SwapCached:         9900 kB
Active:           799148 kB
Inactive:         854640 kB
Active(anon):     423940 kB
Inactive(anon):   460320 kB
Active(file):     375208 kB
Inactive(file):   394320 kB
Unevictable:       31240 kB
Mlocked:           31240 kB
HighTotal:       1117896 kB
HighFree:          14544 kB
LowTotal:         882292 kB
LowFree:          179200 kB
SwapTotal:       2029564 kB
SwapFree:        1985580 kB
Dirty:               188 kB
Writeback:             0 kB
AnonPages:        895416 kB
Mapped:           130728 kB
Shmem:              5716 kB
Slab:              61548 kB
SReclaimable:      42584 kB
SUnreclaim:        18964 kB
KernelStack:        3552 kB
PageTables:        10216 kB
NFS_Unstable:          0 kB
Bounce:                0 kB
WritebackTmp:          0 kB
CommitLimit:     3029656 kB
Committed_AS:    3279948 kB
VmallocTotal:     122880 kB
VmallocUsed:       52884 kB
VmallocChunk:      65012 kB
HardwareCorrupted:     0 kB
AnonHugePages:         0 kB
HugePages_Total:       0
HugePages_Free:        0
HugePages_Rsvd:        0
HugePages_Surp:        0
Hugepagesize:       2048 kB
DirectMap4k:      155640 kB
DirectMap2M:      757760 kB


CPU:total 2 (2 cores per cpu, 1 threads per core) family 15 model 107 stepping 2, cmov, cx8, fxsr, mmx, sse, sse2, sse3, mmxext, 3dnowpref

/proc/cpuinfo:
processor	: 0
vendor_id	: AuthenticAMD
cpu family	: 15
model		: 107
model name	: AMD Athlon(tm) 64 X2 Dual Core Processor 4400+
stepping	: 2
cpu MHz		: 2200.254
cache size	: 512 KB
physical id	: 0
siblings	: 2
core id		: 0
cpu cores	: 2
apicid		: 0
initial apicid	: 0
fdiv_bug	: no
hlt_bug		: no
f00f_bug	: no
coma_bug	: no
fpu		: yes
fpu_exception	: yes
cpuid level	: 1
wp		: yes
flags		: fpu vme de pse tsc msr pae mce cx8 apic sep mtrr pge mca cmov pat pse36 clflush mmx fxsr sse sse2 ht syscall nx mmxext fxsr_opt rdtscp lm 3dnowext 3dnow extd_apicid pni cx16 lahf_lm cmp_legacy svm extapic cr8_legacy 3dnowprefetch lbrv
bogomips	: 4400.50
clflush size	: 64
cache_alignment	: 64
address sizes	: 40 bits physical, 48 bits virtual
power management: ts fid vid ttp tm stc 100mhzsteps

processor	: 1
vendor_id	: AuthenticAMD
cpu family	: 15
model		: 107
model name	: AMD Athlon(tm) 64 X2 Dual Core Processor 4400+
stepping	: 2
cpu MHz		: 2200.254
cache size	: 512 KB
physical id	: 0
siblings	: 2
core id		: 1
cpu cores	: 2
apicid		: 1
initial apicid	: 1
fdiv_bug	: no
hlt_bug		: no
f00f_bug	: no
coma_bug	: no
fpu		: yes
fpu_exception	: yes
cpuid level	: 1
wp		: yes
flags		: fpu vme de pse tsc msr pae mce cx8 apic sep mtrr pge mca cmov pat pse36 clflush mmx fxsr sse sse2 ht syscall nx mmxext fxsr_opt rdtscp lm 3dnowext 3dnow extd_apicid pni cx16 lahf_lm cmp_legacy svm extapic cr8_legacy 3dnowprefetch lbrv
bogomips	: 4400.42
clflush size	: 64
cache_alignment	: 64
address sizes	: 40 bits physical, 48 bits virtual
power management: ts fid vid ttp tm stc 100mhzsteps



Memory: 4k page, physical 2000188k(193744k free), swap 2029564k(1985580k free)

vm_info: Java HotSpot(TM) Server VM (22.1-b02) for linux-x86 JRE (1.7.0_03-b04), built on Jan 20 2012 10:08:12 by "java_re" with gcc 4.3.0 20080428 (Red Hat 4.3.0-8)

time: Fri Nov 16 02:27:29 2012
elapsed time: 26 seconds

