#
# A fatal error has been detected by the Java Runtime Environment:
#
#  SIGBUS (0x7) at pc=0x8feaa4e8, pid=21756, tid=2320456512
#
# JRE version: 7.0_03-b04
# Java VM: Java HotSpot(TM) Server VM (22.1-b02 mixed mode linux-x86 )
# Problematic frame:
# 
[error occurred during error reporting (printing problematic frame), id 0x7]

# Failed to write core dump. Core dumps have been disabled. To enable core dumping, try "ulimit -c unlimited" before starting Java again
#
# If you would like to submit a bug report, please visit:
#   http://bugreport.sun.com/bugreport/crash.jsp
# The crash happened outside the Java Virtual Machine in native code.
# See problematic frame for where to report the bug.
#

---------------  T H R E A D  ---------------

Current thread (0x8f959800):  JavaThread "LWJGL Application" [_thread_in_native, id=21778, stack(0x8a4a5000,0x8a4f6000)]

siginfo:si_signo=SIGBUS: si_errno=0, si_code=2 (BUS_ADRERR), si_addr=0x8feff224

Registers:
EAX=0xa9cc9e24, EBX=0x8fefeff4, ECX=0x00000040, EDX=0x082777d8
ESP=0x8a4f4e4c, EBP=0x8a4f4e88, ESI=0x8f959920, EDI=0xa9cc9e24
EIP=0x8feaa4e8, EFLAGS=0x00010212, CR2=0x8feff224

Top of Stack: (sp=0x8a4f4e4c)
0x8a4f4e4c:   8fed815f 082777d8 a9cc9e24 00000040
0x8a4f4e5c:   8957105b 081e0458 00000003 00000000
0x8a4f4e6c:   082777d8 87e33000 87e6c8b0 8a4f4eb8
0x8a4f4e7c:   a9cc8030 8a4f4eb0 8f959800 8a4f4ec8
0x8a4f4e8c:   b3802a9a 8f959920 8a4f4eb0 8a4f4ea8
0x8a4f4e9c:   8a4f4eac 00000010 00000000 a9cc9e18
0x8a4f4eac:   a9cc87f0 a9cc8fc0 eda123ff 3ca3d70a
0x8a4f4ebc:   b3802570 8f959920 8a4f4edc a9cc87f0 

Instructions: (pc=0x8feaa4e8)
0x8feaa4c8:   ff a3 28 02 00 00 68 38 04 00 00 e9 70 f7 ff ff
0x8feaa4d8:   ff a3 2c 02 00 00 68 40 04 00 00 e9 60 f7 ff ff
0x8feaa4e8:   ff a3 30 02 00 00 68 48 04 00 00 e9 50 f7 ff ff
0x8feaa4f8:   ff a3 34 02 00 00 68 50 04 00 00 e9 40 f7 ff ff 

Register to memory mapping:

EAX=0xa9cc9e24 is an unknown value
EBX=
[error occurred during error reporting (printing register info), id 0x7]

Stack: [0x8a4a5000,0x8a4f6000],  sp=0x8a4f4e4c,  free space=319k
Native frames: (J=compiled Java code, j=interpreted, Vv=VM code, C=native code)

[error occurred during error reporting (printing native stack), id 0x7]

Java frames: (J=compiled Java code, j=interpreted, Vv=VM code)
J  com.badlogic.gdx.utils.BufferUtils.copyJni([FLjava/nio/Buffer;II)V
J  com.badlogic.gdx.graphics.g2d.SpriteBatch.setupMatrices()V
J  com.tooflya.bubblefun.entity.Entity.onManagedDraw(F)V
J  com.tooflya.bubblefun.entity.Entity.onManagedDraw(F)V
j  com.tooflya.bubblefun.screens.Screen.onManagedDraw(F)V+2
j  com.planetbattle.managers.ScreensManager.onManagedDraw(F)V+5
j  com.tooflya.bubblefun.Game.render()V+42
j  com.badlogic.gdx.backends.lwjgl.LwjglApplication.mainLoop()V+461
j  com.badlogic.gdx.backends.lwjgl.LwjglApplication$1.run()V+27
v  ~StubRoutines::call_stub

---------------  P R O C E S S  ---------------

Java Threads: ( => current thread )
  0xb6805400 JavaThread "DestroyJavaVM" [_thread_blocked, id=21759, stack(0xb6930000,0xb6981000)]
=>0x8f959800 JavaThread "LWJGL Application" [_thread_in_native, id=21778, stack(0x8a4a5000,0x8a4f6000)]
  0x8f91b400 JavaThread "AWT-XAWT" daemon [_thread_in_native, id=21773, stack(0x8fa7f000,0x8fad0000)]
  0x8fff5c00 JavaThread "Java2D Disposer" daemon [_thread_blocked, id=21772, stack(0x8fad0000,0x8fb21000)]
  0xb68edc00 JavaThread "Service Thread" daemon [_thread_blocked, id=21770, stack(0x900cb000,0x9011c000)]
  0xb68ec000 JavaThread "C2 CompilerThread1" daemon [_thread_blocked, id=21769, stack(0x9011c000,0x9019d000)]
  0xb68ea000 JavaThread "C2 CompilerThread0" daemon [_thread_blocked, id=21768, stack(0x9019d000,0x9021e000)]
  0xb68e8800 JavaThread "Signal Dispatcher" daemon [_thread_blocked, id=21767, stack(0x9082e000,0x9087f000)]
  0xb68b0c00 JavaThread "Finalizer" daemon [_thread_blocked, id=21766, stack(0x9041e000,0x9046f000)]
  0xb68af000 JavaThread "Reference Handler" daemon [_thread_blocked, id=21765, stack(0x9046f000,0x904c0000)]

Other Threads:
  0xb68a9800 VMThread [stack: 0x904c0000,0x90541000] [id=21764]
  0xb68ef800 WatcherThread [stack: 0x9004a000,0x900cb000] [id=21771]

VM state:not at safepoint (normal execution)

VM Mutex/Monitor currently owned by a thread: None

Heap
 PSYoungGen      total 9152K, used 1827K [0xa9380000, 0xa9db0000, 0xb36d0000)
  eden space 7872K, 10% used [0xa9380000,0xa944a568,0xa9b30000)
  from space 1280K, 79% used [0xa9c70000,0xa9d6ea10,0xa9db0000)
  to   space 1280K, 0% used [0xa9b30000,0xa9b30000,0xa9c70000)
 PSOldGen        total 20864K, used 1186K [0x94cd0000, 0x96130000, 0xa9380000)
  object space 20864K, 5% used [0x94cd0000,0x94df8b80,0x96130000)
 PSPermGen       total 16384K, used 4818K [0x90cd0000, 0x91cd0000, 0x94cd0000)
  object space 16384K, 29% used [0x90cd0000,0x91184a88,0x91cd0000)

Code Cache  [0xb3797000, 0xb39d7000, 0xb6797000)
 total_blobs=415 nmethods=160 adapters=208 free_code_cache=48629Kb largest_free_block=49766656

Dynamic libraries:
08048000-08049000 r-xp 00000000 08:06 794087     /usr/local/java/jre1.7.0_03/bin/java
08049000-0804a000 rw-p 00000000 08:06 794087     /usr/local/java/jre1.7.0_03/bin/java
0806d000-0852d000 rw-p 00000000 00:00 0          [heap]
87300000-8739f000 rw-p 00000000 00:00 0 
8739f000-87400000 ---p 00000000 00:00 0 
87413000-87482000 rw-p 00000000 00:00 0 
874f1000-876f1000 rw-s 32cb3000 00:05 9380       /dev/nvidia0
876f1000-87b55000 rw-p 00000000 00:00 0 
87b55000-87b57000 rw-s 00000000 08:06 4325442    /tmp/gl9gQost (deleted)
87b57000-87b59000 r-xs 00000000 08:06 4325442    /tmp/gl9gQost (deleted)
87b59000-87b99000 rw-s c3b38000 00:05 9380       /dev/nvidia0
87b99000-87c99000 rw-s 12274000 00:05 9380       /dev/nvidia0
87c99000-87d99000 rw-s 2f29a000 00:05 9380       /dev/nvidia0
87d99000-87e8b000 rw-p 00000000 00:00 0 
87e8b000-87e8c000 rw-s 31822000 00:05 9380       /dev/nvidia0
87e8d000-885bb000 rw-s c0000000 00:05 9380       /dev/nvidia0
885bb000-885d8000 rw-s 2f647000 00:05 9380       /dev/nvidia0
885d8000-8862f000 rw-p 00000000 00:00 0 
88643000-886c4000 rw-p 00000000 00:00 0 
886c4000-8a351000 r-xp 00000000 08:06 525050     /usr/lib/nvidia-current-updates/libnvidia-glcore.so.304.51
8a351000-8a3b6000 rwxp 01c8d000 08:06 525050     /usr/lib/nvidia-current-updates/libnvidia-glcore.so.304.51
8a3b6000-8a3c9000 rwxp 00000000 00:00 0 
8a3c9000-8a476000 r-xp 00000000 08:06 525058     /usr/lib/nvidia-current-updates/libGL.so.304.51
8a476000-8a496000 rwxp 000ac000 08:06 525058     /usr/lib/nvidia-current-updates/libGL.so.304.51
8a496000-8a4a5000 rwxp 00000000 00:00 0 
8a4a5000-8a4a8000 ---p 00000000 00:00 0 
8a4a8000-8a4f6000 rw-p 00000000 00:00 0          [stack:21778]
8a4f6000-8a4f7000 ---p 00000000 00:00 0 
8a4f7000-8acf7000 rw-p 00000000 00:00 0          [stack:21777]
8acf7000-8ecf8000 rw-s 00000000 00:12 611432     /run/shm/pulse-shm-2164095336
8ecf8000-8ed21000 rw-p 00000000 00:00 0 
8ed21000-8ed22000 ---p 00000000 00:00 0 
8ed22000-8f522000 rw-p 00000000 00:00 0          [stack:21776]
8f522000-8f535000 r-xp 00000000 08:06 6164528    /lib/i386-linux-gnu/libresolv-2.15.so
8f535000-8f536000 r--p 00013000 08:06 6164528    /lib/i386-linux-gnu/libresolv-2.15.so
8f536000-8f537000 rw-p 00014000 08:06 6164528    /lib/i386-linux-gnu/libresolv-2.15.so
8f537000-8f539000 rw-p 00000000 00:00 0 
8f539000-8f53f000 r-xp 00000000 08:06 267413     /usr/lib/i386-linux-gnu/libogg.so.0.8.0
8f53f000-8f540000 r--p 00005000 08:06 267413     /usr/lib/i386-linux-gnu/libogg.so.0.8.0
8f540000-8f541000 rw-p 00006000 08:06 267413     /usr/lib/i386-linux-gnu/libogg.so.0.8.0
8f541000-8f56a000 r-xp 00000000 08:06 270260     /usr/lib/i386-linux-gnu/libvorbis.so.0.4.5
8f56a000-8f56b000 ---p 00029000 08:06 270260     /usr/lib/i386-linux-gnu/libvorbis.so.0.4.5
8f56b000-8f56c000 r--p 00029000 08:06 270260     /usr/lib/i386-linux-gnu/libvorbis.so.0.4.5
8f56c000-8f56d000 rw-p 0002a000 08:06 270260     /usr/lib/i386-linux-gnu/libvorbis.so.0.4.5
8f56d000-8f6d3000 r-xp 00000000 08:06 270255     /usr/lib/i386-linux-gnu/libvorbisenc.so.2.0.8
8f6d3000-8f6e4000 r--p 00165000 08:06 270255     /usr/lib/i386-linux-gnu/libvorbisenc.so.2.0.8
8f6e4000-8f6e5000 rw-p 00176000 08:06 270255     /usr/lib/i386-linux-gnu/libvorbisenc.so.2.0.8
8f6e5000-8f733000 r-xp 00000000 08:06 267579     /usr/lib/i386-linux-gnu/libFLAC.so.8.2.0
8f733000-8f734000 r--p 0004e000 08:06 267579     /usr/lib/i386-linux-gnu/libFLAC.so.8.2.0
8f734000-8f735000 rw-p 0004f000 08:06 267579     /usr/lib/i386-linux-gnu/libFLAC.so.8.2.0
8f735000-8f7a2000 r-xp 00000000 08:06 270262     /usr/lib/i386-linux-gnu/libsndfile.so.1.0.25
8f7a2000-8f7a4000 r--p 0006c000 08:06 270262     /usr/lib/i386-linux-gnu/libsndfile.so.1.0.25
8f7a4000-8f7a5000 rw-p 0006e000 08:06 270262     /usr/lib/i386-linux-gnu/libsndfile.so.1.0.25
8f7a5000-8f7a9000 rw-p 00000000 00:00 0 
8f7a9000-8f7b1000 r-xp 00000000 08:06 6161354    /lib/i386-linux-gnu/libwrap.so.0.7.6
8f7b1000-8f7b2000 r--p 00007000 08:06 6161354    /lib/i386-linux-gnu/libwrap.so.0.7.6
8f7b2000-8f7b3000 rw-p 00008000 08:06 6161354    /lib/i386-linux-gnu/libwrap.so.0.7.6
8f7b3000-8f7fb000 r-xp 00000000 08:06 6161464    /lib/i386-linux-gnu/libdbus-1.so.3.7.2
8f7fb000-8f7fc000 r--p 00047000 08:06 6161464    /lib/i386-linux-gnu/libdbus-1.so.3.7.2
8f7fc000-8f7fd000 rw-p 00048000 08:06 6161464    /lib/i386-linux-gnu/libdbus-1.so.3.7.2
8f7fd000-8f85f000 r-xp 00000000 08:06 659995     /usr/lib/i386-linux-gnu/pulseaudio/libpulsecommon-2.1.so
8f85f000-8f860000 r--p 00061000 08:06 659995     /usr/lib/i386-linux-gnu/pulseaudio/libpulsecommon-2.1.so
8f860000-8f861000 rw-p 00062000 08:06 659995     /usr/lib/i386-linux-gnu/pulseaudio/libpulsecommon-2.1.so
8f861000-8f869000 r-xp 00000000 08:06 264916     /usr/lib/i386-linux-gnu/libjson.so.0.1.0
8f869000-8f86a000 r--p 00007000 08:06 264916     /usr/lib/i386-linux-gnu/libjson.so.0.1.0
8f86a000-8f86b000 rw-p 00008000 08:06 264916     /usr/lib/i386-linux-gnu/libjson.so.0.1.0
8f86b000-8f8b7000 r-xp 00000000 08:06 270264     /usr/lib/i386-linux-gnu/libpulse.so.0.14.3
8f8b7000-8f8b8000 r--p 0004c000 08:06 270264     /usr/lib/i386-linux-gnu/libpulse.so.0.14.3
8f8b8000-8f8b9000 rw-p 0004d000 08:06 270264     /usr/lib/i386-linux-gnu/libpulse.so.0.14.3
8f8b9000-8f8fe000 r-xp 00000000 08:06 4325414    /tmp/libgdxigor/3593929314/libopenal.so
8f8fe000-8f8ff000 r--p 00045000 08:06 4325414    /tmp/libgdxigor/3593929314/libopenal.so
8f8ff000-8f900000 rw-p 00046000 08:06 4325414    /tmp/libgdxigor/3593929314/libopenal.so
8f900000-8f965000 rw-p 00000000 00:00 0 
8f965000-8fa00000 ---p 00000000 00:00 0 
8fa22000-8fa7c000 r-xp 00000000 08:06 4325415    /tmp/libgdxigor/3593929314/liblwjgl.so
8fa7c000-8fa7d000 ---p 0005a000 08:06 4325415    /tmp/libgdxigor/3593929314/liblwjgl.so
8fa7d000-8fa7e000 r--p 0005a000 08:06 4325415    /tmp/libgdxigor/3593929314/liblwjgl.so
8fa7e000-8fa7f000 rw-p 0005b000 08:06 4325415    /tmp/libgdxigor/3593929314/liblwjgl.so
8fa7f000-8fa82000 ---p 00000000 00:00 0 
8fa82000-8fad0000 rw-p 00000000 00:00 0          [stack:21773]
8fad0000-8fad3000 ---p 00000000 00:00 0 
8fad3000-8fb21000 rw-p 00000000 00:00 0          [stack:21772]
8fb21000-8fc53000 r-xp 00000000 08:06 263028     /usr/lib/i386-linux-gnu/libX11.so.6.3.0
8fc53000-8fc54000 r--p 00132000 08:06 263028     /usr/lib/i386-linux-gnu/libX11.so.6.3.0
8fc54000-8fc57000 rw-p 00133000 08:06 263028     /usr/lib/i386-linux-gnu/libX11.so.6.3.0
8fc57000-8fc67000 r-xp 00000000 08:06 267517     /usr/lib/i386-linux-gnu/libXext.so.6.4.0
8fc67000-8fc68000 r--p 0000f000 08:06 267517     /usr/lib/i386-linux-gnu/libXext.so.6.4.0
8fc68000-8fc69000 rw-p 00010000 08:06 267517     /usr/lib/i386-linux-gnu/libXext.so.6.4.0
8fc6f000-8fc72000 ---p 00000000 00:00 0 
8fc72000-8fc7e000 rw-p 00000000 00:00 0 
8fc7e000-8fcc7000 r-xp 00000000 08:06 2495609    /usr/local/java/jre1.7.0_03/lib/i386/xawt/libmawt.so
8fcc7000-8fcc9000 rw-p 00048000 08:06 2495609    /usr/local/java/jre1.7.0_03/lib/i386/xawt/libmawt.so
8fcc9000-8fcca000 rw-p 00000000 00:00 0 
8fcca000-8fd50000 r-xp 00000000 08:06 2495583    /usr/local/java/jre1.7.0_03/lib/i386/libawt.so
8fd50000-8fd57000 rw-p 00086000 08:06 2495583    /usr/local/java/jre1.7.0_03/lib/i386/libawt.so
8fd57000-8fd7b000 rw-p 00000000 00:00 0 
8fd7b000-8fd97000 r-xp 00000000 08:06 6161353    /lib/i386-linux-gnu/libgcc_s.so.1
8fd97000-8fd98000 r--p 0001b000 08:06 6161353    /lib/i386-linux-gnu/libgcc_s.so.1
8fd98000-8fd99000 rw-p 0001c000 08:06 6161353    /lib/i386-linux-gnu/libgcc_s.so.1
8fd99000-8fe75000 r-xp 00000000 08:06 263288     /usr/lib/i386-linux-gnu/libstdc++.so.6.0.17
8fe75000-8fe76000 ---p 000dc000 08:06 263288     /usr/lib/i386-linux-gnu/libstdc++.so.6.0.17
8fe76000-8fe7a000 r--p 000dc000 08:06 263288     /usr/lib/i386-linux-gnu/libstdc++.so.6.0.17
8fe7a000-8fe7b000 rw-p 000e0000 08:06 263288     /usr/lib/i386-linux-gnu/libstdc++.so.6.0.17
8fe7b000-8fe82000 rw-p 00000000 00:00 0 
8fe85000-8fe8a000 r-xp 00000000 08:06 265062     /usr/lib/i386-linux-gnu/libasyncns.so.0.3.1
8fe8a000-8fe8b000 r--p 00004000 08:06 265062     /usr/lib/i386-linux-gnu/libasyncns.so.0.3.1
8fe8b000-8fe8c000 rw-p 00005000 08:06 265062     /usr/lib/i386-linux-gnu/libasyncns.so.0.3.1
8fe8c000-8fe95000 r-xp 00000000 08:06 268016     /usr/lib/i386-linux-gnu/libXrandr.so.2.2.0
8fe95000-8fe96000 r--p 00008000 08:06 268016     /usr/lib/i386-linux-gnu/libXrandr.so.2.2.0
8fe96000-8fe97000 rw-p 00009000 08:06 268016     /usr/lib/i386-linux-gnu/libXrandr.so.2.2.0
8fe97000-8fefe000 r-xp 00000000 08:06 4325413    /tmp/libgdxigor/3593929314/libgdx.so
8fefe000-8feff000 r--p 00066000 08:06 4325413    /tmp/libgdxigor/3593929314/libgdx.so
8feff000-8ff00000 rw-p 00067000 08:06 4325413    /tmp/libgdxigor/3593929314/libgdx.so
8ff00000-90000000 rw-p 00000000 00:00 0 
90001000-90006000 r-xp 00000000 08:06 265136     /usr/lib/i386-linux-gnu/libXfixes.so.3.1.0
90006000-90007000 r--p 00004000 08:06 265136     /usr/lib/i386-linux-gnu/libXfixes.so.3.1.0
90007000-90008000 rw-p 00005000 08:06 265136     /usr/lib/i386-linux-gnu/libXfixes.so.3.1.0
90008000-90011000 r-xp 00000000 08:06 263157     /usr/lib/i386-linux-gnu/libXcursor.so.1.0.2
90011000-90012000 r--p 00008000 08:06 263157     /usr/lib/i386-linux-gnu/libXcursor.so.1.0.2
90012000-90013000 rw-p 00009000 08:06 263157     /usr/lib/i386-linux-gnu/libXcursor.so.1.0.2
90019000-9001d000 rw-s 1233f000 00:05 9380       /dev/nvidia0
9001d000-90020000 r-xp 00000000 08:06 525046     /usr/lib/nvidia-current-updates/tls/libnvidia-tls.so.304.51
90020000-90021000 rw-p 00002000 08:06 525046     /usr/lib/nvidia-current-updates/tls/libnvidia-tls.so.304.51
90021000-90028000 r--s 00000000 08:06 270934     /usr/lib/i386-linux-gnu/gconv/gconv-modules.cache
90028000-90048000 r-xp 00000000 08:06 262995     /usr/lib/i386-linux-gnu/libxcb.so.1.1.0
90048000-90049000 r--p 0001f000 08:06 262995     /usr/lib/i386-linux-gnu/libxcb.so.1.1.0
90049000-9004a000 rw-p 00020000 08:06 262995     /usr/lib/i386-linux-gnu/libxcb.so.1.1.0
9004a000-9004b000 ---p 00000000 00:00 0 
9004b000-900cb000 rw-p 00000000 00:00 0          [stack:21771]
900cb000-900ce000 ---p 00000000 00:00 0 
900ce000-9011c000 rw-p 00000000 00:00 0          [stack:21770]
9011c000-9011f000 ---p 00000000 00:00 0 
9011f000-9019d000 rw-p 00000000 00:00 0          [stack:21769]
9019d000-901a0000 ---p 00000000 00:00 0 
901a0000-9021e000 rw-p 00000000 00:00 0          [stack:21768]
9021e000-9041e000 r--p 00000000 08:06 262271     /usr/lib/locale/locale-archive
9041e000-90421000 ---p 00000000 00:00 0 
90421000-9046f000 rw-p 00000000 00:00 0          [stack:21766]
9046f000-90472000 ---p 00000000 00:00 0 
90472000-904c0000 rw-p 00000000 00:00 0          [stack:21765]
904c0000-904c1000 ---p 00000000 00:00 0 
904c1000-90541000 rw-p 00000000 00:00 0          [stack:21764]
90541000-90700000 r--s 031da000 08:06 922413     /usr/local/java/jre1.7.0_03/lib/rt.jar
90700000-907fd000 rw-p 00000000 00:00 0 
907fd000-90800000 ---p 00000000 00:00 0 
90800000-90805000 r-xp 00000000 08:06 262972     /usr/lib/i386-linux-gnu/libXdmcp.so.6.0.0
90805000-90806000 r--p 00004000 08:06 262972     /usr/lib/i386-linux-gnu/libXdmcp.so.6.0.0
90806000-90807000 rw-p 00005000 08:06 262972     /usr/lib/i386-linux-gnu/libXdmcp.so.6.0.0
90807000-90809000 r-xp 00000000 08:06 262257     /usr/lib/i386-linux-gnu/libXau.so.6.0.0
90809000-9080a000 r--p 00001000 08:06 262257     /usr/lib/i386-linux-gnu/libXau.so.6.0.0
9080a000-9080b000 rw-p 00002000 08:06 262257     /usr/lib/i386-linux-gnu/libXau.so.6.0.0
9080b000-90819000 r-xp 00000000 08:06 267627     /usr/lib/i386-linux-gnu/libXi.so.6.1.0
90819000-9081a000 r--p 0000d000 08:06 267627     /usr/lib/i386-linux-gnu/libXi.so.6.1.0
9081a000-9081b000 rw-p 0000e000 08:06 267627     /usr/lib/i386-linux-gnu/libXi.so.6.1.0
9081b000-9082e000 r--s 00137000 08:06 6425510    /home/igor/git/bubble-fun/libs/gdx-backend-lwjgl.jar
9082e000-90831000 ---p 00000000 00:00 0 
90831000-9087f000 rw-p 00000000 00:00 0          [stack:21767]
9087f000-90880000 ---p 00000000 00:00 0 
90880000-90900000 rw-p 00000000 00:00 0          [stack:21763]
90900000-90921000 rw-p 00000000 00:00 0 
90921000-90a00000 ---p 00000000 00:00 0 
90a00000-90a01000 rw-p 00000000 00:00 0 
90a01000-90a0f000 r--s 000d8000 08:06 6425512    /home/igor/git/bubble-fun/libs/gdx.jar
90a0f000-90a2a000 r--s 00218000 08:06 6425508    /home/igor/git/bubble-fun/libs/gdx-backend-jogl.jar
90a2a000-90a75000 rw-p 00000000 00:00 0 
90a75000-90a76000 ---p 00000000 00:00 0 
90a76000-90afe000 rw-p 00000000 00:00 0          [stack:21762]
90afe000-90b16000 rw-p 00000000 00:00 0 
90b16000-90b21000 rw-p 00000000 00:00 0 
90b21000-90bba000 rw-p 00000000 00:00 0 
90bba000-90bc2000 rw-p 00000000 00:00 0 
90bc2000-90bda000 rw-p 00000000 00:00 0 
90bda000-90be5000 rw-p 00000000 00:00 0 
90be5000-90c7d000 rw-p 00000000 00:00 0 
90c7d000-90c83000 rw-p 00000000 00:00 0 
90c83000-90ccf000 rw-p 00000000 00:00 0 
90ccf000-91cd0000 rw-p 00000000 00:00 0 
91cd0000-94cd0000 rw-p 00000000 00:00 0 
94cd0000-96130000 rw-p 00000000 00:00 0 
96130000-a9380000 rw-p 00000000 00:00 0 
a9380000-a9db0000 rw-p 00000000 00:00 0 
a9db0000-b36d0000 rw-p 00000000 00:00 0 
b36d0000-b36d5000 r-xp 00000000 08:06 263795     /usr/lib/i386-linux-gnu/libXtst.so.6.1.0
b36d5000-b36d6000 r--p 00004000 08:06 263795     /usr/lib/i386-linux-gnu/libXtst.so.6.1.0
b36d6000-b36d7000 rw-p 00005000 08:06 263795     /usr/lib/i386-linux-gnu/libXtst.so.6.1.0
b36d7000-b36e0000 rw-p 00000000 00:00 0 
b36e0000-b3797000 rw-p 00000000 00:00 0 
b3797000-b39d7000 rwxp 00000000 00:00 0 
b39d7000-b6797000 rw-p 00000000 00:00 0 
b6797000-b67ae000 r-xp 00000000 08:06 2495606    /usr/local/java/jre1.7.0_03/lib/i386/libzip.so
b67ae000-b67af000 rw-p 00017000 08:06 2495606    /usr/local/java/jre1.7.0_03/lib/i386/libzip.so
b67af000-b67ba000 r-xp 00000000 08:06 6164527    /lib/i386-linux-gnu/libnss_files-2.15.so
b67ba000-b67bb000 r--p 0000a000 08:06 6164527    /lib/i386-linux-gnu/libnss_files-2.15.so
b67bb000-b67bc000 rw-p 0000b000 08:06 6164527    /lib/i386-linux-gnu/libnss_files-2.15.so
b67bc000-b67c6000 r-xp 00000000 08:06 6165962    /lib/i386-linux-gnu/libnss_nis-2.15.so
b67c6000-b67c7000 r--p 00009000 08:06 6165962    /lib/i386-linux-gnu/libnss_nis-2.15.so
b67c7000-b67c8000 rw-p 0000a000 08:06 6165962    /lib/i386-linux-gnu/libnss_nis-2.15.so
b67c8000-b67de000 r-xp 00000000 08:06 6168522    /lib/i386-linux-gnu/libnsl-2.15.so
b67de000-b67df000 r--p 00015000 08:06 6168522    /lib/i386-linux-gnu/libnsl-2.15.so
b67df000-b67e0000 rw-p 00016000 08:06 6168522    /lib/i386-linux-gnu/libnsl-2.15.so
b67e0000-b67e2000 rw-p 00000000 00:00 0 
b67e2000-b67e9000 r-xp 00000000 08:06 6164372    /lib/i386-linux-gnu/libnss_compat-2.15.so
b67e9000-b67ea000 r--p 00006000 08:06 6164372    /lib/i386-linux-gnu/libnss_compat-2.15.so
b67ea000-b67eb000 rw-p 00007000 08:06 6164372    /lib/i386-linux-gnu/libnss_compat-2.15.so
b67eb000-b67ec000 rw-s c3efc000 00:05 9380       /dev/nvidia0
b67ec000-b67ed000 rw-s 34017000 00:05 9380       /dev/nvidia0
b67ed000-b67ee000 rw-s 366a1000 00:05 9380       /dev/nvidia0
b67ee000-b67f6000 r-xp 00000000 08:06 262692     /usr/lib/i386-linux-gnu/libXrender.so.1.3.0
b67f6000-b67f7000 r--p 00007000 08:06 262692     /usr/lib/i386-linux-gnu/libXrender.so.1.3.0
b67f7000-b67f8000 rw-p 00008000 08:06 262692     /usr/lib/i386-linux-gnu/libXrender.so.1.3.0
b67f8000-b6800000 rw-s 00000000 08:06 4325406    /tmp/hsperfdata_igor/21756
b6800000-b6900000 rw-p 00000000 00:00 0 
b6900000-b6901000 rw-p 00000000 00:00 0 
b6901000-b6902000 r-xp 00000000 08:06 2495598    /usr/local/java/jre1.7.0_03/lib/i386/libjawt.so
b6902000-b6903000 rw-p 00000000 08:06 2495598    /usr/local/java/jre1.7.0_03/lib/i386/libjawt.so
b6903000-b6926000 r-xp 00000000 08:06 2495597    /usr/local/java/jre1.7.0_03/lib/i386/libjava.so
b6926000-b6927000 rw-p 00023000 08:06 2495597    /usr/local/java/jre1.7.0_03/lib/i386/libjava.so
b6927000-b692e000 r-xp 00000000 08:06 6164536    /lib/i386-linux-gnu/librt-2.15.so
b692e000-b692f000 r--p 00006000 08:06 6164536    /lib/i386-linux-gnu/librt-2.15.so
b692f000-b6930000 rw-p 00007000 08:06 6164536    /lib/i386-linux-gnu/librt-2.15.so
b6930000-b6933000 ---p 00000000 00:00 0 
b6933000-b6981000 rw-p 00000000 00:00 0          [stack:21759]
b6981000-b69ab000 r-xp 00000000 08:06 6165970    /lib/i386-linux-gnu/libm-2.15.so
b69ab000-b69ac000 r--p 00029000 08:06 6165970    /lib/i386-linux-gnu/libm-2.15.so
b69ac000-b69ad000 rw-p 0002a000 08:06 6165970    /lib/i386-linux-gnu/libm-2.15.so
b69ad000-b711b000 r-xp 00000000 08:06 2495574    /usr/local/java/jre1.7.0_03/lib/i386/server/libjvm.so
b711b000-b716a000 rw-p 0076d000 08:06 2495574    /usr/local/java/jre1.7.0_03/lib/i386/server/libjvm.so
b716a000-b758a000 rw-p 00000000 00:00 0 
b758a000-b772d000 r-xp 00000000 08:06 6160498    /lib/i386-linux-gnu/libc-2.15.so
b772d000-b772e000 ---p 001a3000 08:06 6160498    /lib/i386-linux-gnu/libc-2.15.so
b772e000-b7730000 r--p 001a3000 08:06 6160498    /lib/i386-linux-gnu/libc-2.15.so
b7730000-b7731000 rw-p 001a5000 08:06 6160498    /lib/i386-linux-gnu/libc-2.15.so
b7731000-b7734000 rw-p 00000000 00:00 0 
b7734000-b7737000 r-xp 00000000 08:06 6168517    /lib/i386-linux-gnu/libdl-2.15.so
b7737000-b7738000 r--p 00002000 08:06 6168517    /lib/i386-linux-gnu/libdl-2.15.so
b7738000-b7739000 rw-p 00003000 08:06 6168517    /lib/i386-linux-gnu/libdl-2.15.so
b7739000-b774c000 r-xp 00000000 08:06 2495588    /usr/local/java/jre1.7.0_03/lib/i386/jli/libjli.so
b774c000-b774d000 rw-p 00012000 08:06 2495588    /usr/local/java/jre1.7.0_03/lib/i386/jli/libjli.so
b774d000-b774e000 rw-p 00000000 00:00 0 
b774e000-b7765000 r-xp 00000000 08:06 6165964    /lib/i386-linux-gnu/libpthread-2.15.so
b7765000-b7766000 r--p 00016000 08:06 6165964    /lib/i386-linux-gnu/libpthread-2.15.so
b7766000-b7767000 rw-p 00017000 08:06 6165964    /lib/i386-linux-gnu/libpthread-2.15.so
b7767000-b7769000 rw-p 00000000 00:00 0 
b7769000-b776a000 rw-s dec03000 00:05 9380       /dev/nvidia0
b776a000-b776b000 r--s 00127000 08:06 6425511    /home/igor/git/bubble-fun/libs/gdx-natives.jar
b776b000-b776c000 r--s 0014e000 08:06 6425509    /home/igor/git/bubble-fun/libs/gdx-backend-lwjgl-natives.jar
b776c000-b776e000 r--s 0022a000 08:06 6425507    /home/igor/git/bubble-fun/libs/gdx-backend-jogl-natives.jar
b776e000-b776f000 r--p 002c5000 08:06 262271     /usr/lib/locale/locale-archive
b776f000-b7770000 rw-p 00000000 00:00 0 
b7770000-b7771000 r--p 00000000 00:00 0 
b7771000-b777d000 r-xp 00000000 08:06 2495589    /usr/local/java/jre1.7.0_03/lib/i386/libverify.so
b777d000-b777e000 rw-p 0000c000 08:06 2495589    /usr/local/java/jre1.7.0_03/lib/i386/libverify.so
b777e000-b7780000 rw-p 00000000 00:00 0 
b7780000-b7781000 r-xp 00000000 00:00 0          [vdso]
b7781000-b77a1000 r-xp 00000000 08:06 6165971    /lib/i386-linux-gnu/ld-2.15.so
b77a1000-b77a2000 r--p 0001f000 08:06 6165971    /lib/i386-linux-gnu/ld-2.15.so
b77a2000-b77a3000 rw-p 00020000 08:06 6165971    /lib/i386-linux-gnu/ld-2.15.so
bfd27000-bfd48000 rw-p 00000000 00:00 0          [stack]

VM Arguments:
jvm_args: -Dfile.encoding=UTF-8 
java_command: com.tooflya.bubblefun.game.Application
Launcher Type: SUN_STANDARD

Environment Variables:
JAVA_HOME=/usr/local/java/jre1.7.0_03
PATH=/usr/lib/lightdm/lightdm:/usr/local/sbin:/usr/local/bin:/usr/sbin:/usr/bin:/sbin:/bin:/usr/games:/usr/local/games:/home/igor/bin:/usr/local/java/jdk1.7.0_03/bin:/home/igor/bin:/usr/local/java/jre1.7.0_03/bin
LD_LIBRARY_PATH=/usr/local/java/jre1.7.0_03/lib/i386/server:/usr/local/java/jre1.7.0_03/lib/i386:/usr/local/java/jre1.7.0_03/../lib/i386:/usr/local/java/jre1.7.0_03/lib/i386/client:/usr/local/java/jre1.7.0_03/lib/i386:
SHELL=/bin/bash
DISPLAY=:0.0

Signal Handlers:
SIGSEGV: [libjvm.so+0x6e2860], sa_mask[0]=0x7ffbfeff, sa_flags=0x10000004
SIGBUS: [libjvm.so+0x6e2860], sa_mask[0]=0x7ffbfeff, sa_flags=0x10000004
SIGFPE: [libjvm.so+0x5a3810], sa_mask[0]=0x7ffbfeff, sa_flags=0x10000004
SIGPIPE: [libjvm.so+0x5a3810], sa_mask[0]=0x7ffbfeff, sa_flags=0x10000004
SIGXFSZ: [libjvm.so+0x5a3810], sa_mask[0]=0x7ffbfeff, sa_flags=0x10000004
SIGILL: [libjvm.so+0x5a3810], sa_mask[0]=0x7ffbfeff, sa_flags=0x10000004
SIGUSR1: SIG_DFL, sa_mask[0]=0x00000000, sa_flags=0x00000000
SIGUSR2: [libjvm.so+0x5a3110], sa_mask[0]=0x00000004, sa_flags=0x10000004
SIGHUP: [libjvm.so+0x5a56e0], sa_mask[0]=0x7ffbfeff, sa_flags=0x10000004
SIGINT: [libjvm.so+0x5a56e0], sa_mask[0]=0x7ffbfeff, sa_flags=0x10000004
SIGTERM: [libjvm.so+0x5a56e0], sa_mask[0]=0x7ffbfeff, sa_flags=0x10000004
SIGQUIT: [libjvm.so+0x5a56e0], sa_mask[0]=0x7ffbfeff, sa_flags=0x10000004


---------------  S Y S T E M  ---------------

OS:wheezy/sid

uname:Linux 3.5.0-17-generic #28-Ubuntu SMP Tue Oct 9 19:32:08 UTC 2012 i686
libc:glibc 2.15 NPTL 2.15 
rlimit: STACK 8192k, CORE 0k, NPROC 15505, NOFILE 4096, AS infinity
load average:0.14 0.33 0.38

/proc/meminfo:
MemTotal:        2000188 kB
MemFree:          117732 kB
Buffers:           90276 kB
Cached:           702180 kB
SwapCached:        10880 kB
Active:           833544 kB
Inactive:         894048 kB
Active(anon):     464076 kB
Inactive(anon):   482656 kB
Active(file):     369468 kB
Inactive(file):   411392 kB
Unevictable:       31240 kB
Mlocked:           31240 kB
HighTotal:       1117896 kB
HighFree:          14172 kB
LowTotal:         882292 kB
LowFree:          103560 kB
SwapTotal:       2029564 kB
SwapFree:        1982640 kB
Dirty:               172 kB
Writeback:           500 kB
AnonPages:        956868 kB
Mapped:           131756 kB
Shmem:              5760 kB
Slab:              59120 kB
SReclaimable:      40120 kB
SUnreclaim:        19000 kB
KernelStack:        3632 kB
PageTables:        10744 kB
NFS_Unstable:          0 kB
Bounce:                0 kB
WritebackTmp:          0 kB
CommitLimit:     3029656 kB
Committed_AS:    3334968 kB
VmallocTotal:     122880 kB
VmallocUsed:       52884 kB
VmallocChunk:      65012 kB
HardwareCorrupted:     0 kB
AnonHugePages:         0 kB
HugePages_Total:       0
HugePages_Free:        0
HugePages_Rsvd:        0
HugePages_Surp:        0
Hugepagesize:       2048 kB
DirectMap4k:      155640 kB
DirectMap2M:      757760 kB


CPU:total 2 (2 cores per cpu, 1 threads per core) family 15 model 107 stepping 2, cmov, cx8, fxsr, mmx, sse, sse2, sse3, mmxext, 3dnowpref

/proc/cpuinfo:
processor	: 0
vendor_id	: AuthenticAMD
cpu family	: 15
model		: 107
model name	: AMD Athlon(tm) 64 X2 Dual Core Processor 4400+
stepping	: 2
cpu MHz		: 2200.254
cache size	: 512 KB
physical id	: 0
siblings	: 2
core id		: 0
cpu cores	: 2
apicid		: 0
initial apicid	: 0
fdiv_bug	: no
hlt_bug		: no
f00f_bug	: no
coma_bug	: no
fpu		: yes
fpu_exception	: yes
cpuid level	: 1
wp		: yes
flags		: fpu vme de pse tsc msr pae mce cx8 apic sep mtrr pge mca cmov pat pse36 clflush mmx fxsr sse sse2 ht syscall nx mmxext fxsr_opt rdtscp lm 3dnowext 3dnow extd_apicid pni cx16 lahf_lm cmp_legacy svm extapic cr8_legacy 3dnowprefetch lbrv
bogomips	: 4400.50
clflush size	: 64
cache_alignment	: 64
address sizes	: 40 bits physical, 48 bits virtual
power management: ts fid vid ttp tm stc 100mhzsteps

processor	: 1
vendor_id	: AuthenticAMD
cpu family	: 15
model		: 107
model name	: AMD Athlon(tm) 64 X2 Dual Core Processor 4400+
stepping	: 2
cpu MHz		: 2200.254
cache size	: 512 KB
physical id	: 0
siblings	: 2
core id		: 1
cpu cores	: 2
apicid		: 1
initial apicid	: 1
fdiv_bug	: no
hlt_bug		: no
f00f_bug	: no
coma_bug	: no
fpu		: yes
fpu_exception	: yes
cpuid level	: 1
wp		: yes
flags		: fpu vme de pse tsc msr pae mce cx8 apic sep mtrr pge mca cmov pat pse36 clflush mmx fxsr sse sse2 ht syscall nx mmxext fxsr_opt rdtscp lm 3dnowext 3dnow extd_apicid pni cx16 lahf_lm cmp_legacy svm extapic cr8_legacy 3dnowprefetch lbrv
bogomips	: 4400.42
clflush size	: 64
cache_alignment	: 64
address sizes	: 40 bits physical, 48 bits virtual
power management: ts fid vid ttp tm stc 100mhzsteps



Memory: 4k page, physical 2000188k(117732k free), swap 2029564k(1982640k free)

vm_info: Java HotSpot(TM) Server VM (22.1-b02) for linux-x86 JRE (1.7.0_03-b04), built on Jan 20 2012 10:08:12 by "java_re" with gcc 4.3.0 20080428 (Red Hat 4.3.0-8)

time: Fri Nov 16 05:08:14 2012
elapsed time: 66 seconds

