#
# A fatal error has been detected by the Java Runtime Environment:
#
#  SIGSEGV (0xb) at pc=0x000134ee, pid=19535, tid=2320874304
#
# JRE version: 7.0_03-b04
# Java VM: Java HotSpot(TM) Server VM (22.1-b02 mixed mode linux-x86 )
# Problematic frame:
# C  0x000134ee
#
# Failed to write core dump. Core dumps have been disabled. To enable core dumping, try "ulimit -c unlimited" before starting Java again
#
# If you would like to submit a bug report, please visit:
#   http://bugreport.sun.com/bugreport/crash.jsp
# The crash happened outside the Java Virtual Machine in native code.
# See problematic frame for where to report the bug.
#

---------------  T H R E A D  ---------------

Current thread (0x8fa5a000):  JavaThread "LWJGL Application" [_thread_in_native, id=19557, stack(0x8a50b000,0x8a55c000)]

siginfo:si_signo=SIGSEGV: si_errno=0, si_code=1 (SEGV_MAPERR), si_addr=0x000134ee

Registers:
EAX=0xa9cf916c, EBX=0x90078ff4, ECX=0x00000040, EDX=0x08a04a00
ESP=0x8a55ad6c, EBP=0x8a55ada8, ESI=0x8fa5a120, EDI=0xa9cf916c
EIP=0x000134ee, EFLAGS=0x00010212, CR2=0x000134ee

Top of Stack: (sp=0x8a55ad6c)
0x8a55ad6c:   9005215f 08a04a00 a9cf916c 00000040
0x8a55ad7c:   895d705b 08962b10 00000003 00000000
0x8a55ad8c:   08a04a00 87e89000 87ec28b0 8a55add8
0x8a55ad9c:   a9cefa90 8a55add0 8fa5a000 8a55ade8
0x8a55adac:   b3836d9a 8fa5a120 8a55add0 8a55adc8
0x8a55adbc:   8a55adcc 00000010 00000000 a9cf9160
0x8a55adcc:   a9cf7b38 a9cf8308 eda123ff 3ca3d70a
0x8a55addc:   b38414f0 8fa5a120 8a55adfc a9cf7b38 

Instructions: (pc=0x000134ee)
0x000134ce:   
[error occurred during error reporting (printing registers, top of stack, instructions near pc), id 0xb]

Register to memory mapping:

EAX=0xa9cf916c is an unknown value
EBX=
[error occurred during error reporting (printing register info), id 0xb]

Stack: [0x8a50b000,0x8a55c000],  sp=0x8a55ad6c,  free space=319k
Native frames: (J=compiled Java code, j=interpreted, Vv=VM code, C=native code)
C  0x000134ee
J  com.badlogic.gdx.utils.BufferUtils.copyJni([FLjava/nio/Buffer;II)V

Java frames: (J=compiled Java code, j=interpreted, Vv=VM code)
J  com.badlogic.gdx.utils.BufferUtils.copyJni([FLjava/nio/Buffer;II)V
J  com.badlogic.gdx.graphics.g2d.SpriteBatch.setupMatrices()V
J  com.tooflya.bubblefun.screens.Screen.onManagedDraw(F)V
j  com.planetbattle.managers.ScreensManager.onManagedDraw(F)V+5
j  com.tooflya.bubblefun.Game.render()V+42
j  com.badlogic.gdx.backends.lwjgl.LwjglApplication.mainLoop()V+461
j  com.badlogic.gdx.backends.lwjgl.LwjglApplication$1.run()V+27
v  ~StubRoutines::call_stub

---------------  P R O C E S S  ---------------

Java Threads: ( => current thread )
  0xb6805400 JavaThread "DestroyJavaVM" [_thread_blocked, id=19540, stack(0xb6987000,0xb69d8000)]
=>0x8fa5a000 JavaThread "LWJGL Application" [_thread_in_native, id=19557, stack(0x8a50b000,0x8a55c000)]
  0x8fa1b400 JavaThread "AWT-XAWT" daemon [_thread_in_native, id=19552, stack(0x8f9af000,0x8fa00000)]
  0x8fff5c00 JavaThread "Java2D Disposer" daemon [_thread_blocked, id=19551, stack(0x8fb4e000,0x8fb9f000)]
  0xb68edc00 JavaThread "Service Thread" daemon [_thread_blocked, id=19549, stack(0x900fb000,0x9014c000)]
  0xb68ec000 JavaThread "C2 CompilerThread1" daemon [_thread_blocked, id=19548, stack(0x9014c000,0x901cd000)]
  0xb68ea000 JavaThread "C2 CompilerThread0" daemon [_thread_blocked, id=19547, stack(0x901cd000,0x9024e000)]
  0xb68e8800 JavaThread "Signal Dispatcher" daemon [_thread_blocked, id=19546, stack(0x9024e000,0x9029f000)]
  0xb68b0c00 JavaThread "Finalizer" daemon [_thread_blocked, id=19545, stack(0x9049f000,0x904f0000)]
  0xb68af000 JavaThread "Reference Handler" daemon [_thread_blocked, id=19544, stack(0x904f0000,0x90541000)]

Other Threads:
  0xb68a9800 VMThread [stack: 0x90834000,0x908b5000] [id=19543]
  0xb68ef800 WatcherThread [stack: 0x9007a000,0x900fb000] [id=19550]

VM state:not at safepoint (normal execution)

VM Mutex/Monitor currently owned by a thread: None

Heap
 PSYoungGen      total 9152K, used 8471K [0xa93b0000, 0xa9de0000, 0xb3700000)
  eden space 7872K, 93% used [0xa93b0000,0xa9add2e0,0xa9b60000)
  from space 1280K, 87% used [0xa9ca0000,0xa9db8a20,0xa9de0000)
  to   space 1280K, 0% used [0xa9b60000,0xa9b60000,0xa9ca0000)
 PSOldGen        total 20864K, used 1054K [0x94d00000, 0x96160000, 0xa93b0000)
  object space 20864K, 5% used [0x94d00000,0x94e07b80,0x96160000)
 PSPermGen       total 16384K, used 4815K [0x90d00000, 0x91d00000, 0x94d00000)
  object space 16384K, 29% used [0x90d00000,0x911b3fd0,0x91d00000)

Code Cache  [0xb37c8000, 0xb3a08000, 0xb67c8000)
 total_blobs=441 nmethods=186 adapters=208 free_code_cache=48564Kb largest_free_block=49704576

Dynamic libraries:
08048000-08049000 r-xp 00000000 08:06 794087     /usr/local/java/jre1.7.0_03/bin/java
08049000-0804a000 rw-p 00000000 08:06 794087     /usr/local/java/jre1.7.0_03/bin/java
08812000-08d5a000 rw-p 00000000 00:00 0          [heap]
87100000-8713a000 rw-p 00000000 00:00 0 
8713a000-87200000 ---p 00000000 00:00 0 
87300000-873ff000 rw-p 00000000 00:00 0 
873ff000-87400000 ---p 00000000 00:00 0 
87467000-874d6000 rw-p 00000000 00:00 0 
87545000-87762000 rw-p 00000000 00:00 0 
87762000-87962000 rw-s 36eb2000 00:05 9380       /dev/nvidia0
87962000-87bab000 rw-p 00000000 00:00 0 
87bab000-87bad000 rw-s 00000000 08:06 4325442    /tmp/glohWm0J (deleted)
87bad000-87baf000 r-xs 00000000 08:06 4325442    /tmp/glohWm0J (deleted)
87baf000-87bef000 rw-s c3b38000 00:05 9380       /dev/nvidia0
87bef000-87cef000 rw-s 1930a000 00:05 9380       /dev/nvidia0
87cef000-87def000 rw-s 319e4000 00:05 9380       /dev/nvidia0
87def000-87ee1000 rw-p 00000000 00:00 0 
87ee1000-8860f000 rw-s c0000000 00:05 9380       /dev/nvidia0
8860f000-88666000 rw-p 00000000 00:00 0 
8868c000-886a9000 rw-s 2f647000 00:05 9380       /dev/nvidia0
886a9000-8872a000 rw-p 00000000 00:00 0 
8872a000-8a3b7000 r-xp 00000000 08:06 525050     /usr/lib/nvidia-current-updates/libnvidia-glcore.so.304.51
8a3b7000-8a41c000 rwxp 01c8d000 08:06 525050     /usr/lib/nvidia-current-updates/libnvidia-glcore.so.304.51
8a41c000-8a42f000 rwxp 00000000 00:00 0 
8a42f000-8a4dc000 r-xp 00000000 08:06 525058     /usr/lib/nvidia-current-updates/libGL.so.304.51
8a4dc000-8a4fc000 rwxp 000ac000 08:06 525058     /usr/lib/nvidia-current-updates/libGL.so.304.51
8a4fc000-8a50b000 rwxp 00000000 00:00 0 
8a50b000-8a50e000 ---p 00000000 00:00 0 
8a50e000-8a55c000 rw-p 00000000 00:00 0          [stack:19557]
8a55c000-8a55d000 ---p 00000000 00:00 0 
8a55d000-8ad5d000 rw-p 00000000 00:00 0          [stack:19556]
8ad5d000-8ed5e000 rw-s 00000000 00:12 552645     /run/shm/pulse-shm-2229261876
8ed5e000-8ed87000 rw-p 00000000 00:00 0 
8ed87000-8ed88000 ---p 00000000 00:00 0 
8ed88000-8f588000 rw-p 00000000 00:00 0          [stack:19555]
8f588000-8f59b000 r-xp 00000000 08:06 6164528    /lib/i386-linux-gnu/libresolv-2.15.so
8f59b000-8f59c000 r--p 00013000 08:06 6164528    /lib/i386-linux-gnu/libresolv-2.15.so
8f59c000-8f59d000 rw-p 00014000 08:06 6164528    /lib/i386-linux-gnu/libresolv-2.15.so
8f59d000-8f59f000 rw-p 00000000 00:00 0 
8f59f000-8f5a5000 r-xp 00000000 08:06 267413     /usr/lib/i386-linux-gnu/libogg.so.0.8.0
8f5a5000-8f5a6000 r--p 00005000 08:06 267413     /usr/lib/i386-linux-gnu/libogg.so.0.8.0
8f5a6000-8f5a7000 rw-p 00006000 08:06 267413     /usr/lib/i386-linux-gnu/libogg.so.0.8.0
8f5a7000-8f5d0000 r-xp 00000000 08:06 270260     /usr/lib/i386-linux-gnu/libvorbis.so.0.4.5
8f5d0000-8f5d1000 ---p 00029000 08:06 270260     /usr/lib/i386-linux-gnu/libvorbis.so.0.4.5
8f5d1000-8f5d2000 r--p 00029000 08:06 270260     /usr/lib/i386-linux-gnu/libvorbis.so.0.4.5
8f5d2000-8f5d3000 rw-p 0002a000 08:06 270260     /usr/lib/i386-linux-gnu/libvorbis.so.0.4.5
8f5d3000-8f739000 r-xp 00000000 08:06 270255     /usr/lib/i386-linux-gnu/libvorbisenc.so.2.0.8
8f739000-8f74a000 r--p 00165000 08:06 270255     /usr/lib/i386-linux-gnu/libvorbisenc.so.2.0.8
8f74a000-8f74b000 rw-p 00176000 08:06 270255     /usr/lib/i386-linux-gnu/libvorbisenc.so.2.0.8
8f74b000-8f799000 r-xp 00000000 08:06 267579     /usr/lib/i386-linux-gnu/libFLAC.so.8.2.0
8f799000-8f79a000 r--p 0004e000 08:06 267579     /usr/lib/i386-linux-gnu/libFLAC.so.8.2.0
8f79a000-8f79b000 rw-p 0004f000 08:06 267579     /usr/lib/i386-linux-gnu/libFLAC.so.8.2.0
8f79b000-8f808000 r-xp 00000000 08:06 270262     /usr/lib/i386-linux-gnu/libsndfile.so.1.0.25
8f808000-8f80a000 r--p 0006c000 08:06 270262     /usr/lib/i386-linux-gnu/libsndfile.so.1.0.25
8f80a000-8f80b000 rw-p 0006e000 08:06 270262     /usr/lib/i386-linux-gnu/libsndfile.so.1.0.25
8f80b000-8f80f000 rw-p 00000000 00:00 0 
8f80f000-8f857000 r-xp 00000000 08:06 6161464    /lib/i386-linux-gnu/libdbus-1.so.3.7.2
8f857000-8f858000 r--p 00047000 08:06 6161464    /lib/i386-linux-gnu/libdbus-1.so.3.7.2
8f858000-8f859000 rw-p 00048000 08:06 6161464    /lib/i386-linux-gnu/libdbus-1.so.3.7.2
8f859000-8f8bb000 r-xp 00000000 08:06 659995     /usr/lib/i386-linux-gnu/pulseaudio/libpulsecommon-2.1.so
8f8bb000-8f8bc000 r--p 00061000 08:06 659995     /usr/lib/i386-linux-gnu/pulseaudio/libpulsecommon-2.1.so
8f8bc000-8f8bd000 rw-p 00062000 08:06 659995     /usr/lib/i386-linux-gnu/pulseaudio/libpulsecommon-2.1.so
8f8bd000-8f909000 r-xp 00000000 08:06 270264     /usr/lib/i386-linux-gnu/libpulse.so.0.14.3
8f909000-8f90a000 r--p 0004c000 08:06 270264     /usr/lib/i386-linux-gnu/libpulse.so.0.14.3
8f90a000-8f90b000 rw-p 0004d000 08:06 270264     /usr/lib/i386-linux-gnu/libpulse.so.0.14.3
8f90b000-8f950000 r-xp 00000000 08:06 4325414    /tmp/libgdxigor/3593929314/libopenal.so
8f950000-8f951000 r--p 00045000 08:06 4325414    /tmp/libgdxigor/3593929314/libopenal.so
8f951000-8f952000 rw-p 00046000 08:06 4325414    /tmp/libgdxigor/3593929314/libopenal.so
8f952000-8f9ac000 r-xp 00000000 08:06 4325415    /tmp/libgdxigor/3593929314/liblwjgl.so
8f9ac000-8f9ad000 ---p 0005a000 08:06 4325415    /tmp/libgdxigor/3593929314/liblwjgl.so
8f9ad000-8f9ae000 r--p 0005a000 08:06 4325415    /tmp/libgdxigor/3593929314/liblwjgl.so
8f9ae000-8f9af000 rw-p 0005b000 08:06 4325415    /tmp/libgdxigor/3593929314/liblwjgl.so
8f9af000-8f9b2000 ---p 00000000 00:00 0 
8f9b2000-8fa00000 rw-p 00000000 00:00 0          [stack:19552]
8fa00000-8fa65000 rw-p 00000000 00:00 0 
8fa65000-8fb00000 ---p 00000000 00:00 0 
8fb18000-8fb1b000 ---p 00000000 00:00 0 
8fb1b000-8fb27000 rw-p 00000000 00:00 0 
8fb27000-8fb2c000 r-xp 00000000 08:06 265062     /usr/lib/i386-linux-gnu/libasyncns.so.0.3.1
8fb2c000-8fb2d000 r--p 00004000 08:06 265062     /usr/lib/i386-linux-gnu/libasyncns.so.0.3.1
8fb2d000-8fb2e000 rw-p 00005000 08:06 265062     /usr/lib/i386-linux-gnu/libasyncns.so.0.3.1
8fb2e000-8fb36000 r-xp 00000000 08:06 6161354    /lib/i386-linux-gnu/libwrap.so.0.7.6
8fb36000-8fb37000 r--p 00007000 08:06 6161354    /lib/i386-linux-gnu/libwrap.so.0.7.6
8fb37000-8fb38000 rw-p 00008000 08:06 6161354    /lib/i386-linux-gnu/libwrap.so.0.7.6
8fb38000-8fb41000 r-xp 00000000 08:06 268016     /usr/lib/i386-linux-gnu/libXrandr.so.2.2.0
8fb41000-8fb42000 r--p 00008000 08:06 268016     /usr/lib/i386-linux-gnu/libXrandr.so.2.2.0
8fb42000-8fb43000 rw-p 00009000 08:06 268016     /usr/lib/i386-linux-gnu/libXrandr.so.2.2.0
8fb43000-8fb4c000 r-xp 00000000 08:06 263157     /usr/lib/i386-linux-gnu/libXcursor.so.1.0.2
8fb4c000-8fb4d000 r--p 00008000 08:06 263157     /usr/lib/i386-linux-gnu/libXcursor.so.1.0.2
8fb4d000-8fb4e000 rw-p 00009000 08:06 263157     /usr/lib/i386-linux-gnu/libXcursor.so.1.0.2
8fb4e000-8fb51000 ---p 00000000 00:00 0 
8fb51000-8fb9f000 rw-p 00000000 00:00 0          [stack:19551]
8fb9f000-8fcd1000 r-xp 00000000 08:06 263028     /usr/lib/i386-linux-gnu/libX11.so.6.3.0
8fcd1000-8fcd2000 r--p 00132000 08:06 263028     /usr/lib/i386-linux-gnu/libX11.so.6.3.0
8fcd2000-8fcd5000 rw-p 00133000 08:06 263028     /usr/lib/i386-linux-gnu/libX11.so.6.3.0
8fcd5000-8fce5000 r-xp 00000000 08:06 267517     /usr/lib/i386-linux-gnu/libXext.so.6.4.0
8fce5000-8fce6000 r--p 0000f000 08:06 267517     /usr/lib/i386-linux-gnu/libXext.so.6.4.0
8fce6000-8fce7000 rw-p 00010000 08:06 267517     /usr/lib/i386-linux-gnu/libXext.so.6.4.0
8fcf1000-8fcf5000 rw-s 2f1af000 00:05 9380       /dev/nvidia0
8fcf5000-8fcfc000 r--s 00000000 08:06 270934     /usr/lib/i386-linux-gnu/gconv/gconv-modules.cache
8fcfc000-8fd45000 r-xp 00000000 08:06 2495609    /usr/local/java/jre1.7.0_03/lib/i386/xawt/libmawt.so
8fd45000-8fd47000 rw-p 00048000 08:06 2495609    /usr/local/java/jre1.7.0_03/lib/i386/xawt/libmawt.so
8fd47000-8fd48000 rw-p 00000000 00:00 0 
8fd48000-8fdce000 r-xp 00000000 08:06 2495583    /usr/local/java/jre1.7.0_03/lib/i386/libawt.so
8fdce000-8fdd5000 rw-p 00086000 08:06 2495583    /usr/local/java/jre1.7.0_03/lib/i386/libawt.so
8fdd5000-8fdf9000 rw-p 00000000 00:00 0 
8fdf9000-8fe15000 r-xp 00000000 08:06 6161353    /lib/i386-linux-gnu/libgcc_s.so.1
8fe15000-8fe16000 r--p 0001b000 08:06 6161353    /lib/i386-linux-gnu/libgcc_s.so.1
8fe16000-8fe17000 rw-p 0001c000 08:06 6161353    /lib/i386-linux-gnu/libgcc_s.so.1
8fe17000-8fef3000 r-xp 00000000 08:06 263288     /usr/lib/i386-linux-gnu/libstdc++.so.6.0.17
8fef3000-8fef4000 ---p 000dc000 08:06 263288     /usr/lib/i386-linux-gnu/libstdc++.so.6.0.17
8fef4000-8fef8000 r--p 000dc000 08:06 263288     /usr/lib/i386-linux-gnu/libstdc++.so.6.0.17
8fef8000-8fef9000 rw-p 000e0000 08:06 263288     /usr/lib/i386-linux-gnu/libstdc++.so.6.0.17
8fef9000-8ff00000 rw-p 00000000 00:00 0 
8ff00000-90000000 rw-p 00000000 00:00 0 
90000000-90008000 r-xp 00000000 08:06 264916     /usr/lib/i386-linux-gnu/libjson.so.0.1.0
90008000-90009000 r--p 00007000 08:06 264916     /usr/lib/i386-linux-gnu/libjson.so.0.1.0
90009000-9000a000 rw-p 00008000 08:06 264916     /usr/lib/i386-linux-gnu/libjson.so.0.1.0
9000a000-9000f000 r-xp 00000000 08:06 265136     /usr/lib/i386-linux-gnu/libXfixes.so.3.1.0
9000f000-90010000 r--p 00004000 08:06 265136     /usr/lib/i386-linux-gnu/libXfixes.so.3.1.0
90010000-90011000 rw-p 00005000 08:06 265136     /usr/lib/i386-linux-gnu/libXfixes.so.3.1.0
90011000-90078000 r-xp 00000000 08:06 4325413    /tmp/libgdxigor/3593929314/libgdx.so
90078000-90079000 r--p 00066000 08:06 4325413    /tmp/libgdxigor/3593929314/libgdx.so
90079000-9007a000 rw-p 00067000 08:06 4325413    /tmp/libgdxigor/3593929314/libgdx.so
9007a000-9007b000 ---p 00000000 00:00 0 
9007b000-900fb000 rw-p 00000000 00:00 0          [stack:19550]
900fb000-900fe000 ---p 00000000 00:00 0 
900fe000-9014c000 rw-p 00000000 00:00 0          [stack:19549]
9014c000-9014f000 ---p 00000000 00:00 0 
9014f000-901cd000 rw-p 00000000 00:00 0          [stack:19548]
901cd000-901d0000 ---p 00000000 00:00 0 
901d0000-9024e000 rw-p 00000000 00:00 0          [stack:19547]
9024e000-90251000 ---p 00000000 00:00 0 
90251000-9029f000 rw-p 00000000 00:00 0          [stack:19546]
9029f000-9049f000 r--p 00000000 08:06 262271     /usr/lib/locale/locale-archive
9049f000-904a2000 ---p 00000000 00:00 0 
904a2000-904f0000 rw-p 00000000 00:00 0          [stack:19545]
904f0000-904f3000 ---p 00000000 00:00 0 
904f3000-90541000 rw-p 00000000 00:00 0          [stack:19544]
90541000-90700000 r--s 031da000 08:06 922413     /usr/local/java/jre1.7.0_03/lib/rt.jar
90700000-907fc000 rw-p 00000000 00:00 0 
907fc000-90800000 ---p 00000000 00:00 0 
90801000-90802000 rw-s c3efc000 00:05 9380       /dev/nvidia0
90802000-90822000 r-xp 00000000 08:06 262995     /usr/lib/i386-linux-gnu/libxcb.so.1.1.0
90822000-90823000 r--p 0001f000 08:06 262995     /usr/lib/i386-linux-gnu/libxcb.so.1.1.0
90823000-90824000 rw-p 00020000 08:06 262995     /usr/lib/i386-linux-gnu/libxcb.so.1.1.0
90824000-90832000 r-xp 00000000 08:06 267627     /usr/lib/i386-linux-gnu/libXi.so.6.1.0
90832000-90833000 r--p 0000d000 08:06 267627     /usr/lib/i386-linux-gnu/libXi.so.6.1.0
90833000-90834000 rw-p 0000e000 08:06 267627     /usr/lib/i386-linux-gnu/libXi.so.6.1.0
90834000-90835000 ---p 00000000 00:00 0 
90835000-90900000 rw-p 00000000 00:00 0          [stack:19543]
90900000-90921000 rw-p 00000000 00:00 0 
90921000-90a00000 ---p 00000000 00:00 0 
90a00000-90a01000 rw-s 31109000 00:05 9380       /dev/nvidia0
90a01000-90a04000 r-xp 00000000 08:06 525046     /usr/lib/nvidia-current-updates/tls/libnvidia-tls.so.304.51
90a04000-90a05000 rw-p 00002000 08:06 525046     /usr/lib/nvidia-current-updates/tls/libnvidia-tls.so.304.51
90a05000-90a0a000 r-xp 00000000 08:06 263795     /usr/lib/i386-linux-gnu/libXtst.so.6.1.0
90a0a000-90a0b000 r--p 00004000 08:06 263795     /usr/lib/i386-linux-gnu/libXtst.so.6.1.0
90a0b000-90a0c000 rw-p 00005000 08:06 263795     /usr/lib/i386-linux-gnu/libXtst.so.6.1.0
90a0c000-90a14000 r-xp 00000000 08:06 262692     /usr/lib/i386-linux-gnu/libXrender.so.1.3.0
90a14000-90a15000 r--p 00007000 08:06 262692     /usr/lib/i386-linux-gnu/libXrender.so.1.3.0
90a15000-90a16000 rw-p 00008000 08:06 262692     /usr/lib/i386-linux-gnu/libXrender.so.1.3.0
90a16000-90a24000 r--s 000d8000 08:06 6425512    /home/igor/git/bubble-fun/libs/gdx.jar
90a24000-90a25000 ---p 00000000 00:00 0 
90a25000-90aa5000 rw-p 00000000 00:00 0          [stack:19542]
90aa5000-90aa6000 ---p 00000000 00:00 0 
90aa6000-90b2e000 rw-p 00000000 00:00 0          [stack:19541]
90b2e000-90b46000 rw-p 00000000 00:00 0 
90b46000-90b51000 rw-p 00000000 00:00 0 
90b51000-90bea000 rw-p 00000000 00:00 0 
90bea000-90bf2000 rw-p 00000000 00:00 0 
90bf2000-90c0a000 rw-p 00000000 00:00 0 
90c0a000-90c15000 rw-p 00000000 00:00 0 
90c15000-90cad000 rw-p 00000000 00:00 0 
90cad000-90cb3000 rw-p 00000000 00:00 0 
90cb3000-90cff000 rw-p 00000000 00:00 0 
90cff000-91d00000 rw-p 00000000 00:00 0 
91d00000-94d00000 rw-p 00000000 00:00 0 
94d00000-96160000 rw-p 00000000 00:00 0 
96160000-a93b0000 rw-p 00000000 00:00 0 
a93b0000-a9de0000 rw-p 00000000 00:00 0 
a9de0000-b3700000 rw-p 00000000 00:00 0 
b3700000-b3701000 rw-s 334ed000 00:05 9380       /dev/nvidia0
b3701000-b3706000 r-xp 00000000 08:06 262972     /usr/lib/i386-linux-gnu/libXdmcp.so.6.0.0
b3706000-b3707000 r--p 00004000 08:06 262972     /usr/lib/i386-linux-gnu/libXdmcp.so.6.0.0
b3707000-b3708000 rw-p 00005000 08:06 262972     /usr/lib/i386-linux-gnu/libXdmcp.so.6.0.0
b3708000-b3711000 rw-p 00000000 00:00 0 
b3711000-b37c8000 rw-p 00000000 00:00 0 
b37c8000-b3a08000 rwxp 00000000 00:00 0 
b3a08000-b67c8000 rw-p 00000000 00:00 0 
b67c8000-b67de000 r-xp 00000000 08:06 6168522    /lib/i386-linux-gnu/libnsl-2.15.so
b67de000-b67df000 r--p 00015000 08:06 6168522    /lib/i386-linux-gnu/libnsl-2.15.so
b67df000-b67e0000 rw-p 00016000 08:06 6168522    /lib/i386-linux-gnu/libnsl-2.15.so
b67e0000-b67e2000 rw-p 00000000 00:00 0 
b67e2000-b67e9000 r-xp 00000000 08:06 6164372    /lib/i386-linux-gnu/libnss_compat-2.15.so
b67e9000-b67ea000 r--p 00006000 08:06 6164372    /lib/i386-linux-gnu/libnss_compat-2.15.so
b67ea000-b67eb000 rw-p 00007000 08:06 6164372    /lib/i386-linux-gnu/libnss_compat-2.15.so
b67ec000-b67ed000 r--s 00127000 08:06 6425511    /home/igor/git/bubble-fun/libs/gdx-natives.jar
b67ed000-b6800000 r--s 00137000 08:06 6425510    /home/igor/git/bubble-fun/libs/gdx-backend-lwjgl.jar
b6800000-b6900000 rw-p 00000000 00:00 0 
b6900000-b6901000 rw-s 1f719000 00:05 9380       /dev/nvidia0
b6901000-b6902000 rw-s dec03000 00:05 9380       /dev/nvidia0
b6902000-b6904000 r-xp 00000000 08:06 262257     /usr/lib/i386-linux-gnu/libXau.so.6.0.0
b6904000-b6905000 r--p 00001000 08:06 262257     /usr/lib/i386-linux-gnu/libXau.so.6.0.0
b6905000-b6906000 rw-p 00002000 08:06 262257     /usr/lib/i386-linux-gnu/libXau.so.6.0.0
b6906000-b6921000 r--s 00218000 08:06 6425508    /home/igor/git/bubble-fun/libs/gdx-backend-jogl.jar
b6921000-b6938000 r-xp 00000000 08:06 2495606    /usr/local/java/jre1.7.0_03/lib/i386/libzip.so
b6938000-b6939000 rw-p 00017000 08:06 2495606    /usr/local/java/jre1.7.0_03/lib/i386/libzip.so
b6939000-b6941000 rw-s 00000000 08:06 4325406    /tmp/hsperfdata_igor/19535
b6941000-b694c000 r-xp 00000000 08:06 6164527    /lib/i386-linux-gnu/libnss_files-2.15.so
b694c000-b694d000 r--p 0000a000 08:06 6164527    /lib/i386-linux-gnu/libnss_files-2.15.so
b694d000-b694e000 rw-p 0000b000 08:06 6164527    /lib/i386-linux-gnu/libnss_files-2.15.so
b694e000-b6958000 r-xp 00000000 08:06 6165962    /lib/i386-linux-gnu/libnss_nis-2.15.so
b6958000-b6959000 r--p 00009000 08:06 6165962    /lib/i386-linux-gnu/libnss_nis-2.15.so
b6959000-b695a000 rw-p 0000a000 08:06 6165962    /lib/i386-linux-gnu/libnss_nis-2.15.so
b695a000-b697d000 r-xp 00000000 08:06 2495597    /usr/local/java/jre1.7.0_03/lib/i386/libjava.so
b697d000-b697e000 rw-p 00023000 08:06 2495597    /usr/local/java/jre1.7.0_03/lib/i386/libjava.so
b697e000-b6985000 r-xp 00000000 08:06 6164536    /lib/i386-linux-gnu/librt-2.15.so
b6985000-b6986000 r--p 00006000 08:06 6164536    /lib/i386-linux-gnu/librt-2.15.so
b6986000-b6987000 rw-p 00007000 08:06 6164536    /lib/i386-linux-gnu/librt-2.15.so
b6987000-b698a000 ---p 00000000 00:00 0 
b698a000-b69d8000 rw-p 00000000 00:00 0          [stack:19540]
b69d8000-b6a02000 r-xp 00000000 08:06 6165970    /lib/i386-linux-gnu/libm-2.15.so
b6a02000-b6a03000 r--p 00029000 08:06 6165970    /lib/i386-linux-gnu/libm-2.15.so
b6a03000-b6a04000 rw-p 0002a000 08:06 6165970    /lib/i386-linux-gnu/libm-2.15.so
b6a04000-b7172000 r-xp 00000000 08:06 2495574    /usr/local/java/jre1.7.0_03/lib/i386/server/libjvm.so
b7172000-b71c1000 rw-p 0076d000 08:06 2495574    /usr/local/java/jre1.7.0_03/lib/i386/server/libjvm.so
b71c1000-b75e1000 rw-p 00000000 00:00 0 
b75e1000-b7784000 r-xp 00000000 08:06 6160498    /lib/i386-linux-gnu/libc-2.15.so
b7784000-b7785000 ---p 001a3000 08:06 6160498    /lib/i386-linux-gnu/libc-2.15.so
b7785000-b7787000 r--p 001a3000 08:06 6160498    /lib/i386-linux-gnu/libc-2.15.so
b7787000-b7788000 rw-p 001a5000 08:06 6160498    /lib/i386-linux-gnu/libc-2.15.so
b7788000-b778b000 rw-p 00000000 00:00 0 
b778b000-b778e000 r-xp 00000000 08:06 6168517    /lib/i386-linux-gnu/libdl-2.15.so
b778e000-b778f000 r--p 00002000 08:06 6168517    /lib/i386-linux-gnu/libdl-2.15.so
b778f000-b7790000 rw-p 00003000 08:06 6168517    /lib/i386-linux-gnu/libdl-2.15.so
b7790000-b77a3000 r-xp 00000000 08:06 2495588    /usr/local/java/jre1.7.0_03/lib/i386/jli/libjli.so
b77a3000-b77a4000 rw-p 00012000 08:06 2495588    /usr/local/java/jre1.7.0_03/lib/i386/jli/libjli.so
b77a4000-b77a5000 rw-p 00000000 00:00 0 
b77a5000-b77bc000 r-xp 00000000 08:06 6165964    /lib/i386-linux-gnu/libpthread-2.15.so
b77bc000-b77bd000 r--p 00016000 08:06 6165964    /lib/i386-linux-gnu/libpthread-2.15.so
b77bd000-b77be000 rw-p 00017000 08:06 6165964    /lib/i386-linux-gnu/libpthread-2.15.so
b77be000-b77c0000 rw-p 00000000 00:00 0 
b77c0000-b77c1000 r-xp 00000000 08:06 2495598    /usr/local/java/jre1.7.0_03/lib/i386/libjawt.so
b77c1000-b77c2000 rw-p 00000000 08:06 2495598    /usr/local/java/jre1.7.0_03/lib/i386/libjawt.so
b77c2000-b77c3000 r--s 0014e000 08:06 6425509    /home/igor/git/bubble-fun/libs/gdx-backend-lwjgl-natives.jar
b77c3000-b77c5000 r--s 0022a000 08:06 6425507    /home/igor/git/bubble-fun/libs/gdx-backend-jogl-natives.jar
b77c5000-b77c6000 r--p 002c5000 08:06 262271     /usr/lib/locale/locale-archive
b77c6000-b77c7000 rw-p 00000000 00:00 0 
b77c7000-b77c8000 r--p 00000000 00:00 0 
b77c8000-b77d4000 r-xp 00000000 08:06 2495589    /usr/local/java/jre1.7.0_03/lib/i386/libverify.so
b77d4000-b77d5000 rw-p 0000c000 08:06 2495589    /usr/local/java/jre1.7.0_03/lib/i386/libverify.so
b77d5000-b77d7000 rw-p 00000000 00:00 0 
b77d7000-b77d8000 r-xp 00000000 00:00 0          [vdso]
b77d8000-b77f8000 r-xp 00000000 08:06 6165971    /lib/i386-linux-gnu/ld-2.15.so
b77f8000-b77f9000 r--p 0001f000 08:06 6165971    /lib/i386-linux-gnu/ld-2.15.so
b77f9000-b77fa000 rw-p 00020000 08:06 6165971    /lib/i386-linux-gnu/ld-2.15.so
bfc8b000-bfcac000 rw-p 00000000 00:00 0          [stack]

VM Arguments:
jvm_args: -Dfile.encoding=UTF-8 
java_command: com.tooflya.bubblefun.game.Application
Launcher Type: SUN_STANDARD

Environment Variables:
JAVA_HOME=/usr/local/java/jre1.7.0_03
PATH=/usr/lib/lightdm/lightdm:/usr/local/sbin:/usr/local/bin:/usr/sbin:/usr/bin:/sbin:/bin:/usr/games:/usr/local/games:/home/igor/bin:/usr/local/java/jdk1.7.0_03/bin:/home/igor/bin:/usr/local/java/jre1.7.0_03/bin
LD_LIBRARY_PATH=/usr/local/java/jre1.7.0_03/lib/i386/server:/usr/local/java/jre1.7.0_03/lib/i386:/usr/local/java/jre1.7.0_03/../lib/i386:/usr/local/java/jre1.7.0_03/lib/i386/client:/usr/local/java/jre1.7.0_03/lib/i386:
SHELL=/bin/bash
DISPLAY=:0.0

Signal Handlers:
SIGSEGV: [libjvm.so+0x6e2860], sa_mask[0]=0x7ffbfeff, sa_flags=0x10000004
SIGBUS: [libjvm.so+0x6e2860], sa_mask[0]=0x7ffbfeff, sa_flags=0x10000004
SIGFPE: [libjvm.so+0x5a3810], sa_mask[0]=0x7ffbfeff, sa_flags=0x10000004
SIGPIPE: [libjvm.so+0x5a3810], sa_mask[0]=0x7ffbfeff, sa_flags=0x10000004
SIGXFSZ: [libjvm.so+0x5a3810], sa_mask[0]=0x7ffbfeff, sa_flags=0x10000004
SIGILL: [libjvm.so+0x5a3810], sa_mask[0]=0x7ffbfeff, sa_flags=0x10000004
SIGUSR1: SIG_DFL, sa_mask[0]=0x00000000, sa_flags=0x00000000
SIGUSR2: [libjvm.so+0x5a3110], sa_mask[0]=0x00000004, sa_flags=0x10000004
SIGHUP: [libjvm.so+0x5a56e0], sa_mask[0]=0x7ffbfeff, sa_flags=0x10000004
SIGINT: [libjvm.so+0x5a56e0], sa_mask[0]=0x7ffbfeff, sa_flags=0x10000004
SIGTERM: [libjvm.so+0x5a56e0], sa_mask[0]=0x7ffbfeff, sa_flags=0x10000004
SIGQUIT: [libjvm.so+0x5a56e0], sa_mask[0]=0x7ffbfeff, sa_flags=0x10000004


---------------  S Y S T E M  ---------------

OS:wheezy/sid

uname:Linux 3.5.0-17-generic #28-Ubuntu SMP Tue Oct 9 19:32:08 UTC 2012 i686
libc:glibc 2.15 NPTL 2.15 
rlimit: STACK 8192k, CORE 0k, NPROC 15505, NOFILE 4096, AS infinity
load average:0.27 0.37 0.40

/proc/meminfo:
MemTotal:        2000188 kB
MemFree:          174956 kB
Buffers:           91800 kB
Cached:           679024 kB
SwapCached:        10892 kB
Active:           801160 kB
Inactive:         868804 kB
Active(anon):     427616 kB
Inactive(anon):   489296 kB
Active(file):     373544 kB
Inactive(file):   379508 kB
Unevictable:       31240 kB
Mlocked:           31240 kB
HighTotal:       1117896 kB
HighFree:          30788 kB
LowTotal:         882292 kB
LowFree:          144168 kB
SwapTotal:       2029564 kB
SwapFree:        1982880 kB
Dirty:              1236 kB
Writeback:             0 kB
AnonPages:        920924 kB
Mapped:           139020 kB
Shmem:             11860 kB
Slab:              59652 kB
SReclaimable:      40512 kB
SUnreclaim:        19140 kB
KernelStack:        3712 kB
PageTables:        10732 kB
NFS_Unstable:          0 kB
Bounce:                0 kB
WritebackTmp:          0 kB
CommitLimit:     3029656 kB
Committed_AS:    3302912 kB
VmallocTotal:     122880 kB
VmallocUsed:       52884 kB
VmallocChunk:      65012 kB
HardwareCorrupted:     0 kB
AnonHugePages:         0 kB
HugePages_Total:       0
HugePages_Free:        0
HugePages_Rsvd:        0
HugePages_Surp:        0
Hugepagesize:       2048 kB
DirectMap4k:      155640 kB
DirectMap2M:      757760 kB


CPU:total 2 (2 cores per cpu, 1 threads per core) family 15 model 107 stepping 2, cmov, cx8, fxsr, mmx, sse, sse2, sse3, mmxext, 3dnowpref

/proc/cpuinfo:
processor	: 0
vendor_id	: AuthenticAMD
cpu family	: 15
model		: 107
model name	: AMD Athlon(tm) 64 X2 Dual Core Processor 4400+
stepping	: 2
cpu MHz		: 2200.254
cache size	: 512 KB
physical id	: 0
siblings	: 2
core id		: 0
cpu cores	: 2
apicid		: 0
initial apicid	: 0
fdiv_bug	: no
hlt_bug		: no
f00f_bug	: no
coma_bug	: no
fpu		: yes
fpu_exception	: yes
cpuid level	: 1
wp		: yes
flags		: fpu vme de pse tsc msr pae mce cx8 apic sep mtrr pge mca cmov pat pse36 clflush mmx fxsr sse sse2 ht syscall nx mmxext fxsr_opt rdtscp lm 3dnowext 3dnow extd_apicid pni cx16 lahf_lm cmp_legacy svm extapic cr8_legacy 3dnowprefetch lbrv
bogomips	: 4400.50
clflush size	: 64
cache_alignment	: 64
address sizes	: 40 bits physical, 48 bits virtual
power management: ts fid vid ttp tm stc 100mhzsteps

processor	: 1
vendor_id	: AuthenticAMD
cpu family	: 15
model		: 107
model name	: AMD Athlon(tm) 64 X2 Dual Core Processor 4400+
stepping	: 2
cpu MHz		: 2200.254
cache size	: 512 KB
physical id	: 0
siblings	: 2
core id		: 1
cpu cores	: 2
apicid		: 1
initial apicid	: 1
fdiv_bug	: no
hlt_bug		: no
f00f_bug	: no
coma_bug	: no
fpu		: yes
fpu_exception	: yes
cpuid level	: 1
wp		: yes
flags		: fpu vme de pse tsc msr pae mce cx8 apic sep mtrr pge mca cmov pat pse36 clflush mmx fxsr sse sse2 ht syscall nx mmxext fxsr_opt rdtscp lm 3dnowext 3dnow extd_apicid pni cx16 lahf_lm cmp_legacy svm extapic cr8_legacy 3dnowprefetch lbrv
bogomips	: 4400.42
clflush size	: 64
cache_alignment	: 64
address sizes	: 40 bits physical, 48 bits virtual
power management: ts fid vid ttp tm stc 100mhzsteps



Memory: 4k page, physical 2000188k(174956k free), swap 2029564k(1982880k free)

vm_info: Java HotSpot(TM) Server VM (22.1-b02) for linux-x86 JRE (1.7.0_03-b04), built on Jan 20 2012 10:08:12 by "java_re" with gcc 4.3.0 20080428 (Red Hat 4.3.0-8)

time: Fri Nov 16 04:33:25 2012
elapsed time: 141 seconds

