#
# A fatal error has been detected by the Java Runtime Environment:
#
#  SIGBUS (0x7) at pc=0x8fed80f0, pid=13968, tid=2320329536
#
# JRE version: 7.0_03-b04
# Java VM: Java HotSpot(TM) Server VM (22.1-b02 mixed mode linux-x86 )
# Problematic frame:
# 
[error occurred during error reporting (printing problematic frame), id 0x7]

# Failed to write core dump. Core dumps have been disabled. To enable core dumping, try "ulimit -c unlimited" before starting Java again
#
# If you would like to submit a bug report, please visit:
#   http://bugreport.sun.com/bugreport/crash.jsp
# The crash happened outside the Java Virtual Machine in native code.
# See problematic frame for where to report the bug.
#

---------------  T H R E A D  ---------------

Current thread (0x8fa6a000):  JavaThread "LWJGL Application" [_thread_in_native, id=13991, stack(0x8a486000,0x8a4d7000)]

siginfo:si_signo=SIGBUS: si_errno=0, si_code=2 (BUS_ADRERR), si_addr=0x8fed80f0

Registers:
EAX=0x00000000, EBX=0xa9c93540, ECX=0xa9c95f48, EDX=0x8fa6a120
ESP=0x8a4d5d3c, EBP=0x8a4d5d78, ESI=0x8a4d5d60, EDI=0x8fa6a000
EIP=0x8fed80f0, EFLAGS=0x00010246, CR2=0x8fed80f0

Top of Stack: (sp=0x8a4d5d3c)
0x8a4d5d3c:   b37e7dda 8fa6a120 8a4d5d60 8a4d5d58
0x8a4d5d4c:   8a4d5d5c 00000010 00000000 a9c95f48
0x8a4d5d5c:   a9c93d00 a9c95650 eda123ff 3ca3d70a
0x8a4d5d6c:   b37f7370 8fa6a120 8a4d5d8c a9c93d00
0x8a4d5d7c:   b382457c 00000010 00000000 00000000
0x8a4d5d8c:   a9c93040 a9cb13c8 a9c95af8 a9c93540
0x8a4d5d9c:   00000010 a9c88aa8 ffffffff 0101ce10
0x8a4d5dac:   87e65d70 0823e480 a9cb1408 00000000 

Instructions: (pc=0x8fed80f0)
0x8fed80d0:   
[error occurred during error reporting (printing registers, top of stack, instructions near pc), id 0x7]

Register to memory mapping:

EAX=0x00000000 is an unknown value
EBX=0xa9c93540 is an oop
com.badlogic.gdx.graphics.glutils.ShaderProgram 
 - klass: 'com/badlogic/gdx/graphics/glutils/ShaderProgram'
ECX=0xa9c95f48 is an oop
[F 
 - klass: {type array float}
 - length: 16
EDX=0x8fa6a120 is an unknown value
ESP=0x8a4d5d3c is pointing into the stack for thread: 0x8fa6a000
EBP=0x8a4d5d78 is pointing into the stack for thread: 0x8fa6a000
ESI=0x8a4d5d60 is pointing into the stack for thread: 0x8fa6a000
EDI=0x8fa6a000 is a thread


Stack: [0x8a486000,0x8a4d7000],  sp=0x8a4d5d3c,  free space=319k
Native frames: (J=compiled Java code, j=interpreted, Vv=VM code, C=native code)

[error occurred during error reporting (printing native stack), id 0x7]

Java frames: (J=compiled Java code, j=interpreted, Vv=VM code)
J  com.badlogic.gdx.utils.BufferUtils.copyJni([FLjava/nio/Buffer;II)V
J  com.badlogic.gdx.graphics.g2d.SpriteBatch.setupMatrices()V
J  com.tooflya.bubblefun.screens.Screen.onManagedDraw()V
J  com.tooflya.bubblefun.Game.render()V
j  com.badlogic.gdx.backends.lwjgl.LwjglApplication.mainLoop()V+461
j  com.badlogic.gdx.backends.lwjgl.LwjglApplication$1.run()V+27
v  ~StubRoutines::call_stub

---------------  P R O C E S S  ---------------

Java Threads: ( => current thread )
  0xb6805400 JavaThread "DestroyJavaVM" [_thread_blocked, id=13972, stack(0xb691d000,0xb696e000)]
=>0x8fa6a000 JavaThread "LWJGL Application" [_thread_in_native, id=13991, stack(0x8a486000,0x8a4d7000)]
  0x8fa2b400 JavaThread "AWT-XAWT" daemon [_thread_in_native, id=13985, stack(0x8f95e000,0x8f9af000)]
  0x8fa05c00 JavaThread "Java2D Disposer" daemon [_thread_blocked, id=13984, stack(0x8f9af000,0x8fa00000)]
  0xb68edc00 JavaThread "Service Thread" daemon [_thread_blocked, id=13982, stack(0x900cb000,0x9011c000)]
  0xb68ec000 JavaThread "C2 CompilerThread1" daemon [_thread_blocked, id=13981, stack(0x9011c000,0x9019d000)]
  0xb68ea000 JavaThread "C2 CompilerThread0" daemon [_thread_blocked, id=13980, stack(0x9019d000,0x9021e000)]
  0xb68e8800 JavaThread "Signal Dispatcher" daemon [_thread_blocked, id=13979, stack(0x9082e000,0x9087f000)]
  0xb68b0c00 JavaThread "Finalizer" daemon [_thread_blocked, id=13978, stack(0x9041e000,0x9046f000)]
  0xb68af000 JavaThread "Reference Handler" daemon [_thread_blocked, id=13977, stack(0x9046f000,0x904c0000)]

Other Threads:
  0xb68a9800 VMThread [stack: 0x904c0000,0x90541000] [id=13976]
  0xb68ef800 WatcherThread [stack: 0x9004a000,0x900cb000] [id=13983]

VM state:not at safepoint (normal execution)

VM Mutex/Monitor currently owned by a thread: None

Heap
 PSYoungGen      total 9152K, used 8282K [0xa9360000, 0xa9d90000, 0xb36b0000)
  eden space 7872K, 89% used [0xa9360000,0xa9a42860,0xa9b10000)
  from space 1280K, 96% used [0xa9c50000,0xa9d842f0,0xa9d90000)
  to   space 1280K, 0% used [0xa9b10000,0xa9b10000,0xa9c50000)
 PSOldGen        total 20864K, used 1088K [0x94cb0000, 0x96110000, 0xa9360000)
  object space 20864K, 5% used [0x94cb0000,0x94dc0140,0x96110000)
 PSPermGen       total 16384K, used 4784K [0x90cb0000, 0x91cb0000, 0x94cb0000)
  object space 16384K, 29% used [0x90cb0000,0x9115c0c8,0x91cb0000)

Code Cache  [0xb377c000, 0xb39bc000, 0xb677c000)
 total_blobs=502 nmethods=249 adapters=207 free_code_cache=48473Kb largest_free_block=49613760

Dynamic libraries:
08048000-08049000 r-xp 00000000 08:06 794087     /usr/local/java/jre1.7.0_03/bin/java
08049000-0804a000 rw-p 00000000 08:06 794087     /usr/local/java/jre1.7.0_03/bin/java
0807a000-0852d000 rw-p 00000000 00:00 0          [heap]
87200000-872fd000 rw-p 00000000 00:00 0 
872fd000-87300000 ---p 00000000 00:00 0 
87400000-874fc000 rw-p 00000000 00:00 0 
874fc000-87500000 ---p 00000000 00:00 0 
875b5000-876ef000 rw-p 00000000 00:00 0 
876ef000-878ef000 rw-s 18b85000 00:05 9380       /dev/nvidia0
878ef000-87b36000 rw-p 00000000 00:00 0 
87b36000-87b38000 rw-s 00000000 08:06 4325442    /tmp/glm10aUB (deleted)
87b38000-87b3a000 r-xs 00000000 08:06 4325442    /tmp/glm10aUB (deleted)
87b3a000-87b7a000 rw-s c3b38000 00:05 9380       /dev/nvidia0
87b7a000-87c7a000 rw-s 32ead000 00:05 9380       /dev/nvidia0
87c7a000-87d7a000 rw-s 2f3b7000 00:05 9380       /dev/nvidia0
87d7a000-87e6c000 rw-p 00000000 00:00 0 
87e6c000-87e6d000 rw-s 18b32000 00:05 9380       /dev/nvidia0
87e6e000-8859c000 rw-s c0000000 00:05 9380       /dev/nvidia0
8859c000-885b9000 rw-s 2f647000 00:05 9380       /dev/nvidia0
885b9000-88610000 rw-p 00000000 00:00 0 
88624000-886a5000 rw-p 00000000 00:00 0 
886a5000-8a332000 r-xp 00000000 08:06 525050     /usr/lib/nvidia-current-updates/libnvidia-glcore.so.304.51
8a332000-8a397000 rwxp 01c8d000 08:06 525050     /usr/lib/nvidia-current-updates/libnvidia-glcore.so.304.51
8a397000-8a3aa000 rwxp 00000000 00:00 0 
8a3aa000-8a457000 r-xp 00000000 08:06 525058     /usr/lib/nvidia-current-updates/libGL.so.304.51
8a457000-8a477000 rwxp 000ac000 08:06 525058     /usr/lib/nvidia-current-updates/libGL.so.304.51
8a477000-8a486000 rwxp 00000000 00:00 0 
8a486000-8a489000 ---p 00000000 00:00 0 
8a489000-8a4d7000 rw-p 00000000 00:00 0          [stack:13991]
8a4d7000-8a4d8000 ---p 00000000 00:00 0 
8a4d8000-8acd8000 rw-p 00000000 00:00 0          [stack:13989]
8acd8000-8ecd9000 rw-s 00000000 00:12 367554     /run/shm/pulse-shm-311519085
8ecd9000-8ed02000 rw-p 00000000 00:00 0 
8ed02000-8ed03000 ---p 00000000 00:00 0 
8ed03000-8f503000 rw-p 00000000 00:00 0          [stack:13988]
8f503000-8f516000 r-xp 00000000 08:06 6164528    /lib/i386-linux-gnu/libresolv-2.15.so
8f516000-8f517000 r--p 00013000 08:06 6164528    /lib/i386-linux-gnu/libresolv-2.15.so
8f517000-8f518000 rw-p 00014000 08:06 6164528    /lib/i386-linux-gnu/libresolv-2.15.so
8f518000-8f51a000 rw-p 00000000 00:00 0 
8f51a000-8f520000 r-xp 00000000 08:06 267413     /usr/lib/i386-linux-gnu/libogg.so.0.8.0
8f520000-8f521000 r--p 00005000 08:06 267413     /usr/lib/i386-linux-gnu/libogg.so.0.8.0
8f521000-8f522000 rw-p 00006000 08:06 267413     /usr/lib/i386-linux-gnu/libogg.so.0.8.0
8f522000-8f54b000 r-xp 00000000 08:06 270260     /usr/lib/i386-linux-gnu/libvorbis.so.0.4.5
8f54b000-8f54c000 ---p 00029000 08:06 270260     /usr/lib/i386-linux-gnu/libvorbis.so.0.4.5
8f54c000-8f54d000 r--p 00029000 08:06 270260     /usr/lib/i386-linux-gnu/libvorbis.so.0.4.5
8f54d000-8f54e000 rw-p 0002a000 08:06 270260     /usr/lib/i386-linux-gnu/libvorbis.so.0.4.5
8f54e000-8f6b4000 r-xp 00000000 08:06 270255     /usr/lib/i386-linux-gnu/libvorbisenc.so.2.0.8
8f6b4000-8f6c5000 r--p 00165000 08:06 270255     /usr/lib/i386-linux-gnu/libvorbisenc.so.2.0.8
8f6c5000-8f6c6000 rw-p 00176000 08:06 270255     /usr/lib/i386-linux-gnu/libvorbisenc.so.2.0.8
8f6c6000-8f714000 r-xp 00000000 08:06 267579     /usr/lib/i386-linux-gnu/libFLAC.so.8.2.0
8f714000-8f715000 r--p 0004e000 08:06 267579     /usr/lib/i386-linux-gnu/libFLAC.so.8.2.0
8f715000-8f716000 rw-p 0004f000 08:06 267579     /usr/lib/i386-linux-gnu/libFLAC.so.8.2.0
8f716000-8f783000 r-xp 00000000 08:06 270262     /usr/lib/i386-linux-gnu/libsndfile.so.1.0.25
8f783000-8f785000 r--p 0006c000 08:06 270262     /usr/lib/i386-linux-gnu/libsndfile.so.1.0.25
8f785000-8f786000 rw-p 0006e000 08:06 270262     /usr/lib/i386-linux-gnu/libsndfile.so.1.0.25
8f786000-8f78a000 rw-p 00000000 00:00 0 
8f78a000-8f792000 r-xp 00000000 08:06 6161354    /lib/i386-linux-gnu/libwrap.so.0.7.6
8f792000-8f793000 r--p 00007000 08:06 6161354    /lib/i386-linux-gnu/libwrap.so.0.7.6
8f793000-8f794000 rw-p 00008000 08:06 6161354    /lib/i386-linux-gnu/libwrap.so.0.7.6
8f794000-8f7dc000 r-xp 00000000 08:06 6161464    /lib/i386-linux-gnu/libdbus-1.so.3.7.2
8f7dc000-8f7dd000 r--p 00047000 08:06 6161464    /lib/i386-linux-gnu/libdbus-1.so.3.7.2
8f7dd000-8f7de000 rw-p 00048000 08:06 6161464    /lib/i386-linux-gnu/libdbus-1.so.3.7.2
8f7de000-8f840000 r-xp 00000000 08:06 659995     /usr/lib/i386-linux-gnu/pulseaudio/libpulsecommon-2.1.so
8f840000-8f841000 r--p 00061000 08:06 659995     /usr/lib/i386-linux-gnu/pulseaudio/libpulsecommon-2.1.so
8f841000-8f842000 rw-p 00062000 08:06 659995     /usr/lib/i386-linux-gnu/pulseaudio/libpulsecommon-2.1.so
8f842000-8f84a000 r-xp 00000000 08:06 264916     /usr/lib/i386-linux-gnu/libjson.so.0.1.0
8f84a000-8f84b000 r--p 00007000 08:06 264916     /usr/lib/i386-linux-gnu/libjson.so.0.1.0
8f84b000-8f84c000 rw-p 00008000 08:06 264916     /usr/lib/i386-linux-gnu/libjson.so.0.1.0
8f84c000-8f898000 r-xp 00000000 08:06 270264     /usr/lib/i386-linux-gnu/libpulse.so.0.14.3
8f898000-8f899000 r--p 0004c000 08:06 270264     /usr/lib/i386-linux-gnu/libpulse.so.0.14.3
8f899000-8f89a000 rw-p 0004d000 08:06 270264     /usr/lib/i386-linux-gnu/libpulse.so.0.14.3
8f89a000-8f8df000 r-xp 00000000 08:06 4325414    /tmp/libgdxigor/3593929314/libopenal.so
8f8df000-8f8e0000 r--p 00045000 08:06 4325414    /tmp/libgdxigor/3593929314/libopenal.so
8f8e0000-8f8e1000 rw-p 00046000 08:06 4325414    /tmp/libgdxigor/3593929314/libopenal.so
8f8e1000-8f8ea000 r-xp 00000000 08:06 268016     /usr/lib/i386-linux-gnu/libXrandr.so.2.2.0
8f8ea000-8f8eb000 r--p 00008000 08:06 268016     /usr/lib/i386-linux-gnu/libXrandr.so.2.2.0
8f8eb000-8f8ec000 rw-p 00009000 08:06 268016     /usr/lib/i386-linux-gnu/libXrandr.so.2.2.0
8f901000-8f95b000 r-xp 00000000 08:06 4325415    /tmp/libgdxigor/3593929314/liblwjgl.so
8f95b000-8f95c000 ---p 0005a000 08:06 4325415    /tmp/libgdxigor/3593929314/liblwjgl.so
8f95c000-8f95d000 r--p 0005a000 08:06 4325415    /tmp/libgdxigor/3593929314/liblwjgl.so
8f95d000-8f95e000 rw-p 0005b000 08:06 4325415    /tmp/libgdxigor/3593929314/liblwjgl.so
8f95e000-8f961000 ---p 00000000 00:00 0 
8f961000-8f9af000 rw-p 00000000 00:00 0          [stack:13985]
8f9af000-8f9b2000 ---p 00000000 00:00 0 
8f9b2000-8fa00000 rw-p 00000000 00:00 0          [stack:13984]
8fa00000-8fa75000 rw-p 00000000 00:00 0 
8fa75000-8fb00000 ---p 00000000 00:00 0 
8fb12000-8fb15000 ---p 00000000 00:00 0 
8fb15000-8fb21000 rw-p 00000000 00:00 0 
8fb21000-8fc53000 r-xp 00000000 08:06 263028     /usr/lib/i386-linux-gnu/libX11.so.6.3.0
8fc53000-8fc54000 r--p 00132000 08:06 263028     /usr/lib/i386-linux-gnu/libX11.so.6.3.0
8fc54000-8fc57000 rw-p 00133000 08:06 263028     /usr/lib/i386-linux-gnu/libX11.so.6.3.0
8fc57000-8fc67000 r-xp 00000000 08:06 267517     /usr/lib/i386-linux-gnu/libXext.so.6.4.0
8fc67000-8fc68000 r--p 0000f000 08:06 267517     /usr/lib/i386-linux-gnu/libXext.so.6.4.0
8fc68000-8fc69000 rw-p 00010000 08:06 267517     /usr/lib/i386-linux-gnu/libXext.so.6.4.0
8fc70000-8fc75000 r-xp 00000000 08:06 265062     /usr/lib/i386-linux-gnu/libasyncns.so.0.3.1
8fc75000-8fc76000 r--p 00004000 08:06 265062     /usr/lib/i386-linux-gnu/libasyncns.so.0.3.1
8fc76000-8fc77000 rw-p 00005000 08:06 265062     /usr/lib/i386-linux-gnu/libasyncns.so.0.3.1
8fc77000-8fc7c000 r-xp 00000000 08:06 265136     /usr/lib/i386-linux-gnu/libXfixes.so.3.1.0
8fc7c000-8fc7d000 r--p 00004000 08:06 265136     /usr/lib/i386-linux-gnu/libXfixes.so.3.1.0
8fc7d000-8fc7e000 rw-p 00005000 08:06 265136     /usr/lib/i386-linux-gnu/libXfixes.so.3.1.0
8fc7e000-8fcc7000 r-xp 00000000 08:06 2495609    /usr/local/java/jre1.7.0_03/lib/i386/xawt/libmawt.so
8fcc7000-8fcc9000 rw-p 00048000 08:06 2495609    /usr/local/java/jre1.7.0_03/lib/i386/xawt/libmawt.so
8fcc9000-8fcca000 rw-p 00000000 00:00 0 
8fcca000-8fd50000 r-xp 00000000 08:06 2495583    /usr/local/java/jre1.7.0_03/lib/i386/libawt.so
8fd50000-8fd57000 rw-p 00086000 08:06 2495583    /usr/local/java/jre1.7.0_03/lib/i386/libawt.so
8fd57000-8fd7b000 rw-p 00000000 00:00 0 
8fd7b000-8fd97000 r-xp 00000000 08:06 6161353    /lib/i386-linux-gnu/libgcc_s.so.1
8fd97000-8fd98000 r--p 0001b000 08:06 6161353    /lib/i386-linux-gnu/libgcc_s.so.1
8fd98000-8fd99000 rw-p 0001c000 08:06 6161353    /lib/i386-linux-gnu/libgcc_s.so.1
8fd99000-8fe75000 r-xp 00000000 08:06 263288     /usr/lib/i386-linux-gnu/libstdc++.so.6.0.17
8fe75000-8fe76000 ---p 000dc000 08:06 263288     /usr/lib/i386-linux-gnu/libstdc++.so.6.0.17
8fe76000-8fe7a000 r--p 000dc000 08:06 263288     /usr/lib/i386-linux-gnu/libstdc++.so.6.0.17
8fe7a000-8fe7b000 rw-p 000e0000 08:06 263288     /usr/lib/i386-linux-gnu/libstdc++.so.6.0.17
8fe7b000-8fe82000 rw-p 00000000 00:00 0 
8fe8c000-8fe90000 rw-s 312fc000 00:05 9380       /dev/nvidia0
8fe90000-8fe97000 r--s 00000000 08:06 270934     /usr/lib/i386-linux-gnu/gconv/gconv-modules.cache
8fe97000-8fefe000 r-xp 00000000 08:06 4325413    /tmp/libgdxigor/3593929314/libgdx.so
8fefe000-8feff000 r--p 00066000 08:06 4325413    /tmp/libgdxigor/3593929314/libgdx.so
8feff000-8ff00000 rw-p 00067000 08:06 4325413    /tmp/libgdxigor/3593929314/libgdx.so
8ff00000-90000000 rw-p 00000000 00:00 0 
90002000-90005000 r-xp 00000000 08:06 525046     /usr/lib/nvidia-current-updates/tls/libnvidia-tls.so.304.51
90005000-90006000 rw-p 00002000 08:06 525046     /usr/lib/nvidia-current-updates/tls/libnvidia-tls.so.304.51
90006000-9000f000 r-xp 00000000 08:06 263157     /usr/lib/i386-linux-gnu/libXcursor.so.1.0.2
9000f000-90010000 r--p 00008000 08:06 263157     /usr/lib/i386-linux-gnu/libXcursor.so.1.0.2
90010000-90011000 rw-p 00009000 08:06 263157     /usr/lib/i386-linux-gnu/libXcursor.so.1.0.2
90011000-90016000 r-xp 00000000 08:06 262972     /usr/lib/i386-linux-gnu/libXdmcp.so.6.0.0
90016000-90017000 r--p 00004000 08:06 262972     /usr/lib/i386-linux-gnu/libXdmcp.so.6.0.0
90017000-90018000 rw-p 00005000 08:06 262972     /usr/lib/i386-linux-gnu/libXdmcp.so.6.0.0
90018000-90038000 r-xp 00000000 08:06 262995     /usr/lib/i386-linux-gnu/libxcb.so.1.1.0
90038000-90039000 r--p 0001f000 08:06 262995     /usr/lib/i386-linux-gnu/libxcb.so.1.1.0
90039000-9003a000 rw-p 00020000 08:06 262995     /usr/lib/i386-linux-gnu/libxcb.so.1.1.0
9003a000-90048000 r-xp 00000000 08:06 267627     /usr/lib/i386-linux-gnu/libXi.so.6.1.0
90048000-90049000 r--p 0000d000 08:06 267627     /usr/lib/i386-linux-gnu/libXi.so.6.1.0
90049000-9004a000 rw-p 0000e000 08:06 267627     /usr/lib/i386-linux-gnu/libXi.so.6.1.0
9004a000-9004b000 ---p 00000000 00:00 0 
9004b000-900cb000 rw-p 00000000 00:00 0          [stack:13983]
900cb000-900ce000 ---p 00000000 00:00 0 
900ce000-9011c000 rw-p 00000000 00:00 0          [stack:13982]
9011c000-9011f000 ---p 00000000 00:00 0 
9011f000-9019d000 rw-p 00000000 00:00 0          [stack:13981]
9019d000-901a0000 ---p 00000000 00:00 0 
901a0000-9021e000 rw-p 00000000 00:00 0          [stack:13980]
9021e000-9041e000 r--p 00000000 08:06 262271     /usr/lib/locale/locale-archive
9041e000-90421000 ---p 00000000 00:00 0 
90421000-9046f000 rw-p 00000000 00:00 0          [stack:13978]
9046f000-90472000 ---p 00000000 00:00 0 
90472000-904c0000 rw-p 00000000 00:00 0          [stack:13977]
904c0000-904c1000 ---p 00000000 00:00 0 
904c1000-90541000 rw-p 00000000 00:00 0          [stack:13976]
90541000-90700000 r--s 031da000 08:06 922413     /usr/local/java/jre1.7.0_03/lib/rt.jar
90700000-907fb000 rw-p 00000000 00:00 0 
907fb000-90800000 ---p 00000000 00:00 0 
90801000-90803000 r-xp 00000000 08:06 262257     /usr/lib/i386-linux-gnu/libXau.so.6.0.0
90803000-90804000 r--p 00001000 08:06 262257     /usr/lib/i386-linux-gnu/libXau.so.6.0.0
90804000-90805000 rw-p 00002000 08:06 262257     /usr/lib/i386-linux-gnu/libXau.so.6.0.0
90805000-90813000 r--s 000d8000 08:06 6425512    /home/igor/git/bubble-fun/libs/gdx.jar
90813000-9082e000 r--s 00218000 08:06 6425508    /home/igor/git/bubble-fun/libs/gdx-backend-jogl.jar
9082e000-90831000 ---p 00000000 00:00 0 
90831000-9087f000 rw-p 00000000 00:00 0          [stack:13979]
9087f000-90880000 ---p 00000000 00:00 0 
90880000-90900000 rw-p 00000000 00:00 0          [stack:13975]
90900000-90921000 rw-p 00000000 00:00 0 
90921000-90a00000 ---p 00000000 00:00 0 
90a03000-90a08000 r-xp 00000000 08:06 263795     /usr/lib/i386-linux-gnu/libXtst.so.6.1.0
90a08000-90a09000 r--p 00004000 08:06 263795     /usr/lib/i386-linux-gnu/libXtst.so.6.1.0
90a09000-90a0a000 rw-p 00005000 08:06 263795     /usr/lib/i386-linux-gnu/libXtst.so.6.1.0
90a0a000-90a55000 rw-p 00000000 00:00 0 
90a55000-90a56000 ---p 00000000 00:00 0 
90a56000-90ade000 rw-p 00000000 00:00 0          [stack:13974]
90ade000-90af6000 rw-p 00000000 00:00 0 
90af6000-90b01000 rw-p 00000000 00:00 0 
90b01000-90b9a000 rw-p 00000000 00:00 0 
90b9a000-90ba2000 rw-p 00000000 00:00 0 
90ba2000-90bba000 rw-p 00000000 00:00 0 
90bba000-90bc5000 rw-p 00000000 00:00 0 
90bc5000-90c5d000 rw-p 00000000 00:00 0 
90c5d000-90c63000 rw-p 00000000 00:00 0 
90c63000-90caf000 rw-p 00000000 00:00 0 
90caf000-91cb0000 rw-p 00000000 00:00 0 
91cb0000-94cb0000 rw-p 00000000 00:00 0 
94cb0000-96110000 rw-p 00000000 00:00 0 
96110000-a9360000 rw-p 00000000 00:00 0 
a9360000-a9d90000 rw-p 00000000 00:00 0 
a9d90000-b36b0000 rw-p 00000000 00:00 0 
b36b0000-b36b1000 rw-p 00000000 00:00 0 
b36b1000-b36b2000 rw-s c3efc000 00:05 9380       /dev/nvidia0
b36b2000-b36ba000 r-xp 00000000 08:06 262692     /usr/lib/i386-linux-gnu/libXrender.so.1.3.0
b36ba000-b36bb000 r--p 00007000 08:06 262692     /usr/lib/i386-linux-gnu/libXrender.so.1.3.0
b36bb000-b36bc000 rw-p 00008000 08:06 262692     /usr/lib/i386-linux-gnu/libXrender.so.1.3.0
b36bc000-b36c5000 rw-p 00000000 00:00 0 
b36c5000-b377c000 rw-p 00000000 00:00 0 
b377c000-b39bc000 rwxp 00000000 00:00 0 
b39bc000-b677c000 rw-p 00000000 00:00 0 
b677c000-b6793000 r-xp 00000000 08:06 2495606    /usr/local/java/jre1.7.0_03/lib/i386/libzip.so
b6793000-b6794000 rw-p 00017000 08:06 2495606    /usr/local/java/jre1.7.0_03/lib/i386/libzip.so
b6794000-b679f000 r-xp 00000000 08:06 6164527    /lib/i386-linux-gnu/libnss_files-2.15.so
b679f000-b67a0000 r--p 0000a000 08:06 6164527    /lib/i386-linux-gnu/libnss_files-2.15.so
b67a0000-b67a1000 rw-p 0000b000 08:06 6164527    /lib/i386-linux-gnu/libnss_files-2.15.so
b67a1000-b67ab000 r-xp 00000000 08:06 6165962    /lib/i386-linux-gnu/libnss_nis-2.15.so
b67ab000-b67ac000 r--p 00009000 08:06 6165962    /lib/i386-linux-gnu/libnss_nis-2.15.so
b67ac000-b67ad000 rw-p 0000a000 08:06 6165962    /lib/i386-linux-gnu/libnss_nis-2.15.so
b67ad000-b67c3000 r-xp 00000000 08:06 6168522    /lib/i386-linux-gnu/libnsl-2.15.so
b67c3000-b67c4000 r--p 00015000 08:06 6168522    /lib/i386-linux-gnu/libnsl-2.15.so
b67c4000-b67c5000 rw-p 00016000 08:06 6168522    /lib/i386-linux-gnu/libnsl-2.15.so
b67c5000-b67c7000 rw-p 00000000 00:00 0 
b67c7000-b67c8000 rw-s 19fd4000 00:05 9380       /dev/nvidia0
b67c8000-b67c9000 r--s 00127000 08:06 6425511    /home/igor/git/bubble-fun/libs/gdx-natives.jar
b67c9000-b67dc000 r--s 00137000 08:06 6425510    /home/igor/git/bubble-fun/libs/gdx-backend-lwjgl.jar
b67dc000-b67ff000 r-xp 00000000 08:06 2495597    /usr/local/java/jre1.7.0_03/lib/i386/libjava.so
b67ff000-b6800000 rw-p 00023000 08:06 2495597    /usr/local/java/jre1.7.0_03/lib/i386/libjava.so
b6800000-b6900000 rw-p 00000000 00:00 0 
b6900000-b6901000 rw-s 18a3a000 00:05 9380       /dev/nvidia0
b6901000-b6902000 rw-p 00000000 00:00 0 
b6902000-b6903000 rw-s dec03000 00:05 9380       /dev/nvidia0
b6903000-b690b000 rw-s 00000000 08:06 4325406    /tmp/hsperfdata_igor/13968
b690b000-b6912000 r-xp 00000000 08:06 6164372    /lib/i386-linux-gnu/libnss_compat-2.15.so
b6912000-b6913000 r--p 00006000 08:06 6164372    /lib/i386-linux-gnu/libnss_compat-2.15.so
b6913000-b6914000 rw-p 00007000 08:06 6164372    /lib/i386-linux-gnu/libnss_compat-2.15.so
b6914000-b691b000 r-xp 00000000 08:06 6164536    /lib/i386-linux-gnu/librt-2.15.so
b691b000-b691c000 r--p 00006000 08:06 6164536    /lib/i386-linux-gnu/librt-2.15.so
b691c000-b691d000 rw-p 00007000 08:06 6164536    /lib/i386-linux-gnu/librt-2.15.so
b691d000-b6920000 ---p 00000000 00:00 0 
b6920000-b696e000 rw-p 00000000 00:00 0          [stack:13972]
b696e000-b6998000 r-xp 00000000 08:06 6165970    /lib/i386-linux-gnu/libm-2.15.so
b6998000-b6999000 r--p 00029000 08:06 6165970    /lib/i386-linux-gnu/libm-2.15.so
b6999000-b699a000 rw-p 0002a000 08:06 6165970    /lib/i386-linux-gnu/libm-2.15.so
b699a000-b7108000 r-xp 00000000 08:06 2495574    /usr/local/java/jre1.7.0_03/lib/i386/server/libjvm.so
b7108000-b7157000 rw-p 0076d000 08:06 2495574    /usr/local/java/jre1.7.0_03/lib/i386/server/libjvm.so
b7157000-b7577000 rw-p 00000000 00:00 0 
b7577000-b771a000 r-xp 00000000 08:06 6160498    /lib/i386-linux-gnu/libc-2.15.so
b771a000-b771b000 ---p 001a3000 08:06 6160498    /lib/i386-linux-gnu/libc-2.15.so
b771b000-b771d000 r--p 001a3000 08:06 6160498    /lib/i386-linux-gnu/libc-2.15.so
b771d000-b771e000 rw-p 001a5000 08:06 6160498    /lib/i386-linux-gnu/libc-2.15.so
b771e000-b7721000 rw-p 00000000 00:00 0 
b7721000-b7724000 r-xp 00000000 08:06 6168517    /lib/i386-linux-gnu/libdl-2.15.so
b7724000-b7725000 r--p 00002000 08:06 6168517    /lib/i386-linux-gnu/libdl-2.15.so
b7725000-b7726000 rw-p 00003000 08:06 6168517    /lib/i386-linux-gnu/libdl-2.15.so
b7726000-b7739000 r-xp 00000000 08:06 2495588    /usr/local/java/jre1.7.0_03/lib/i386/jli/libjli.so
b7739000-b773a000 rw-p 00012000 08:06 2495588    /usr/local/java/jre1.7.0_03/lib/i386/jli/libjli.so
b773a000-b773b000 rw-p 00000000 00:00 0 
b773b000-b7752000 r-xp 00000000 08:06 6165964    /lib/i386-linux-gnu/libpthread-2.15.so
b7752000-b7753000 r--p 00016000 08:06 6165964    /lib/i386-linux-gnu/libpthread-2.15.so
b7753000-b7754000 rw-p 00017000 08:06 6165964    /lib/i386-linux-gnu/libpthread-2.15.so
b7754000-b7756000 rw-p 00000000 00:00 0 
b7756000-b7757000 r-xp 00000000 08:06 2495598    /usr/local/java/jre1.7.0_03/lib/i386/libjawt.so
b7757000-b7758000 rw-p 00000000 08:06 2495598    /usr/local/java/jre1.7.0_03/lib/i386/libjawt.so
b7758000-b7759000 r--s 0014e000 08:06 6425509    /home/igor/git/bubble-fun/libs/gdx-backend-lwjgl-natives.jar
b7759000-b775b000 r--s 0022a000 08:06 6425507    /home/igor/git/bubble-fun/libs/gdx-backend-jogl-natives.jar
b775b000-b775c000 r--p 002c5000 08:06 262271     /usr/lib/locale/locale-archive
b775c000-b775d000 rw-p 00000000 00:00 0 
b775d000-b775e000 r--p 00000000 00:00 0 
b775e000-b776a000 r-xp 00000000 08:06 2495589    /usr/local/java/jre1.7.0_03/lib/i386/libverify.so
b776a000-b776b000 rw-p 0000c000 08:06 2495589    /usr/local/java/jre1.7.0_03/lib/i386/libverify.so
b776b000-b776d000 rw-p 00000000 00:00 0 
b776d000-b776e000 r-xp 00000000 00:00 0          [vdso]
b776e000-b778e000 r-xp 00000000 08:06 6165971    /lib/i386-linux-gnu/ld-2.15.so
b778e000-b778f000 r--p 0001f000 08:06 6165971    /lib/i386-linux-gnu/ld-2.15.so
b778f000-b7790000 rw-p 00020000 08:06 6165971    /lib/i386-linux-gnu/ld-2.15.so
bfa95000-bfab6000 rw-p 00000000 00:00 0          [stack]

VM Arguments:
jvm_args: -Dfile.encoding=UTF-8 
java_command: com.tooflya.bubblefun.game.Application
Launcher Type: SUN_STANDARD

Environment Variables:
JAVA_HOME=/usr/local/java/jre1.7.0_03
PATH=/usr/lib/lightdm/lightdm:/usr/local/sbin:/usr/local/bin:/usr/sbin:/usr/bin:/sbin:/bin:/usr/games:/usr/local/games:/home/igor/bin:/usr/local/java/jdk1.7.0_03/bin:/home/igor/bin:/usr/local/java/jre1.7.0_03/bin
LD_LIBRARY_PATH=/usr/local/java/jre1.7.0_03/lib/i386/server:/usr/local/java/jre1.7.0_03/lib/i386:/usr/local/java/jre1.7.0_03/../lib/i386:/usr/local/java/jre1.7.0_03/lib/i386/client:/usr/local/java/jre1.7.0_03/lib/i386:
SHELL=/bin/bash
DISPLAY=:0.0

Signal Handlers:
SIGSEGV: [libjvm.so+0x6e2860], sa_mask[0]=0x7ffbfeff, sa_flags=0x10000004
SIGBUS: [libjvm.so+0x6e2860], sa_mask[0]=0x7ffbfeff, sa_flags=0x10000004
SIGFPE: [libjvm.so+0x5a3810], sa_mask[0]=0x7ffbfeff, sa_flags=0x10000004
SIGPIPE: [libjvm.so+0x5a3810], sa_mask[0]=0x7ffbfeff, sa_flags=0x10000004
SIGXFSZ: [libjvm.so+0x5a3810], sa_mask[0]=0x7ffbfeff, sa_flags=0x10000004
SIGILL: [libjvm.so+0x5a3810], sa_mask[0]=0x7ffbfeff, sa_flags=0x10000004
SIGUSR1: SIG_DFL, sa_mask[0]=0x00000000, sa_flags=0x00000000
SIGUSR2: [libjvm.so+0x5a3110], sa_mask[0]=0x00000004, sa_flags=0x10000004
SIGHUP: [libjvm.so+0x5a56e0], sa_mask[0]=0x7ffbfeff, sa_flags=0x10000004
SIGINT: [libjvm.so+0x5a56e0], sa_mask[0]=0x7ffbfeff, sa_flags=0x10000004
SIGTERM: [libjvm.so+0x5a56e0], sa_mask[0]=0x7ffbfeff, sa_flags=0x10000004
SIGQUIT: [libjvm.so+0x5a56e0], sa_mask[0]=0x7ffbfeff, sa_flags=0x10000004


---------------  S Y S T E M  ---------------

OS:wheezy/sid

uname:Linux 3.5.0-17-generic #28-Ubuntu SMP Tue Oct 9 19:32:08 UTC 2012 i686
libc:glibc 2.15 NPTL 2.15 
rlimit: STACK 8192k, CORE 0k, NPROC 15505, NOFILE 4096, AS infinity
load average:0.56 0.45 0.43

/proc/meminfo:
MemTotal:        2000188 kB
MemFree:          137380 kB
Buffers:          108688 kB
Cached:           725444 kB
SwapCached:         9964 kB
Active:           829948 kB
Inactive:         879180 kB
Active(anon):     445700 kB
Inactive(anon):   440820 kB
Active(file):     384248 kB
Inactive(file):   438360 kB
Unevictable:       31240 kB
Mlocked:           31240 kB
HighTotal:       1117896 kB
HighFree:          14172 kB
LowTotal:         882292 kB
LowFree:          123208 kB
SwapTotal:       2029564 kB
SwapFree:        1986992 kB
Dirty:              9940 kB
Writeback:             0 kB
AnonPages:        897572 kB
Mapped:           139296 kB
Shmem:              5688 kB
Slab:              62540 kB
SReclaimable:      43812 kB
SUnreclaim:        18728 kB
KernelStack:        3760 kB
PageTables:        10220 kB
NFS_Unstable:          0 kB
Bounce:                0 kB
WritebackTmp:          0 kB
CommitLimit:     3029656 kB
Committed_AS:    3278372 kB
VmallocTotal:     122880 kB
VmallocUsed:       52884 kB
VmallocChunk:      65012 kB
HardwareCorrupted:     0 kB
AnonHugePages:         0 kB
HugePages_Total:       0
HugePages_Free:        0
HugePages_Rsvd:        0
HugePages_Surp:        0
Hugepagesize:       2048 kB
DirectMap4k:      155640 kB
DirectMap2M:      757760 kB


CPU:total 2 (2 cores per cpu, 1 threads per core) family 15 model 107 stepping 2, cmov, cx8, fxsr, mmx, sse, sse2, sse3, mmxext, 3dnowpref

/proc/cpuinfo:
processor	: 0
vendor_id	: AuthenticAMD
cpu family	: 15
model		: 107
model name	: AMD Athlon(tm) 64 X2 Dual Core Processor 4400+
stepping	: 2
cpu MHz		: 2200.254
cache size	: 512 KB
physical id	: 0
siblings	: 2
core id		: 0
cpu cores	: 2
apicid		: 0
initial apicid	: 0
fdiv_bug	: no
hlt_bug		: no
f00f_bug	: no
coma_bug	: no
fpu		: yes
fpu_exception	: yes
cpuid level	: 1
wp		: yes
flags		: fpu vme de pse tsc msr pae mce cx8 apic sep mtrr pge mca cmov pat pse36 clflush mmx fxsr sse sse2 ht syscall nx mmxext fxsr_opt rdtscp lm 3dnowext 3dnow extd_apicid pni cx16 lahf_lm cmp_legacy svm extapic cr8_legacy 3dnowprefetch lbrv
bogomips	: 4400.50
clflush size	: 64
cache_alignment	: 64
address sizes	: 40 bits physical, 48 bits virtual
power management: ts fid vid ttp tm stc 100mhzsteps

processor	: 1
vendor_id	: AuthenticAMD
cpu family	: 15
model		: 107
model name	: AMD Athlon(tm) 64 X2 Dual Core Processor 4400+
stepping	: 2
cpu MHz		: 2200.254
cache size	: 512 KB
physical id	: 0
siblings	: 2
core id		: 1
cpu cores	: 2
apicid		: 1
initial apicid	: 1
fdiv_bug	: no
hlt_bug		: no
f00f_bug	: no
coma_bug	: no
fpu		: yes
fpu_exception	: yes
cpuid level	: 1
wp		: yes
flags		: fpu vme de pse tsc msr pae mce cx8 apic sep mtrr pge mca cmov pat pse36 clflush mmx fxsr sse sse2 ht syscall nx mmxext fxsr_opt rdtscp lm 3dnowext 3dnow extd_apicid pni cx16 lahf_lm cmp_legacy svm extapic cr8_legacy 3dnowprefetch lbrv
bogomips	: 4400.42
clflush size	: 64
cache_alignment	: 64
address sizes	: 40 bits physical, 48 bits virtual
power management: ts fid vid ttp tm stc 100mhzsteps



Memory: 4k page, physical 2000188k(137380k free), swap 2029564k(1986992k free)

vm_info: Java HotSpot(TM) Server VM (22.1-b02) for linux-x86 JRE (1.7.0_03-b04), built on Jan 20 2012 10:08:12 by "java_re" with gcc 4.3.0 20080428 (Red Hat 4.3.0-8)

time: Fri Nov 16 02:18:46 2012
elapsed time: 214 seconds

