#
# A fatal error has been detected by the Java Runtime Environment:
#
#  SIGBUS (0x7) at pc=0x8ffa30f0, pid=16975, tid=2320075584
#
# JRE version: 7.0_03-b04
# Java VM: Java HotSpot(TM) Server VM (22.1-b02 mixed mode linux-x86 )
# Problematic frame:
# 
[error occurred during error reporting (printing problematic frame), id 0x7]

# Failed to write core dump. Core dumps have been disabled. To enable core dumping, try "ulimit -c unlimited" before starting Java again
#
# If you would like to submit a bug report, please visit:
#   http://bugreport.sun.com/bugreport/crash.jsp
# The crash happened outside the Java Virtual Machine in native code.
# See problematic frame for where to report the bug.
#

---------------  T H R E A D  ---------------

Current thread (0x8f971c00):  JavaThread "LWJGL Application" [_thread_in_native, id=16997, stack(0x8a448000,0x8a499000)]

siginfo:si_signo=SIGBUS: si_errno=0, si_code=2 (BUS_ADRERR), si_addr=0x8ffa30f0

Registers:
EAX=0x8ffa30f0, EBX=0x910aa290, ECX=0x8f971d20, EDX=0x910aa960
ESP=0x8a497cdc, EBP=0x8a497d24, ESI=0x910aa290, EDI=0x8f971c00
EIP=0x8ffa30f0, EFLAGS=0x00010213, CR2=0x8ffa30f0

Top of Stack: (sp=0x8a497cdc)
0x8a497cdc:   b370ae0a 8f971d20 8a497d2c 8a497d40
0x8a497cec:   8a497d3c 00000010 00000000 a9463c08
0x8a497cfc:   a9516b60 910b7f50 8a497d04 00000000
0x8a497d0c:   8a497d40 910aa960 00000000 910aa290
0x8a497d1c:   00000000 8a497d34 8a497d64 b3703307
0x8a497d2c:   a9b35dd0 b3708ad9 00000000 00000010
0x8a497d3c:   a94643e8 a9460ab0 8a497d44 910a8cb4
0x8a497d4c:   8a497d78 910aa960 00000000 910a8d18 

Instructions: (pc=0x8ffa30f0)
0x8ffa30d0:   
[error occurred during error reporting (printing registers, top of stack, instructions near pc), id 0x7]

Register to memory mapping:

EAX=
[error occurred during error reporting (printing register info), id 0x7]

Stack: [0x8a448000,0x8a499000],  sp=0x8a497cdc,  free space=319k
Native frames: (J=compiled Java code, j=interpreted, Vv=VM code, C=native code)

[error occurred during error reporting (printing native stack), id 0x7]

Java frames: (J=compiled Java code, j=interpreted, Vv=VM code)
j  com.badlogic.gdx.utils.BufferUtils.copyJni([FLjava/nio/Buffer;II)V+0
j  com.badlogic.gdx.utils.BufferUtils.copy([FLjava/nio/Buffer;II)V+4
j  com.badlogic.gdx.graphics.glutils.ShaderProgram.setUniformMatrix(Ljava/lang/String;Lcom/badlogic/gdx/math/Matrix4;Z)V+43
j  com.badlogic.gdx.graphics.glutils.ShaderProgram.setUniformMatrix(Ljava/lang/String;Lcom/badlogic/gdx/math/Matrix4;)V+4
j  com.badlogic.gdx.graphics.g2d.SpriteBatch.setupMatrices()V+152
j  com.badlogic.gdx.graphics.g2d.SpriteBatch.begin()V+81
j  com.tooflya.bubblefun.screens.Screen.onManagedDraw()V+8
j  com.planetbattle.managers.ScreensManager.draw()V+9
j  com.tooflya.bubblefun.Game.render()V+42
j  com.badlogic.gdx.backends.lwjgl.LwjglApplication.mainLoop()V+461
j  com.badlogic.gdx.backends.lwjgl.LwjglApplication$1.run()V+27
v  ~StubRoutines::call_stub

---------------  P R O C E S S  ---------------

Java Threads: ( => current thread )
  0x0963e800 JavaThread "process reaper" daemon [_thread_blocked, id=16999, stack(0x90903000,0x90912000)]
  0xb6705400 JavaThread "DestroyJavaVM" [_thread_blocked, id=16977, stack(0xb68d7000,0xb6928000)]
=>0x8f971c00 JavaThread "LWJGL Application" [_thread_in_native, id=16997, stack(0x8a448000,0x8a499000)]
  0x8f933400 JavaThread "AWT-XAWT" daemon [_thread_in_native, id=16992, stack(0x8fa1b000,0x8fa6c000)]
  0x8f90dc00 JavaThread "Java2D Disposer" daemon [_thread_blocked, id=16991, stack(0x8fa93000,0x8fae4000)]
  0xb67edc00 JavaThread "Service Thread" daemon [_thread_blocked, id=16989, stack(0x9004c000,0x9009d000)]
  0xb67ec000 JavaThread "C2 CompilerThread1" daemon [_thread_blocked, id=16988, stack(0x9009d000,0x9011e000)]
  0xb67ea000 JavaThread "C2 CompilerThread0" daemon [_thread_blocked, id=16987, stack(0x9011e000,0x9019f000)]
  0xb67e8800 JavaThread "Signal Dispatcher" daemon [_thread_blocked, id=16986, stack(0x9019f000,0x901f0000)]
  0xb67b0c00 JavaThread "Finalizer" daemon [_thread_blocked, id=16985, stack(0x903f0000,0x90441000)]
  0xb67af000 JavaThread "Reference Handler" daemon [_thread_blocked, id=16984, stack(0x9072e000,0x9077f000)]

Other Threads:
  0xb67a9800 VMThread [stack: 0x9077f000,0x90800000] [id=16983]
  0xb67f7c00 WatcherThread [stack: 0x8ffcb000,0x9004c000] [id=16990]

VM state:not at safepoint (normal execution)

VM Mutex/Monitor currently owned by a thread: None

Heap
 PSYoungGen      total 9152K, used 3886K [0xa92f0000, 0xa9d20000, 0xb3640000)
  eden space 7872K, 33% used [0xa92f0000,0xa957c4d8,0xa9aa0000)
  from space 1280K, 99% used [0xa9aa0000,0xa9bdf4c8,0xa9be0000)
  to   space 1280K, 0% used [0xa9be0000,0xa9be0000,0xa9d20000)
 PSOldGen        total 20864K, used 1080K [0x94c40000, 0x960a0000, 0xa92f0000)
  object space 20864K, 5% used [0x94c40000,0x94d4e140,0x960a0000)
 PSPermGen       total 16384K, used 4763K [0x90c40000, 0x91c40000, 0x94c40000)
  object space 16384K, 29% used [0x90c40000,0x910e6d10,0x91c40000)

Code Cache  [0xb3700000, 0xb3940000, 0xb6700000)
 total_blobs=317 nmethods=63 adapters=208 free_code_cache=48753Kb largest_free_block=49899200

Dynamic libraries:
08048000-08049000 r-xp 00000000 08:06 794087     /usr/local/java/jre1.7.0_03/bin/java
08049000-0804a000 rw-p 00000000 08:06 794087     /usr/local/java/jre1.7.0_03/bin/java
095cc000-09aa2000 rw-p 00000000 00:00 0          [heap]
8742d000-876b9000 rw-p 00000000 00:00 0 
876b9000-878b9000 rw-s 1923b000 00:05 9380       /dev/nvidia0
878b9000-87b02000 rw-p 00000000 00:00 0 
87b02000-87b04000 rw-s 00000000 08:06 4325442    /tmp/gl7U4mPm (deleted)
87b04000-87b06000 r-xs 00000000 08:06 4325442    /tmp/gl7U4mPm (deleted)
87b06000-87b46000 rw-s c3b38000 00:05 9380       /dev/nvidia0
87b46000-87c46000 rw-s 31a06000 00:05 9380       /dev/nvidia0
87c46000-87d46000 rw-s 19241000 00:05 9380       /dev/nvidia0
87d46000-87e38000 rw-p 00000000 00:00 0 
87e38000-87e39000 rw-s 33c48000 00:05 9380       /dev/nvidia0
87e3a000-88568000 rw-s c0000000 00:05 9380       /dev/nvidia0
88568000-88585000 rw-s 2f647000 00:05 9380       /dev/nvidia0
88585000-885dc000 rw-p 00000000 00:00 0 
885e6000-88667000 rw-p 00000000 00:00 0 
88667000-8a2f4000 r-xp 00000000 08:06 525050     /usr/lib/nvidia-current-updates/libnvidia-glcore.so.304.51
8a2f4000-8a359000 rwxp 01c8d000 08:06 525050     /usr/lib/nvidia-current-updates/libnvidia-glcore.so.304.51
8a359000-8a36c000 rwxp 00000000 00:00 0 
8a36c000-8a419000 r-xp 00000000 08:06 525058     /usr/lib/nvidia-current-updates/libGL.so.304.51
8a419000-8a439000 rwxp 000ac000 08:06 525058     /usr/lib/nvidia-current-updates/libGL.so.304.51
8a439000-8a448000 rwxp 00000000 00:00 0 
8a448000-8a44b000 ---p 00000000 00:00 0 
8a44b000-8a499000 rw-p 00000000 00:00 0          [stack:16997]
8a499000-8a49a000 ---p 00000000 00:00 0 
8a49a000-8ac9a000 rw-p 00000000 00:00 0          [stack:16996]
8ac9a000-8ec9b000 rw-s 00000000 00:12 477516     /run/shm/pulse-shm-3938022011
8ec9b000-8ecc4000 rw-p 00000000 00:00 0 
8ecc4000-8ecc5000 ---p 00000000 00:00 0 
8ecc5000-8f4c5000 rw-p 00000000 00:00 0          [stack:16995]
8f4c5000-8f4d8000 r-xp 00000000 08:06 6164528    /lib/i386-linux-gnu/libresolv-2.15.so
8f4d8000-8f4d9000 r--p 00013000 08:06 6164528    /lib/i386-linux-gnu/libresolv-2.15.so
8f4d9000-8f4da000 rw-p 00014000 08:06 6164528    /lib/i386-linux-gnu/libresolv-2.15.so
8f4da000-8f4dc000 rw-p 00000000 00:00 0 
8f4dc000-8f4e2000 r-xp 00000000 08:06 267413     /usr/lib/i386-linux-gnu/libogg.so.0.8.0
8f4e2000-8f4e3000 r--p 00005000 08:06 267413     /usr/lib/i386-linux-gnu/libogg.so.0.8.0
8f4e3000-8f4e4000 rw-p 00006000 08:06 267413     /usr/lib/i386-linux-gnu/libogg.so.0.8.0
8f4e4000-8f50d000 r-xp 00000000 08:06 270260     /usr/lib/i386-linux-gnu/libvorbis.so.0.4.5
8f50d000-8f50e000 ---p 00029000 08:06 270260     /usr/lib/i386-linux-gnu/libvorbis.so.0.4.5
8f50e000-8f50f000 r--p 00029000 08:06 270260     /usr/lib/i386-linux-gnu/libvorbis.so.0.4.5
8f50f000-8f510000 rw-p 0002a000 08:06 270260     /usr/lib/i386-linux-gnu/libvorbis.so.0.4.5
8f510000-8f676000 r-xp 00000000 08:06 270255     /usr/lib/i386-linux-gnu/libvorbisenc.so.2.0.8
8f676000-8f687000 r--p 00165000 08:06 270255     /usr/lib/i386-linux-gnu/libvorbisenc.so.2.0.8
8f687000-8f688000 rw-p 00176000 08:06 270255     /usr/lib/i386-linux-gnu/libvorbisenc.so.2.0.8
8f688000-8f6d6000 r-xp 00000000 08:06 267579     /usr/lib/i386-linux-gnu/libFLAC.so.8.2.0
8f6d6000-8f6d7000 r--p 0004e000 08:06 267579     /usr/lib/i386-linux-gnu/libFLAC.so.8.2.0
8f6d7000-8f6d8000 rw-p 0004f000 08:06 267579     /usr/lib/i386-linux-gnu/libFLAC.so.8.2.0
8f6d8000-8f745000 r-xp 00000000 08:06 270262     /usr/lib/i386-linux-gnu/libsndfile.so.1.0.25
8f745000-8f747000 r--p 0006c000 08:06 270262     /usr/lib/i386-linux-gnu/libsndfile.so.1.0.25
8f747000-8f748000 rw-p 0006e000 08:06 270262     /usr/lib/i386-linux-gnu/libsndfile.so.1.0.25
8f748000-8f74c000 rw-p 00000000 00:00 0 
8f74c000-8f754000 r-xp 00000000 08:06 6161354    /lib/i386-linux-gnu/libwrap.so.0.7.6
8f754000-8f755000 r--p 00007000 08:06 6161354    /lib/i386-linux-gnu/libwrap.so.0.7.6
8f755000-8f756000 rw-p 00008000 08:06 6161354    /lib/i386-linux-gnu/libwrap.so.0.7.6
8f756000-8f79e000 r-xp 00000000 08:06 6161464    /lib/i386-linux-gnu/libdbus-1.so.3.7.2
8f79e000-8f79f000 r--p 00047000 08:06 6161464    /lib/i386-linux-gnu/libdbus-1.so.3.7.2
8f79f000-8f7a0000 rw-p 00048000 08:06 6161464    /lib/i386-linux-gnu/libdbus-1.so.3.7.2
8f7a0000-8f802000 r-xp 00000000 08:06 659995     /usr/lib/i386-linux-gnu/pulseaudio/libpulsecommon-2.1.so
8f802000-8f803000 r--p 00061000 08:06 659995     /usr/lib/i386-linux-gnu/pulseaudio/libpulsecommon-2.1.so
8f803000-8f804000 rw-p 00062000 08:06 659995     /usr/lib/i386-linux-gnu/pulseaudio/libpulsecommon-2.1.so
8f804000-8f80c000 r-xp 00000000 08:06 264916     /usr/lib/i386-linux-gnu/libjson.so.0.1.0
8f80c000-8f80d000 r--p 00007000 08:06 264916     /usr/lib/i386-linux-gnu/libjson.so.0.1.0
8f80d000-8f80e000 rw-p 00008000 08:06 264916     /usr/lib/i386-linux-gnu/libjson.so.0.1.0
8f80e000-8f85a000 r-xp 00000000 08:06 270264     /usr/lib/i386-linux-gnu/libpulse.so.0.14.3
8f85a000-8f85b000 r--p 0004c000 08:06 270264     /usr/lib/i386-linux-gnu/libpulse.so.0.14.3
8f85b000-8f85c000 rw-p 0004d000 08:06 270264     /usr/lib/i386-linux-gnu/libpulse.so.0.14.3
8f85c000-8f8a1000 r-xp 00000000 08:06 4325414    /tmp/libgdxigor/3593929314/libopenal.so
8f8a1000-8f8a2000 r--p 00045000 08:06 4325414    /tmp/libgdxigor/3593929314/libopenal.so
8f8a2000-8f8a3000 rw-p 00046000 08:06 4325414    /tmp/libgdxigor/3593929314/libopenal.so
8f8a3000-8f8fd000 r-xp 00000000 08:06 4325415    /tmp/libgdxigor/3593929314/liblwjgl.so
8f8fd000-8f8fe000 ---p 0005a000 08:06 4325415    /tmp/libgdxigor/3593929314/liblwjgl.so
8f8fe000-8f8ff000 r--p 0005a000 08:06 4325415    /tmp/libgdxigor/3593929314/liblwjgl.so
8f8ff000-8f900000 rw-p 0005b000 08:06 4325415    /tmp/libgdxigor/3593929314/liblwjgl.so
8f900000-8f97d000 rw-p 00000000 00:00 0 
8f97d000-8fa00000 ---p 00000000 00:00 0 
8fa1b000-8fa1e000 ---p 00000000 00:00 0 
8fa1e000-8fa6c000 rw-p 00000000 00:00 0          [stack:16992]
8fa6c000-8fa71000 r-xp 00000000 08:06 265136     /usr/lib/i386-linux-gnu/libXfixes.so.3.1.0
8fa71000-8fa72000 r--p 00004000 08:06 265136     /usr/lib/i386-linux-gnu/libXfixes.so.3.1.0
8fa72000-8fa73000 rw-p 00005000 08:06 265136     /usr/lib/i386-linux-gnu/libXfixes.so.3.1.0
8fa73000-8fa7c000 r-xp 00000000 08:06 263157     /usr/lib/i386-linux-gnu/libXcursor.so.1.0.2
8fa7c000-8fa7d000 r--p 00008000 08:06 263157     /usr/lib/i386-linux-gnu/libXcursor.so.1.0.2
8fa7d000-8fa7e000 rw-p 00009000 08:06 263157     /usr/lib/i386-linux-gnu/libXcursor.so.1.0.2
8fa93000-8fa96000 ---p 00000000 00:00 0 
8fa96000-8fae4000 rw-p 00000000 00:00 0          [stack:16991]
8fae4000-8fc16000 r-xp 00000000 08:06 263028     /usr/lib/i386-linux-gnu/libX11.so.6.3.0
8fc16000-8fc17000 r--p 00132000 08:06 263028     /usr/lib/i386-linux-gnu/libX11.so.6.3.0
8fc17000-8fc1a000 rw-p 00133000 08:06 263028     /usr/lib/i386-linux-gnu/libX11.so.6.3.0
8fc1a000-8fc63000 r-xp 00000000 08:06 2495609    /usr/local/java/jre1.7.0_03/lib/i386/xawt/libmawt.so
8fc63000-8fc65000 rw-p 00048000 08:06 2495609    /usr/local/java/jre1.7.0_03/lib/i386/xawt/libmawt.so
8fc65000-8fc66000 rw-p 00000000 00:00 0 
8fc66000-8fcec000 r-xp 00000000 08:06 2495583    /usr/local/java/jre1.7.0_03/lib/i386/libawt.so
8fcec000-8fcf3000 rw-p 00086000 08:06 2495583    /usr/local/java/jre1.7.0_03/lib/i386/libawt.so
8fcf3000-8fd17000 rw-p 00000000 00:00 0 
8fd17000-8fdf3000 r-xp 00000000 08:06 263288     /usr/lib/i386-linux-gnu/libstdc++.so.6.0.17
8fdf3000-8fdf4000 ---p 000dc000 08:06 263288     /usr/lib/i386-linux-gnu/libstdc++.so.6.0.17
8fdf4000-8fdf8000 r--p 000dc000 08:06 263288     /usr/lib/i386-linux-gnu/libstdc++.so.6.0.17
8fdf8000-8fdf9000 rw-p 000e0000 08:06 263288     /usr/lib/i386-linux-gnu/libstdc++.so.6.0.17
8fdf9000-8fe00000 rw-p 00000000 00:00 0 
8fe00000-8ff00000 rw-p 00000000 00:00 0 
8ff04000-8ff08000 rw-s 24aed000 00:05 9380       /dev/nvidia0
8ff08000-8ff0b000 r-xp 00000000 08:06 525046     /usr/lib/nvidia-current-updates/tls/libnvidia-tls.so.304.51
8ff0b000-8ff0c000 rw-p 00002000 08:06 525046     /usr/lib/nvidia-current-updates/tls/libnvidia-tls.so.304.51
8ff0c000-8ff11000 r-xp 00000000 08:06 265062     /usr/lib/i386-linux-gnu/libasyncns.so.0.3.1
8ff11000-8ff12000 r--p 00004000 08:06 265062     /usr/lib/i386-linux-gnu/libasyncns.so.0.3.1
8ff12000-8ff13000 rw-p 00005000 08:06 265062     /usr/lib/i386-linux-gnu/libasyncns.so.0.3.1
8ff13000-8ff1c000 r-xp 00000000 08:06 268016     /usr/lib/i386-linux-gnu/libXrandr.so.2.2.0
8ff1c000-8ff1d000 r--p 00008000 08:06 268016     /usr/lib/i386-linux-gnu/libXrandr.so.2.2.0
8ff1d000-8ff1e000 rw-p 00009000 08:06 268016     /usr/lib/i386-linux-gnu/libXrandr.so.2.2.0
8ff1e000-8ff3e000 r-xp 00000000 08:06 262995     /usr/lib/i386-linux-gnu/libxcb.so.1.1.0
8ff3e000-8ff3f000 r--p 0001f000 08:06 262995     /usr/lib/i386-linux-gnu/libxcb.so.1.1.0
8ff3f000-8ff40000 rw-p 00020000 08:06 262995     /usr/lib/i386-linux-gnu/libxcb.so.1.1.0
8ff40000-8ff4e000 r-xp 00000000 08:06 267627     /usr/lib/i386-linux-gnu/libXi.so.6.1.0
8ff4e000-8ff4f000 r--p 0000d000 08:06 267627     /usr/lib/i386-linux-gnu/libXi.so.6.1.0
8ff4f000-8ff50000 rw-p 0000e000 08:06 267627     /usr/lib/i386-linux-gnu/libXi.so.6.1.0
8ff50000-8ff60000 r-xp 00000000 08:06 267517     /usr/lib/i386-linux-gnu/libXext.so.6.4.0
8ff60000-8ff61000 r--p 0000f000 08:06 267517     /usr/lib/i386-linux-gnu/libXext.so.6.4.0
8ff61000-8ff62000 rw-p 00010000 08:06 267517     /usr/lib/i386-linux-gnu/libXext.so.6.4.0
8ff62000-8ffc9000 r-xp 00000000 08:06 4325413    /tmp/libgdxigor/3593929314/libgdx.so
8ffc9000-8ffca000 r--p 00066000 08:06 4325413    /tmp/libgdxigor/3593929314/libgdx.so
8ffca000-8ffcb000 rw-p 00067000 08:06 4325413    /tmp/libgdxigor/3593929314/libgdx.so
8ffcb000-8ffcc000 ---p 00000000 00:00 0 
8ffcc000-9004c000 rw-p 00000000 00:00 0          [stack:16990]
9004c000-9004f000 ---p 00000000 00:00 0 
9004f000-9009d000 rw-p 00000000 00:00 0          [stack:16989]
9009d000-900a0000 ---p 00000000 00:00 0 
900a0000-9011e000 rw-p 00000000 00:00 0          [stack:16988]
9011e000-90121000 ---p 00000000 00:00 0 
90121000-9019f000 rw-p 00000000 00:00 0          [stack:16987]
9019f000-901a2000 ---p 00000000 00:00 0 
901a2000-901f0000 rw-p 00000000 00:00 0          [stack:16986]
901f0000-903f0000 r--p 00000000 08:06 262271     /usr/lib/locale/locale-archive
903f0000-903f3000 ---p 00000000 00:00 0 
903f3000-90441000 rw-p 00000000 00:00 0          [stack:16985]
90441000-90600000 r--s 031da000 08:06 922413     /usr/local/java/jre1.7.0_03/lib/rt.jar
90600000-9064c000 rw-p 00000000 00:00 0 
9064c000-90700000 ---p 00000000 00:00 0 
90702000-90707000 r-xp 00000000 08:06 262972     /usr/lib/i386-linux-gnu/libXdmcp.so.6.0.0
90707000-90708000 r--p 00004000 08:06 262972     /usr/lib/i386-linux-gnu/libXdmcp.so.6.0.0
90708000-90709000 rw-p 00005000 08:06 262972     /usr/lib/i386-linux-gnu/libXdmcp.so.6.0.0
90709000-9070e000 r-xp 00000000 08:06 263795     /usr/lib/i386-linux-gnu/libXtst.so.6.1.0
9070e000-9070f000 r--p 00004000 08:06 263795     /usr/lib/i386-linux-gnu/libXtst.so.6.1.0
9070f000-90710000 rw-p 00005000 08:06 263795     /usr/lib/i386-linux-gnu/libXtst.so.6.1.0
90710000-9072c000 r-xp 00000000 08:06 6161353    /lib/i386-linux-gnu/libgcc_s.so.1
9072c000-9072d000 r--p 0001b000 08:06 6161353    /lib/i386-linux-gnu/libgcc_s.so.1
9072d000-9072e000 rw-p 0001c000 08:06 6161353    /lib/i386-linux-gnu/libgcc_s.so.1
9072e000-90731000 ---p 00000000 00:00 0 
90731000-9077f000 rw-p 00000000 00:00 0          [stack:16984]
9077f000-90780000 ---p 00000000 00:00 0 
90780000-90800000 rw-p 00000000 00:00 0          [stack:16983]
90800000-90821000 rw-p 00000000 00:00 0 
90821000-90900000 ---p 00000000 00:00 0 
90901000-90902000 rw-s c3efc000 00:05 9380       /dev/nvidia0
90902000-90903000 rw-s 34110000 00:05 9380       /dev/nvidia0
90903000-90906000 ---p 00000000 00:00 0 
90906000-90912000 rw-p 00000000 00:00 0          [stack:16999]
90912000-90919000 r--s 00000000 08:06 270934     /usr/lib/i386-linux-gnu/gconv/gconv-modules.cache
90919000-90964000 rw-p 00000000 00:00 0 
90964000-90965000 ---p 00000000 00:00 0 
90965000-909e5000 rw-p 00000000 00:00 0          [stack:16982]
909e5000-909e6000 ---p 00000000 00:00 0 
909e6000-90a6e000 rw-p 00000000 00:00 0          [stack:16980]
90a6e000-90a86000 rw-p 00000000 00:00 0 
90a86000-90a91000 rw-p 00000000 00:00 0 
90a91000-90b2a000 rw-p 00000000 00:00 0 
90b2a000-90b32000 rw-p 00000000 00:00 0 
90b32000-90b4a000 rw-p 00000000 00:00 0 
90b4a000-90b55000 rw-p 00000000 00:00 0 
90b55000-90bed000 rw-p 00000000 00:00 0 
90bed000-90bf3000 rw-p 00000000 00:00 0 
90bf3000-90c3f000 rw-p 00000000 00:00 0 
90c3f000-91c40000 rw-p 00000000 00:00 0 
91c40000-94c40000 rw-p 00000000 00:00 0 
94c40000-960a0000 rw-p 00000000 00:00 0 
960a0000-a92f0000 rw-p 00000000 00:00 0 
a92f0000-a9d20000 rw-p 00000000 00:00 0 
a9d20000-b3640000 rw-p 00000000 00:00 0 
b3640000-b3649000 rw-p 00000000 00:00 0 
b3649000-b3700000 rw-p 00000000 00:00 0 
b3700000-b3940000 rwxp 00000000 00:00 0 
b3940000-b6800000 rw-p 00000000 00:00 0 
b6800000-b6801000 rw-s 321de000 00:05 9380       /dev/nvidia0
b6801000-b6803000 r-xp 00000000 08:06 262257     /usr/lib/i386-linux-gnu/libXau.so.6.0.0
b6803000-b6804000 r--p 00001000 08:06 262257     /usr/lib/i386-linux-gnu/libXau.so.6.0.0
b6804000-b6805000 rw-p 00002000 08:06 262257     /usr/lib/i386-linux-gnu/libXau.so.6.0.0
b6805000-b6813000 r--s 000d8000 08:06 6425512    /home/igor/git/bubble-fun/libs/gdx.jar
b6813000-b6826000 r--s 00137000 08:06 6425510    /home/igor/git/bubble-fun/libs/gdx-backend-lwjgl.jar
b6826000-b6841000 r--s 00218000 08:06 6425508    /home/igor/git/bubble-fun/libs/gdx-backend-jogl.jar
b6841000-b6858000 r-xp 00000000 08:06 2495606    /usr/local/java/jre1.7.0_03/lib/i386/libzip.so
b6858000-b6859000 rw-p 00017000 08:06 2495606    /usr/local/java/jre1.7.0_03/lib/i386/libzip.so
b6859000-b6864000 r-xp 00000000 08:06 6164527    /lib/i386-linux-gnu/libnss_files-2.15.so
b6864000-b6865000 r--p 0000a000 08:06 6164527    /lib/i386-linux-gnu/libnss_files-2.15.so
b6865000-b6866000 rw-p 0000b000 08:06 6164527    /lib/i386-linux-gnu/libnss_files-2.15.so
b6866000-b6870000 r-xp 00000000 08:06 6165962    /lib/i386-linux-gnu/libnss_nis-2.15.so
b6870000-b6871000 r--p 00009000 08:06 6165962    /lib/i386-linux-gnu/libnss_nis-2.15.so
b6871000-b6872000 rw-p 0000a000 08:06 6165962    /lib/i386-linux-gnu/libnss_nis-2.15.so
b6872000-b6888000 r-xp 00000000 08:06 6168522    /lib/i386-linux-gnu/libnsl-2.15.so
b6888000-b6889000 r--p 00015000 08:06 6168522    /lib/i386-linux-gnu/libnsl-2.15.so
b6889000-b688a000 rw-p 00016000 08:06 6168522    /lib/i386-linux-gnu/libnsl-2.15.so
b688a000-b688c000 rw-p 00000000 00:00 0 
b688c000-b6893000 r-xp 00000000 08:06 6164372    /lib/i386-linux-gnu/libnss_compat-2.15.so
b6893000-b6894000 r--p 00006000 08:06 6164372    /lib/i386-linux-gnu/libnss_compat-2.15.so
b6894000-b6895000 rw-p 00007000 08:06 6164372    /lib/i386-linux-gnu/libnss_compat-2.15.so
b6896000-b6897000 r-xp 00000000 08:06 2495598    /usr/local/java/jre1.7.0_03/lib/i386/libjawt.so
b6897000-b6898000 rw-p 00000000 08:06 2495598    /usr/local/java/jre1.7.0_03/lib/i386/libjawt.so
b6898000-b68a0000 r-xp 00000000 08:06 262692     /usr/lib/i386-linux-gnu/libXrender.so.1.3.0
b68a0000-b68a1000 r--p 00007000 08:06 262692     /usr/lib/i386-linux-gnu/libXrender.so.1.3.0
b68a1000-b68a2000 rw-p 00008000 08:06 262692     /usr/lib/i386-linux-gnu/libXrender.so.1.3.0
b68a2000-b68aa000 rw-s 00000000 08:06 4325406    /tmp/hsperfdata_igor/16975
b68aa000-b68cd000 r-xp 00000000 08:06 2495597    /usr/local/java/jre1.7.0_03/lib/i386/libjava.so
b68cd000-b68ce000 rw-p 00023000 08:06 2495597    /usr/local/java/jre1.7.0_03/lib/i386/libjava.so
b68ce000-b68d5000 r-xp 00000000 08:06 6164536    /lib/i386-linux-gnu/librt-2.15.so
b68d5000-b68d6000 r--p 00006000 08:06 6164536    /lib/i386-linux-gnu/librt-2.15.so
b68d6000-b68d7000 rw-p 00007000 08:06 6164536    /lib/i386-linux-gnu/librt-2.15.so
b68d7000-b68da000 ---p 00000000 00:00 0 
b68da000-b6928000 rw-p 00000000 00:00 0          [stack:16977]
b6928000-b6952000 r-xp 00000000 08:06 6165970    /lib/i386-linux-gnu/libm-2.15.so
b6952000-b6953000 r--p 00029000 08:06 6165970    /lib/i386-linux-gnu/libm-2.15.so
b6953000-b6954000 rw-p 0002a000 08:06 6165970    /lib/i386-linux-gnu/libm-2.15.so
b6954000-b70c2000 r-xp 00000000 08:06 2495574    /usr/local/java/jre1.7.0_03/lib/i386/server/libjvm.so
b70c2000-b7111000 rw-p 0076d000 08:06 2495574    /usr/local/java/jre1.7.0_03/lib/i386/server/libjvm.so
b7111000-b7531000 rw-p 00000000 00:00 0 
b7531000-b76d4000 r-xp 00000000 08:06 6160498    /lib/i386-linux-gnu/libc-2.15.so
b76d4000-b76d5000 ---p 001a3000 08:06 6160498    /lib/i386-linux-gnu/libc-2.15.so
b76d5000-b76d7000 r--p 001a3000 08:06 6160498    /lib/i386-linux-gnu/libc-2.15.so
b76d7000-b76d8000 rw-p 001a5000 08:06 6160498    /lib/i386-linux-gnu/libc-2.15.so
b76d8000-b76db000 rw-p 00000000 00:00 0 
b76db000-b76de000 r-xp 00000000 08:06 6168517    /lib/i386-linux-gnu/libdl-2.15.so
b76de000-b76df000 r--p 00002000 08:06 6168517    /lib/i386-linux-gnu/libdl-2.15.so
b76df000-b76e0000 rw-p 00003000 08:06 6168517    /lib/i386-linux-gnu/libdl-2.15.so
b76e0000-b76f3000 r-xp 00000000 08:06 2495588    /usr/local/java/jre1.7.0_03/lib/i386/jli/libjli.so
b76f3000-b76f4000 rw-p 00012000 08:06 2495588    /usr/local/java/jre1.7.0_03/lib/i386/jli/libjli.so
b76f4000-b76f5000 rw-p 00000000 00:00 0 
b76f5000-b770c000 r-xp 00000000 08:06 6165964    /lib/i386-linux-gnu/libpthread-2.15.so
b770c000-b770d000 r--p 00016000 08:06 6165964    /lib/i386-linux-gnu/libpthread-2.15.so
b770d000-b770e000 rw-p 00017000 08:06 6165964    /lib/i386-linux-gnu/libpthread-2.15.so
b770e000-b7710000 rw-p 00000000 00:00 0 
b7710000-b7711000 rw-s dec03000 00:05 9380       /dev/nvidia0
b7711000-b7712000 r--s 00127000 08:06 6425511    /home/igor/git/bubble-fun/libs/gdx-natives.jar
b7712000-b7713000 r--s 0014e000 08:06 6425509    /home/igor/git/bubble-fun/libs/gdx-backend-lwjgl-natives.jar
b7713000-b7715000 r--s 0022a000 08:06 6425507    /home/igor/git/bubble-fun/libs/gdx-backend-jogl-natives.jar
b7715000-b7716000 r--p 002c5000 08:06 262271     /usr/lib/locale/locale-archive
b7716000-b7717000 rw-p 00000000 00:00 0 
b7717000-b7718000 r--p 00000000 00:00 0 
b7718000-b7724000 r-xp 00000000 08:06 2495589    /usr/local/java/jre1.7.0_03/lib/i386/libverify.so
b7724000-b7725000 rw-p 0000c000 08:06 2495589    /usr/local/java/jre1.7.0_03/lib/i386/libverify.so
b7725000-b7727000 rw-p 00000000 00:00 0 
b7727000-b7728000 r-xp 00000000 00:00 0          [vdso]
b7728000-b7748000 r-xp 00000000 08:06 6165971    /lib/i386-linux-gnu/ld-2.15.so
b7748000-b7749000 r--p 0001f000 08:06 6165971    /lib/i386-linux-gnu/ld-2.15.so
b7749000-b774a000 rw-p 00020000 08:06 6165971    /lib/i386-linux-gnu/ld-2.15.so
bf7ee000-bf80f000 rw-p 00000000 00:00 0          [stack]

VM Arguments:
jvm_args: -Dfile.encoding=UTF-8 
java_command: com.tooflya.bubblefun.game.Application
Launcher Type: SUN_STANDARD

Environment Variables:
JAVA_HOME=/usr/local/java/jre1.7.0_03
PATH=/usr/lib/lightdm/lightdm:/usr/local/sbin:/usr/local/bin:/usr/sbin:/usr/bin:/sbin:/bin:/usr/games:/usr/local/games:/home/igor/bin:/usr/local/java/jdk1.7.0_03/bin:/home/igor/bin:/usr/local/java/jre1.7.0_03/bin
LD_LIBRARY_PATH=/usr/local/java/jre1.7.0_03/lib/i386/server:/usr/local/java/jre1.7.0_03/lib/i386:/usr/local/java/jre1.7.0_03/../lib/i386:/usr/local/java/jre1.7.0_03/lib/i386/client:/usr/local/java/jre1.7.0_03/lib/i386:
SHELL=/bin/bash
DISPLAY=:0.0

Signal Handlers:
SIGSEGV: [libjvm.so+0x6e2860], sa_mask[0]=0x7ffbfeff, sa_flags=0x10000004
SIGBUS: [libjvm.so+0x6e2860], sa_mask[0]=0x7ffbfeff, sa_flags=0x10000004
SIGFPE: [libjvm.so+0x5a3810], sa_mask[0]=0x7ffbfeff, sa_flags=0x10000004
SIGPIPE: [libjvm.so+0x5a3810], sa_mask[0]=0x7ffbfeff, sa_flags=0x10000004
SIGXFSZ: [libjvm.so+0x5a3810], sa_mask[0]=0x7ffbfeff, sa_flags=0x10000004
SIGILL: [libjvm.so+0x5a3810], sa_mask[0]=0x7ffbfeff, sa_flags=0x10000004
SIGUSR1: SIG_DFL, sa_mask[0]=0x00000000, sa_flags=0x00000000
SIGUSR2: [libjvm.so+0x5a3110], sa_mask[0]=0x00000004, sa_flags=0x10000004
SIGHUP: [libjvm.so+0x5a56e0], sa_mask[0]=0x7ffbfeff, sa_flags=0x10000004
SIGINT: [libjvm.so+0x5a56e0], sa_mask[0]=0x7ffbfeff, sa_flags=0x10000004
SIGTERM: [libjvm.so+0x5a56e0], sa_mask[0]=0x7ffbfeff, sa_flags=0x10000004
SIGQUIT: [libjvm.so+0x5a56e0], sa_mask[0]=0x7ffbfeff, sa_flags=0x10000004


---------------  S Y S T E M  ---------------

OS:wheezy/sid

uname:Linux 3.5.0-17-generic #28-Ubuntu SMP Tue Oct 9 19:32:08 UTC 2012 i686
libc:glibc 2.15 NPTL 2.15 
rlimit: STACK 8192k, CORE 0k, NPROC 15505, NOFILE 4096, AS infinity
load average:1.04 0.60 0.47

/proc/meminfo:
MemTotal:        2000188 kB
MemFree:          127296 kB
Buffers:          106652 kB
Cached:           711960 kB
SwapCached:        10344 kB
Active:           819464 kB
Inactive:         899576 kB
Active(anon):     437856 kB
Inactive(anon):   480180 kB
Active(file):     381608 kB
Inactive(file):   419396 kB
Unevictable:       31240 kB
Mlocked:           31240 kB
HighTotal:       1117896 kB
HighFree:          14172 kB
LowTotal:         882292 kB
LowFree:          113124 kB
SwapTotal:       2029564 kB
SwapFree:        1984708 kB
Dirty:              8812 kB
Writeback:             0 kB
AnonPages:        922492 kB
Mapped:           138116 kB
Shmem:             11872 kB
Slab:              60888 kB
SReclaimable:      41932 kB
SUnreclaim:        18956 kB
KernelStack:        3576 kB
PageTables:        10416 kB
NFS_Unstable:          0 kB
Bounce:                0 kB
WritebackTmp:          0 kB
CommitLimit:     3029656 kB
Committed_AS:    3326984 kB
VmallocTotal:     122880 kB
VmallocUsed:       52884 kB
VmallocChunk:      65012 kB
HardwareCorrupted:     0 kB
AnonHugePages:         0 kB
HugePages_Total:       0
HugePages_Free:        0
HugePages_Rsvd:        0
HugePages_Surp:        0
Hugepagesize:       2048 kB
DirectMap4k:      155640 kB
DirectMap2M:      757760 kB


CPU:total 2 (2 cores per cpu, 1 threads per core) family 15 model 107 stepping 2, cmov, cx8, fxsr, mmx, sse, sse2, sse3, mmxext, 3dnowpref

/proc/cpuinfo:
processor	: 0
vendor_id	: AuthenticAMD
cpu family	: 15
model		: 107
model name	: AMD Athlon(tm) 64 X2 Dual Core Processor 4400+
stepping	: 2
cpu MHz		: 2200.254
cache size	: 512 KB
physical id	: 0
siblings	: 2
core id		: 0
cpu cores	: 2
apicid		: 0
initial apicid	: 0
fdiv_bug	: no
hlt_bug		: no
f00f_bug	: no
coma_bug	: no
fpu		: yes
fpu_exception	: yes
cpuid level	: 1
wp		: yes
flags		: fpu vme de pse tsc msr pae mce cx8 apic sep mtrr pge mca cmov pat pse36 clflush mmx fxsr sse sse2 ht syscall nx mmxext fxsr_opt rdtscp lm 3dnowext 3dnow extd_apicid pni cx16 lahf_lm cmp_legacy svm extapic cr8_legacy 3dnowprefetch lbrv
bogomips	: 4400.50
clflush size	: 64
cache_alignment	: 64
address sizes	: 40 bits physical, 48 bits virtual
power management: ts fid vid ttp tm stc 100mhzsteps

processor	: 1
vendor_id	: AuthenticAMD
cpu family	: 15
model		: 107
model name	: AMD Athlon(tm) 64 X2 Dual Core Processor 4400+
stepping	: 2
cpu MHz		: 2200.254
cache size	: 512 KB
physical id	: 0
siblings	: 2
core id		: 1
cpu cores	: 2
apicid		: 1
initial apicid	: 1
fdiv_bug	: no
hlt_bug		: no
f00f_bug	: no
coma_bug	: no
fpu		: yes
fpu_exception	: yes
cpuid level	: 1
wp		: yes
flags		: fpu vme de pse tsc msr pae mce cx8 apic sep mtrr pge mca cmov pat pse36 clflush mmx fxsr sse sse2 ht syscall nx mmxext fxsr_opt rdtscp lm 3dnowext 3dnow extd_apicid pni cx16 lahf_lm cmp_legacy svm extapic cr8_legacy 3dnowprefetch lbrv
bogomips	: 4400.42
clflush size	: 64
cache_alignment	: 64
address sizes	: 40 bits physical, 48 bits virtual
power management: ts fid vid ttp tm stc 100mhzsteps



Memory: 4k page, physical 2000188k(127172k free), swap 2029564k(1984708k free)

vm_info: Java HotSpot(TM) Server VM (22.1-b02) for linux-x86 JRE (1.7.0_03-b04), built on Jan 20 2012 10:08:12 by "java_re" with gcc 4.3.0 20080428 (Red Hat 4.3.0-8)

time: Fri Nov 16 03:24:05 2012
elapsed time: 13 seconds

